2024-10-17 05:33:16,443 DEBUG Generating IR ...... (may take a while)
2024-10-17 05:33:18,350 DEBUG run the attack for training time
2024-10-17 05:33:21,616 DEBUG epoch [1/50], train_loss 0.0423 (0.0504), val_loss 0.0573 (0.0462)
2024-10-17 05:33:24,489 DEBUG epoch [2/50], train_loss 0.0472 (0.0447), val_loss 0.0576 (0.0439)
2024-10-17 05:33:27,324 DEBUG epoch [3/50], train_loss 0.0446 (0.0437), val_loss 0.0410 (0.0434)
2024-10-17 05:33:30,201 DEBUG epoch [4/50], train_loss 0.0457 (0.0434), val_loss 0.0440 (0.0432)
2024-10-17 05:33:33,077 DEBUG epoch [5/50], train_loss 0.0420 (0.0429), val_loss 0.0486 (0.0430)
2024-10-17 05:33:35,937 DEBUG epoch [6/50], train_loss 0.0473 (0.0427), val_loss 0.0421 (0.0427)
2024-10-17 05:33:38,799 DEBUG epoch [7/50], train_loss 0.0437 (0.0426), val_loss 0.0425 (0.0426)
2024-10-17 05:33:41,691 DEBUG epoch [8/50], train_loss 0.0440 (0.0423), val_loss 0.0433 (0.0421)
2024-10-17 05:33:44,569 DEBUG epoch [9/50], train_loss 0.0388 (0.0423), val_loss 0.0393 (0.0419)
2024-10-17 05:33:47,473 DEBUG epoch [10/50], train_loss 0.0416 (0.0422), val_loss 0.0446 (0.0427)
2024-10-17 05:33:50,314 DEBUG epoch [11/50], train_loss 0.0434 (0.0420), val_loss 0.0471 (0.0421)
2024-10-17 05:33:53,157 DEBUG epoch [12/50], train_loss 0.0448 (0.0419), val_loss 0.0471 (0.0425)
2024-10-17 05:33:56,102 DEBUG epoch [13/50], train_loss 0.0427 (0.0418), val_loss 0.0467 (0.0419)
2024-10-17 05:33:59,014 DEBUG epoch [14/50], train_loss 0.0406 (0.0417), val_loss 0.0320 (0.0419)
2024-10-17 05:34:01,875 DEBUG epoch [15/50], train_loss 0.0431 (0.0416), val_loss 0.0499 (0.0419)
2024-10-17 05:34:04,791 DEBUG epoch [16/50], train_loss 0.0430 (0.0415), val_loss 0.0397 (0.0419)
2024-10-17 05:34:07,701 DEBUG epoch [17/50], train_loss 0.0408 (0.0414), val_loss 0.0522 (0.0416)
2024-10-17 05:34:10,571 DEBUG epoch [18/50], train_loss 0.0413 (0.0412), val_loss 0.0407 (0.0418)
2024-10-17 05:34:13,412 DEBUG epoch [19/50], train_loss 0.0412 (0.0412), val_loss 0.0483 (0.0414)
2024-10-17 05:34:16,328 DEBUG epoch [20/50], train_loss 0.0451 (0.0410), val_loss 0.0357 (0.0413)
2024-10-17 05:34:19,233 DEBUG epoch [21/50], train_loss 0.0411 (0.0409), val_loss 0.0414 (0.0415)
2024-10-17 05:34:22,101 DEBUG epoch [22/50], train_loss 0.0443 (0.0408), val_loss 0.0437 (0.0414)
2024-10-17 05:34:25,046 DEBUG epoch [23/50], train_loss 0.0393 (0.0407), val_loss 0.0449 (0.0410)
2024-10-17 05:34:27,923 DEBUG epoch [24/50], train_loss 0.0489 (0.0406), val_loss 0.0471 (0.0410)
2024-10-17 05:34:30,836 DEBUG epoch [25/50], train_loss 0.0413 (0.0405), val_loss 0.0391 (0.0412)
2024-10-17 05:34:33,711 DEBUG epoch [26/50], train_loss 0.0368 (0.0404), val_loss 0.0452 (0.0407)
2024-10-17 05:34:36,580 DEBUG epoch [27/50], train_loss 0.0419 (0.0401), val_loss 0.0425 (0.0410)
2024-10-17 05:34:39,465 DEBUG epoch [28/50], train_loss 0.0390 (0.0401), val_loss 0.0445 (0.0408)
2024-10-17 05:34:42,359 DEBUG epoch [29/50], train_loss 0.0412 (0.0399), val_loss 0.0432 (0.0407)
2024-10-17 05:34:45,279 DEBUG epoch [30/50], train_loss 0.0378 (0.0398), val_loss 0.0426 (0.0406)
2024-10-17 05:34:48,194 DEBUG epoch [31/50], train_loss 0.0429 (0.0397), val_loss 0.0305 (0.0405)
2024-10-17 05:34:51,056 DEBUG epoch [32/50], train_loss 0.0375 (0.0395), val_loss 0.0424 (0.0405)
2024-10-17 05:34:54,036 DEBUG epoch [33/50], train_loss 0.0383 (0.0393), val_loss 0.0524 (0.0403)
2024-10-17 05:34:56,899 DEBUG epoch [34/50], train_loss 0.0404 (0.0392), val_loss 0.0496 (0.0404)
2024-10-17 05:34:59,828 DEBUG epoch [35/50], train_loss 0.0439 (0.0390), val_loss 0.0429 (0.0404)
2024-10-17 05:35:02,715 DEBUG epoch [36/50], train_loss 0.0370 (0.0388), val_loss 0.0479 (0.0402)
2024-10-17 05:35:05,583 DEBUG epoch [37/50], train_loss 0.0381 (0.0386), val_loss 0.0396 (0.0401)
2024-10-17 05:35:08,445 DEBUG epoch [38/50], train_loss 0.0376 (0.0385), val_loss 0.0409 (0.0402)
2024-10-17 05:35:11,380 DEBUG epoch [39/50], train_loss 0.0392 (0.0383), val_loss 0.0441 (0.0400)
2024-10-17 05:35:14,292 DEBUG epoch [40/50], train_loss 0.0419 (0.0382), val_loss 0.0386 (0.0400)
2024-10-17 05:35:17,237 DEBUG epoch [41/50], train_loss 0.0395 (0.0380), val_loss 0.0413 (0.0399)
2024-10-17 05:35:20,158 DEBUG epoch [42/50], train_loss 0.0413 (0.0378), val_loss 0.0376 (0.0398)
2024-10-17 05:35:23,067 DEBUG epoch [43/50], train_loss 0.0390 (0.0377), val_loss 0.0427 (0.0398)
2024-10-17 05:35:25,985 DEBUG epoch [44/50], train_loss 0.0383 (0.0376), val_loss 0.0484 (0.0398)
2024-10-17 05:35:28,853 DEBUG epoch [45/50], train_loss 0.0390 (0.0374), val_loss 0.0380 (0.0398)
2024-10-17 05:35:31,776 DEBUG epoch [46/50], train_loss 0.0366 (0.0373), val_loss 0.0483 (0.0398)
2024-10-17 05:35:34,636 DEBUG epoch [47/50], train_loss 0.0363 (0.0371), val_loss 0.0342 (0.0398)
2024-10-17 05:35:37,528 DEBUG epoch [48/50], train_loss 0.0386 (0.0371), val_loss 0.0455 (0.0398)
2024-10-17 05:35:40,387 DEBUG epoch [49/50], train_loss 0.0376 (0.0371), val_loss 0.0431 (0.0398)
2024-10-17 05:35:43,267 DEBUG epoch [50/50], train_loss 0.0367 (0.0370), val_loss 0.0347 (0.0399)
2024-10-17 05:35:43,267 DEBUG Best Validation Loss is 0.030479444190859795
2024-10-17 05:35:43,709 DEBUG MSE Loss on ALL Image is 0.0396 (Real Attack Results on the Target Client)
2024-10-17 05:35:43,710 DEBUG SSIM Loss on ALL Image is 0.4378 (Real Attack Results on the Target Client)
2024-10-17 05:35:43,710 DEBUG PSNR Loss on ALL Image is 14.0232 (Real Attack Results on the Target Client)
2024-10-17 05:35:43,710 DEBUG run the attack for inference time
2024-10-17 05:35:44,672 DEBUG epoch [1/50], train_loss 0.0614 (0.0651), val_loss 0.0574 (0.0571)
2024-10-17 05:35:45,564 DEBUG epoch [2/50], train_loss 0.0488 (0.0527), val_loss 0.0515 (0.0507)
2024-10-17 05:35:46,465 DEBUG epoch [3/50], train_loss 0.0456 (0.0487), val_loss 0.0484 (0.0481)
2024-10-17 05:35:47,367 DEBUG epoch [4/50], train_loss 0.0510 (0.0469), val_loss 0.0481 (0.0478)
2024-10-17 05:35:48,246 DEBUG epoch [5/50], train_loss 0.0453 (0.0459), val_loss 0.0457 (0.0462)
2024-10-17 05:35:49,101 DEBUG epoch [6/50], train_loss 0.0425 (0.0452), val_loss 0.0467 (0.0455)
2024-10-17 05:35:49,961 DEBUG epoch [7/50], train_loss 0.0399 (0.0448), val_loss 0.0448 (0.0452)
2024-10-17 05:35:50,845 DEBUG epoch [8/50], train_loss 0.0390 (0.0442), val_loss 0.0458 (0.0453)
2024-10-17 05:35:51,731 DEBUG epoch [9/50], train_loss 0.0444 (0.0440), val_loss 0.0456 (0.0449)
2024-10-17 05:35:52,630 DEBUG epoch [10/50], train_loss 0.0416 (0.0434), val_loss 0.0465 (0.0443)
2024-10-17 05:35:53,530 DEBUG epoch [11/50], train_loss 0.0479 (0.0430), val_loss 0.0439 (0.0438)
2024-10-17 05:35:54,394 DEBUG epoch [12/50], train_loss 0.0443 (0.0433), val_loss 0.0439 (0.0440)
2024-10-17 05:35:55,275 DEBUG epoch [13/50], train_loss 0.0419 (0.0425), val_loss 0.0429 (0.0444)
2024-10-17 05:35:56,146 DEBUG epoch [14/50], train_loss 0.0421 (0.0422), val_loss 0.0436 (0.0438)
2024-10-17 05:35:57,043 DEBUG epoch [15/50], train_loss 0.0373 (0.0422), val_loss 0.0446 (0.0440)
2024-10-17 05:35:57,904 DEBUG epoch [16/50], train_loss 0.0386 (0.0420), val_loss 0.0417 (0.0434)
2024-10-17 05:35:58,761 DEBUG epoch [17/50], train_loss 0.0452 (0.0416), val_loss 0.0422 (0.0431)
2024-10-17 05:35:59,623 DEBUG epoch [18/50], train_loss 0.0422 (0.0414), val_loss 0.0444 (0.0432)
2024-10-17 05:36:00,489 DEBUG epoch [19/50], train_loss 0.0418 (0.0412), val_loss 0.0451 (0.0433)
2024-10-17 05:36:01,405 DEBUG epoch [20/50], train_loss 0.0462 (0.0413), val_loss 0.0412 (0.0431)
2024-10-17 05:36:02,271 DEBUG epoch [21/50], train_loss 0.0429 (0.0407), val_loss 0.0434 (0.0425)
2024-10-17 05:36:03,159 DEBUG epoch [22/50], train_loss 0.0453 (0.0403), val_loss 0.0430 (0.0424)
2024-10-17 05:36:04,013 DEBUG epoch [23/50], train_loss 0.0477 (0.0403), val_loss 0.0422 (0.0434)
2024-10-17 05:36:04,899 DEBUG epoch [24/50], train_loss 0.0432 (0.0401), val_loss 0.0415 (0.0426)
2024-10-17 05:36:05,774 DEBUG epoch [25/50], train_loss 0.0405 (0.0399), val_loss 0.0417 (0.0427)
2024-10-17 05:36:06,636 DEBUG epoch [26/50], train_loss 0.0397 (0.0395), val_loss 0.0425 (0.0425)
2024-10-17 05:36:07,521 DEBUG epoch [27/50], train_loss 0.0440 (0.0393), val_loss 0.0433 (0.0426)
2024-10-17 05:36:08,372 DEBUG epoch [28/50], train_loss 0.0361 (0.0393), val_loss 0.0447 (0.0430)
2024-10-17 05:36:09,272 DEBUG epoch [29/50], train_loss 0.0361 (0.0386), val_loss 0.0415 (0.0423)
2024-10-17 05:36:10,192 DEBUG epoch [30/50], train_loss 0.0364 (0.0384), val_loss 0.0425 (0.0429)
2024-10-17 05:36:11,074 DEBUG epoch [31/50], train_loss 0.0460 (0.0387), val_loss 0.0430 (0.0428)
2024-10-17 05:36:11,950 DEBUG epoch [32/50], train_loss 0.0366 (0.0387), val_loss 0.0405 (0.0425)
2024-10-17 05:36:12,817 DEBUG epoch [33/50], train_loss 0.0378 (0.0378), val_loss 0.0432 (0.0426)
2024-10-17 05:36:13,674 DEBUG epoch [34/50], train_loss 0.0374 (0.0375), val_loss 0.0421 (0.0421)
2024-10-17 05:36:14,547 DEBUG epoch [35/50], train_loss 0.0405 (0.0372), val_loss 0.0412 (0.0423)
2024-10-17 05:36:15,437 DEBUG epoch [36/50], train_loss 0.0378 (0.0368), val_loss 0.0433 (0.0429)
2024-10-17 05:36:16,292 DEBUG epoch [37/50], train_loss 0.0393 (0.0366), val_loss 0.0439 (0.0432)
2024-10-17 05:36:17,156 DEBUG epoch [38/50], train_loss 0.0419 (0.0362), val_loss 0.0431 (0.0426)
2024-10-17 05:36:18,041 DEBUG epoch [39/50], train_loss 0.0402 (0.0360), val_loss 0.0414 (0.0429)
2024-10-17 05:36:18,938 DEBUG epoch [40/50], train_loss 0.0377 (0.0355), val_loss 0.0402 (0.0433)
2024-10-17 05:36:19,809 DEBUG epoch [41/50], train_loss 0.0348 (0.0354), val_loss 0.0422 (0.0425)
2024-10-17 05:36:20,673 DEBUG epoch [42/50], train_loss 0.0352 (0.0350), val_loss 0.0430 (0.0425)
2024-10-17 05:36:21,536 DEBUG epoch [43/50], train_loss 0.0388 (0.0347), val_loss 0.0461 (0.0440)
2024-10-17 05:36:22,415 DEBUG epoch [44/50], train_loss 0.0376 (0.0345), val_loss 0.0438 (0.0434)
2024-10-17 05:36:23,294 DEBUG epoch [45/50], train_loss 0.0306 (0.0344), val_loss 0.0439 (0.0433)
2024-10-17 05:36:24,151 DEBUG epoch [46/50], train_loss 0.0344 (0.0341), val_loss 0.0410 (0.0431)
2024-10-17 05:36:25,070 DEBUG epoch [47/50], train_loss 0.0343 (0.0339), val_loss 0.0435 (0.0435)
2024-10-17 05:36:25,920 DEBUG epoch [48/50], train_loss 0.0373 (0.0337), val_loss 0.0431 (0.0441)
2024-10-17 05:36:26,809 DEBUG epoch [49/50], train_loss 0.0329 (0.0337), val_loss 0.0435 (0.0436)
2024-10-17 05:36:27,714 DEBUG epoch [50/50], train_loss 0.0367 (0.0336), val_loss 0.0421 (0.0436)
2024-10-17 05:36:27,715 DEBUG Best Validation Loss is 0.03994552791118622
2024-10-17 05:36:27,978 DEBUG MSE Loss on ALL Image is 0.0430 (Real Attack Results on the Target Client)
2024-10-17 05:36:27,978 DEBUG SSIM Loss on ALL Image is 0.4261 (Real Attack Results on the Target Client)
2024-10-17 05:36:27,978 DEBUG PSNR Loss on ALL Image is 13.6631 (Real Attack Results on the Target Client)
