2024-10-15 11:11:51,411 DEBUG Generating IR ...... (may take a while)
2024-10-15 11:11:53,134 DEBUG run the attack for training time
2024-10-15 11:11:56,279 DEBUG epoch [1/50], train_loss 0.0074 (0.0121), val_loss 0.0079 (0.0072)
2024-10-15 11:11:59,158 DEBUG epoch [2/50], train_loss 0.0059 (0.0066), val_loss 0.0083 (0.0064)
2024-10-15 11:12:02,070 DEBUG epoch [3/50], train_loss 0.0064 (0.0060), val_loss 0.0070 (0.0061)
2024-10-15 11:12:04,935 DEBUG epoch [4/50], train_loss 0.0063 (0.0058), val_loss 0.0075 (0.0060)
2024-10-15 11:12:07,772 DEBUG epoch [5/50], train_loss 0.0060 (0.0057), val_loss 0.0069 (0.0057)
2024-10-15 11:12:10,730 DEBUG epoch [6/50], train_loss 0.0059 (0.0055), val_loss 0.0072 (0.0056)
2024-10-15 11:12:13,615 DEBUG epoch [7/50], train_loss 0.0060 (0.0055), val_loss 0.0080 (0.0055)
2024-10-15 11:12:16,536 DEBUG epoch [8/50], train_loss 0.0057 (0.0054), val_loss 0.0089 (0.0055)
2024-10-15 11:12:19,519 DEBUG epoch [9/50], train_loss 0.0049 (0.0053), val_loss 0.0070 (0.0054)
2024-10-15 11:12:22,604 DEBUG epoch [10/50], train_loss 0.0055 (0.0052), val_loss 0.0085 (0.0056)
2024-10-15 11:12:25,461 DEBUG epoch [11/50], train_loss 0.0056 (0.0052), val_loss 0.0074 (0.0053)
2024-10-15 11:12:28,358 DEBUG epoch [12/50], train_loss 0.0051 (0.0051), val_loss 0.0054 (0.0052)
2024-10-15 11:12:31,363 DEBUG epoch [13/50], train_loss 0.0059 (0.0051), val_loss 0.0054 (0.0053)
2024-10-15 11:12:34,224 DEBUG epoch [14/50], train_loss 0.0054 (0.0051), val_loss 0.0051 (0.0052)
2024-10-15 11:12:37,066 DEBUG epoch [15/50], train_loss 0.0056 (0.0050), val_loss 0.0063 (0.0051)
2024-10-15 11:12:39,936 DEBUG epoch [16/50], train_loss 0.0056 (0.0050), val_loss 0.0049 (0.0052)
2024-10-15 11:12:42,853 DEBUG epoch [17/50], train_loss 0.0052 (0.0050), val_loss 0.0062 (0.0051)
2024-10-15 11:12:45,766 DEBUG epoch [18/50], train_loss 0.0051 (0.0049), val_loss 0.0099 (0.0051)
2024-10-15 11:12:48,640 DEBUG epoch [19/50], train_loss 0.0056 (0.0049), val_loss 0.0067 (0.0052)
2024-10-15 11:12:51,638 DEBUG epoch [20/50], train_loss 0.0057 (0.0049), val_loss 0.0050 (0.0051)
2024-10-15 11:12:54,476 DEBUG epoch [21/50], train_loss 0.0050 (0.0048), val_loss 0.0053 (0.0050)
2024-10-15 11:12:57,299 DEBUG epoch [22/50], train_loss 0.0052 (0.0048), val_loss 0.0056 (0.0052)
2024-10-15 11:13:00,294 DEBUG epoch [23/50], train_loss 0.0046 (0.0048), val_loss 0.0048 (0.0048)
2024-10-15 11:13:03,163 DEBUG epoch [24/50], train_loss 0.0061 (0.0047), val_loss 0.0063 (0.0049)
2024-10-15 11:13:06,036 DEBUG epoch [25/50], train_loss 0.0054 (0.0047), val_loss 0.0066 (0.0048)
2024-10-15 11:13:09,035 DEBUG epoch [26/50], train_loss 0.0042 (0.0047), val_loss 0.0059 (0.0048)
2024-10-15 11:13:11,931 DEBUG epoch [27/50], train_loss 0.0046 (0.0046), val_loss 0.0063 (0.0047)
2024-10-15 11:13:14,770 DEBUG epoch [28/50], train_loss 0.0042 (0.0046), val_loss 0.0057 (0.0047)
2024-10-15 11:13:17,776 DEBUG epoch [29/50], train_loss 0.0051 (0.0045), val_loss 0.0051 (0.0047)
2024-10-15 11:13:20,688 DEBUG epoch [30/50], train_loss 0.0048 (0.0045), val_loss 0.0055 (0.0046)
2024-10-15 11:13:23,581 DEBUG epoch [31/50], train_loss 0.0048 (0.0045), val_loss 0.0055 (0.0046)
2024-10-15 11:13:26,548 DEBUG epoch [32/50], train_loss 0.0041 (0.0044), val_loss 0.0050 (0.0046)
2024-10-15 11:13:29,543 DEBUG epoch [33/50], train_loss 0.0040 (0.0044), val_loss 0.0100 (0.0045)
2024-10-15 11:13:32,449 DEBUG epoch [34/50], train_loss 0.0042 (0.0043), val_loss 0.0060 (0.0045)
2024-10-15 11:13:35,434 DEBUG epoch [35/50], train_loss 0.0049 (0.0043), val_loss 0.0076 (0.0045)
2024-10-15 11:13:38,356 DEBUG epoch [36/50], train_loss 0.0044 (0.0042), val_loss 0.0049 (0.0044)
2024-10-15 11:13:41,263 DEBUG epoch [37/50], train_loss 0.0043 (0.0042), val_loss 0.0046 (0.0044)
2024-10-15 11:13:44,247 DEBUG epoch [38/50], train_loss 0.0043 (0.0041), val_loss 0.0057 (0.0043)
2024-10-15 11:13:47,208 DEBUG epoch [39/50], train_loss 0.0048 (0.0041), val_loss 0.0040 (0.0043)
2024-10-15 11:13:50,178 DEBUG epoch [40/50], train_loss 0.0048 (0.0040), val_loss 0.0043 (0.0043)
2024-10-15 11:13:53,026 DEBUG epoch [41/50], train_loss 0.0058 (0.0040), val_loss 0.0048 (0.0042)
2024-10-15 11:13:55,954 DEBUG epoch [42/50], train_loss 0.0048 (0.0039), val_loss 0.0046 (0.0041)
2024-10-15 11:13:58,846 DEBUG epoch [43/50], train_loss 0.0038 (0.0039), val_loss 0.0043 (0.0041)
2024-10-15 11:14:01,752 DEBUG epoch [44/50], train_loss 0.0038 (0.0038), val_loss 0.0048 (0.0041)
2024-10-15 11:14:04,736 DEBUG epoch [45/50], train_loss 0.0043 (0.0038), val_loss 0.0051 (0.0041)
2024-10-15 11:14:07,607 DEBUG epoch [46/50], train_loss 0.0046 (0.0037), val_loss 0.0044 (0.0041)
2024-10-15 11:14:10,528 DEBUG epoch [47/50], train_loss 0.0035 (0.0037), val_loss 0.0039 (0.0041)
2024-10-15 11:14:13,543 DEBUG epoch [48/50], train_loss 0.0037 (0.0037), val_loss 0.0056 (0.0041)
2024-10-15 11:14:16,425 DEBUG epoch [49/50], train_loss 0.0038 (0.0037), val_loss 0.0084 (0.0041)
2024-10-15 11:14:19,345 DEBUG epoch [50/50], train_loss 0.0038 (0.0036), val_loss 0.0046 (0.0041)
2024-10-15 11:14:19,345 DEBUG Best Validation Loss is 0.0036374288611114025
2024-10-15 11:14:19,769 DEBUG MSE Loss on ALL Image is 0.0040 (Real Attack Results on the Target Client)
2024-10-15 11:14:19,769 DEBUG SSIM Loss on ALL Image is 0.8632 (Real Attack Results on the Target Client)
2024-10-15 11:14:19,769 DEBUG PSNR Loss on ALL Image is 24.0164 (Real Attack Results on the Target Client)
2024-10-15 11:14:19,770 DEBUG run the attack for inference time
2024-10-15 11:14:20,852 DEBUG epoch [1/50], train_loss 0.0164 (0.0302), val_loss 0.0152 (0.0147)
2024-10-15 11:14:21,770 DEBUG epoch [2/50], train_loss 0.0100 (0.0118), val_loss 0.0101 (0.0098)
2024-10-15 11:14:22,709 DEBUG epoch [3/50], train_loss 0.0077 (0.0090), val_loss 0.0085 (0.0083)
2024-10-15 11:14:23,583 DEBUG epoch [4/50], train_loss 0.0086 (0.0079), val_loss 0.0078 (0.0079)
2024-10-15 11:14:24,476 DEBUG epoch [5/50], train_loss 0.0075 (0.0074), val_loss 0.0078 (0.0077)
2024-10-15 11:14:25,403 DEBUG epoch [6/50], train_loss 0.0067 (0.0070), val_loss 0.0073 (0.0070)
2024-10-15 11:14:26,287 DEBUG epoch [7/50], train_loss 0.0067 (0.0066), val_loss 0.0066 (0.0066)
2024-10-15 11:14:27,144 DEBUG epoch [8/50], train_loss 0.0061 (0.0065), val_loss 0.0069 (0.0066)
2024-10-15 11:14:27,995 DEBUG epoch [9/50], train_loss 0.0065 (0.0061), val_loss 0.0069 (0.0067)
2024-10-15 11:14:28,899 DEBUG epoch [10/50], train_loss 0.0062 (0.0060), val_loss 0.0066 (0.0062)
2024-10-15 11:14:29,806 DEBUG epoch [11/50], train_loss 0.0067 (0.0059), val_loss 0.0060 (0.0062)
2024-10-15 11:14:30,719 DEBUG epoch [12/50], train_loss 0.0068 (0.0058), val_loss 0.0064 (0.0063)
2024-10-15 11:14:31,597 DEBUG epoch [13/50], train_loss 0.0068 (0.0057), val_loss 0.0061 (0.0062)
2024-10-15 11:14:32,459 DEBUG epoch [14/50], train_loss 0.0071 (0.0056), val_loss 0.0061 (0.0064)
2024-10-15 11:14:33,321 DEBUG epoch [15/50], train_loss 0.0063 (0.0055), val_loss 0.0065 (0.0063)
2024-10-15 11:14:34,211 DEBUG epoch [16/50], train_loss 0.0081 (0.0057), val_loss 0.0057 (0.0061)
2024-10-15 11:14:35,081 DEBUG epoch [17/50], train_loss 0.0079 (0.0055), val_loss 0.0058 (0.0063)
2024-10-15 11:14:35,966 DEBUG epoch [18/50], train_loss 0.0058 (0.0054), val_loss 0.0059 (0.0059)
2024-10-15 11:14:36,851 DEBUG epoch [19/50], train_loss 0.0049 (0.0051), val_loss 0.0060 (0.0057)
2024-10-15 11:14:37,722 DEBUG epoch [20/50], train_loss 0.0064 (0.0051), val_loss 0.0060 (0.0061)
2024-10-15 11:14:38,623 DEBUG epoch [21/50], train_loss 0.0058 (0.0052), val_loss 0.0062 (0.0058)
2024-10-15 11:14:39,531 DEBUG epoch [22/50], train_loss 0.0064 (0.0050), val_loss 0.0059 (0.0060)
2024-10-15 11:14:40,496 DEBUG epoch [23/50], train_loss 0.0067 (0.0050), val_loss 0.0055 (0.0056)
2024-10-15 11:14:41,365 DEBUG epoch [24/50], train_loss 0.0051 (0.0049), val_loss 0.0055 (0.0055)
2024-10-15 11:14:42,251 DEBUG epoch [25/50], train_loss 0.0051 (0.0048), val_loss 0.0056 (0.0057)
2024-10-15 11:14:43,157 DEBUG epoch [26/50], train_loss 0.0046 (0.0048), val_loss 0.0060 (0.0056)
2024-10-15 11:14:44,040 DEBUG epoch [27/50], train_loss 0.0051 (0.0047), val_loss 0.0055 (0.0055)
2024-10-15 11:14:44,889 DEBUG epoch [28/50], train_loss 0.0042 (0.0046), val_loss 0.0055 (0.0056)
2024-10-15 11:14:45,826 DEBUG epoch [29/50], train_loss 0.0055 (0.0045), val_loss 0.0052 (0.0054)
2024-10-15 11:14:46,704 DEBUG epoch [30/50], train_loss 0.0045 (0.0044), val_loss 0.0058 (0.0055)
2024-10-15 11:14:47,610 DEBUG epoch [31/50], train_loss 0.0056 (0.0044), val_loss 0.0056 (0.0054)
2024-10-15 11:14:48,534 DEBUG epoch [32/50], train_loss 0.0054 (0.0044), val_loss 0.0054 (0.0054)
2024-10-15 11:14:49,439 DEBUG epoch [33/50], train_loss 0.0044 (0.0043), val_loss 0.0056 (0.0053)
2024-10-15 11:14:50,319 DEBUG epoch [34/50], train_loss 0.0046 (0.0042), val_loss 0.0052 (0.0053)
2024-10-15 11:14:51,185 DEBUG epoch [35/50], train_loss 0.0042 (0.0041), val_loss 0.0052 (0.0053)
2024-10-15 11:14:52,112 DEBUG epoch [36/50], train_loss 0.0044 (0.0041), val_loss 0.0051 (0.0052)
2024-10-15 11:14:52,990 DEBUG epoch [37/50], train_loss 0.0042 (0.0040), val_loss 0.0051 (0.0052)
2024-10-15 11:14:53,885 DEBUG epoch [38/50], train_loss 0.0041 (0.0039), val_loss 0.0055 (0.0052)
2024-10-15 11:14:54,756 DEBUG epoch [39/50], train_loss 0.0049 (0.0038), val_loss 0.0050 (0.0052)
2024-10-15 11:14:55,636 DEBUG epoch [40/50], train_loss 0.0042 (0.0038), val_loss 0.0054 (0.0053)
2024-10-15 11:14:56,503 DEBUG epoch [41/50], train_loss 0.0035 (0.0037), val_loss 0.0051 (0.0052)
2024-10-15 11:14:57,413 DEBUG epoch [42/50], train_loss 0.0046 (0.0036), val_loss 0.0053 (0.0053)
2024-10-15 11:14:58,349 DEBUG epoch [43/50], train_loss 0.0054 (0.0036), val_loss 0.0055 (0.0054)
2024-10-15 11:14:59,219 DEBUG epoch [44/50], train_loss 0.0039 (0.0036), val_loss 0.0052 (0.0052)
2024-10-15 11:15:00,096 DEBUG epoch [45/50], train_loss 0.0031 (0.0035), val_loss 0.0055 (0.0052)
2024-10-15 11:15:00,961 DEBUG epoch [46/50], train_loss 0.0046 (0.0035), val_loss 0.0052 (0.0054)
2024-10-15 11:15:01,876 DEBUG epoch [47/50], train_loss 0.0037 (0.0034), val_loss 0.0053 (0.0052)
2024-10-15 11:15:02,745 DEBUG epoch [48/50], train_loss 0.0039 (0.0034), val_loss 0.0052 (0.0052)
2024-10-15 11:15:03,618 DEBUG epoch [49/50], train_loss 0.0034 (0.0034), val_loss 0.0054 (0.0052)
2024-10-15 11:15:04,519 DEBUG epoch [50/50], train_loss 0.0054 (0.0034), val_loss 0.0052 (0.0053)
2024-10-15 11:15:04,519 DEBUG Best Validation Loss is 0.0047623878344893456
2024-10-15 11:15:04,736 DEBUG MSE Loss on ALL Image is 0.0051 (Real Attack Results on the Target Client)
2024-10-15 11:15:04,736 DEBUG SSIM Loss on ALL Image is 0.8346 (Real Attack Results on the Target Client)
2024-10-15 11:15:04,736 DEBUG PSNR Loss on ALL Image is 22.9460 (Real Attack Results on the Target Client)
2025-01-25 17:14:16,510 DEBUG Generating IR ...... (may take a while)
2025-01-25 17:14:18,168 DEBUG run the attack for training time
2025-01-25 17:14:21,291 DEBUG epoch [1/50], train_loss 0.0101 (0.0181), val_loss 0.0099 (0.0102)
2025-01-25 17:14:24,217 DEBUG epoch [2/50], train_loss 0.0092 (0.0098), val_loss 0.0094 (0.0096)
2025-01-25 17:14:27,085 DEBUG epoch [3/50], train_loss 0.0089 (0.0094), val_loss 0.0085 (0.0092)
2025-01-25 17:14:29,962 DEBUG epoch [4/50], train_loss 0.0100 (0.0093), val_loss 0.0100 (0.0095)
2025-01-25 17:14:32,805 DEBUG epoch [5/50], train_loss 0.0090 (0.0094), val_loss 0.0097 (0.0095)
2025-01-25 17:14:35,631 DEBUG epoch [6/50], train_loss 0.0091 (0.0095), val_loss 0.0101 (0.0094)
2025-01-25 17:14:38,482 DEBUG epoch [7/50], train_loss 0.0098 (0.0096), val_loss 0.0089 (0.0094)
2025-01-25 17:14:41,347 DEBUG epoch [8/50], train_loss 0.0093 (0.0096), val_loss 0.0083 (0.0094)
2025-01-25 17:14:44,191 DEBUG epoch [9/50], train_loss 0.0106 (0.0096), val_loss 0.0100 (0.0099)
2025-01-25 17:16:25,215 DEBUG Generating IR ...... (may take a while)
2025-01-25 17:16:26,850 DEBUG run the attack for training time
2025-01-25 17:16:29,946 DEBUG epoch [1/50], train_loss 0.0097 (0.0179), val_loss 0.0101 (0.0102)
2025-01-25 17:16:32,819 DEBUG epoch [2/50], train_loss 0.0091 (0.0098), val_loss 0.0090 (0.0093)
