2024-08-21 15:30:53,463 DEBUG Generating IR ...... (may take a while)
2024-08-21 15:31:04,656 DEBUG epoch [1/30], train_loss 0.0346 (0.0605), val_loss 0.0338 (0.0336)
2024-08-21 15:31:05,554 DEBUG epoch [2/30], train_loss 0.0240 (0.0283), val_loss 0.0245 (0.0241)
2024-08-21 15:31:06,413 DEBUG epoch [3/30], train_loss 0.0205 (0.0226), val_loss 0.0212 (0.0210)
2024-08-21 15:31:07,228 DEBUG epoch [4/30], train_loss 0.0187 (0.0202), val_loss 0.0194 (0.0191)
2024-08-21 15:31:08,089 DEBUG epoch [5/30], train_loss 0.0179 (0.0188), val_loss 0.0185 (0.0182)
2024-08-21 15:31:08,905 DEBUG epoch [6/30], train_loss 0.0168 (0.0178), val_loss 0.0177 (0.0175)
2024-08-21 15:31:09,753 DEBUG epoch [7/30], train_loss 0.0163 (0.0172), val_loss 0.0170 (0.0168)
2024-08-21 15:31:10,599 DEBUG epoch [8/30], train_loss 0.0159 (0.0167), val_loss 0.0165 (0.0163)
2024-08-21 15:31:11,439 DEBUG epoch [9/30], train_loss 0.0156 (0.0163), val_loss 0.0163 (0.0160)
2024-08-21 15:31:12,369 DEBUG epoch [10/30], train_loss 0.0153 (0.0160), val_loss 0.0161 (0.0158)
2024-08-21 15:31:13,239 DEBUG epoch [11/30], train_loss 0.0152 (0.0157), val_loss 0.0157 (0.0155)
2024-08-21 15:31:14,085 DEBUG epoch [12/30], train_loss 0.0150 (0.0156), val_loss 0.0156 (0.0153)
2024-08-21 15:31:14,884 DEBUG epoch [13/30], train_loss 0.0148 (0.0154), val_loss 0.0155 (0.0154)
2024-08-21 15:31:15,704 DEBUG epoch [14/30], train_loss 0.0146 (0.0152), val_loss 0.0154 (0.0151)
2024-08-21 15:31:16,532 DEBUG epoch [15/30], train_loss 0.0145 (0.0151), val_loss 0.0153 (0.0150)
2024-08-21 15:31:17,393 DEBUG epoch [16/30], train_loss 0.0143 (0.0150), val_loss 0.0152 (0.0150)
2024-08-21 15:31:18,265 DEBUG epoch [17/30], train_loss 0.0142 (0.0149), val_loss 0.0151 (0.0150)
2024-08-21 15:31:19,081 DEBUG epoch [18/30], train_loss 0.0143 (0.0149), val_loss 0.0151 (0.0148)
2024-08-21 15:31:19,888 DEBUG epoch [19/30], train_loss 0.0143 (0.0148), val_loss 0.0150 (0.0148)
2024-08-21 15:31:20,788 DEBUG epoch [20/30], train_loss 0.0143 (0.0147), val_loss 0.0149 (0.0148)
2024-08-21 15:31:21,636 DEBUG epoch [21/30], train_loss 0.0141 (0.0147), val_loss 0.0150 (0.0147)
2024-08-21 15:31:22,447 DEBUG epoch [22/30], train_loss 0.0142 (0.0146), val_loss 0.0149 (0.0147)
2024-08-21 15:31:23,303 DEBUG epoch [23/30], train_loss 0.0141 (0.0146), val_loss 0.0150 (0.0146)
2024-08-21 15:31:24,127 DEBUG epoch [24/30], train_loss 0.0141 (0.0146), val_loss 0.0150 (0.0147)
2024-08-21 15:31:24,936 DEBUG epoch [25/30], train_loss 0.0141 (0.0146), val_loss 0.0148 (0.0146)
2024-08-21 15:31:25,790 DEBUG epoch [26/30], train_loss 0.0141 (0.0145), val_loss 0.0147 (0.0146)
2024-08-21 15:31:26,630 DEBUG epoch [27/30], train_loss 0.0139 (0.0146), val_loss 0.0147 (0.0145)
2024-08-21 15:31:27,454 DEBUG epoch [28/30], train_loss 0.0140 (0.0145), val_loss 0.0147 (0.0145)
2024-08-21 15:31:28,313 DEBUG epoch [29/30], train_loss 0.0139 (0.0145), val_loss 0.0148 (0.0146)
2024-08-21 15:31:29,329 DEBUG epoch [30/30], train_loss 0.0139 (0.0145), val_loss 0.0148 (0.0146)
2024-08-21 15:31:29,329 DEBUG Best Validation Loss is 0.01423863135278225
2024-08-21 15:31:29,603 DEBUG MSE Loss on ALL Image is 0.0145 (Real Attack Results on the Target Client)
2024-08-21 15:31:29,604 DEBUG SSIM Loss on ALL Image is 0.6435 (Real Attack Results on the Target Client)
2024-08-21 15:31:29,604 DEBUG PSNR Loss on ALL Image is 18.3919 (Real Attack Results on the Target Client)
2024-08-21 16:31:10,285 DEBUG Generating IR ...... (may take a while)
2024-08-21 16:31:12,329 DEBUG run the attack for training time
2024-08-21 16:31:15,604 DEBUG epoch [1/50], train_loss 0.0401 (0.0485), val_loss 0.0406 (0.0418)
2024-08-21 16:31:18,652 DEBUG epoch [2/50], train_loss 0.0402 (0.0404), val_loss 0.0419 (0.0394)
2024-08-21 16:31:21,706 DEBUG epoch [3/50], train_loss 0.0403 (0.0390), val_loss 0.0350 (0.0387)
2024-08-21 16:31:24,838 DEBUG epoch [4/50], train_loss 0.0376 (0.0381), val_loss 0.0355 (0.0377)
2024-08-21 16:31:27,845 DEBUG epoch [5/50], train_loss 0.0366 (0.0376), val_loss 0.0414 (0.0376)
2024-08-21 16:31:30,843 DEBUG epoch [6/50], train_loss 0.0378 (0.0372), val_loss 0.0632 (0.0373)
2024-08-21 16:31:33,891 DEBUG epoch [7/50], train_loss 0.0362 (0.0368), val_loss 0.0403 (0.0370)
2024-08-21 16:31:36,856 DEBUG epoch [8/50], train_loss 0.0364 (0.0364), val_loss 0.0369 (0.0368)
2024-08-21 16:31:39,907 DEBUG epoch [9/50], train_loss 0.0381 (0.0363), val_loss 0.0415 (0.0368)
2024-08-21 16:31:43,002 DEBUG epoch [10/50], train_loss 0.0391 (0.0360), val_loss 0.0357 (0.0369)
2024-08-21 16:31:46,053 DEBUG epoch [11/50], train_loss 0.0324 (0.0359), val_loss 0.0372 (0.0359)
2024-08-21 16:31:49,251 DEBUG epoch [12/50], train_loss 0.0365 (0.0356), val_loss 0.0304 (0.0359)
2024-08-21 16:31:52,298 DEBUG epoch [13/50], train_loss 0.0343 (0.0355), val_loss 0.0456 (0.0356)
2024-08-21 16:31:55,357 DEBUG epoch [14/50], train_loss 0.0345 (0.0353), val_loss 0.0371 (0.0354)
2024-08-21 16:31:58,544 DEBUG epoch [15/50], train_loss 0.0346 (0.0351), val_loss 0.0333 (0.0355)
2024-08-21 16:32:01,639 DEBUG epoch [16/50], train_loss 0.0348 (0.0349), val_loss 0.0402 (0.0358)
2024-08-21 16:32:04,709 DEBUG epoch [17/50], train_loss 0.0375 (0.0349), val_loss 0.0383 (0.0356)
2024-08-21 16:32:07,870 DEBUG epoch [18/50], train_loss 0.0359 (0.0345), val_loss 0.0476 (0.0352)
2024-08-21 16:32:10,867 DEBUG epoch [19/50], train_loss 0.0379 (0.0344), val_loss 0.0371 (0.0351)
2024-08-21 16:32:13,884 DEBUG epoch [20/50], train_loss 0.0377 (0.0343), val_loss 0.0346 (0.0348)
2024-08-21 16:32:16,857 DEBUG epoch [21/50], train_loss 0.0350 (0.0340), val_loss 0.0338 (0.0346)
2024-08-21 16:32:19,845 DEBUG epoch [22/50], train_loss 0.0336 (0.0340), val_loss 0.0307 (0.0345)
2024-08-21 16:32:22,823 DEBUG epoch [23/50], train_loss 0.0343 (0.0337), val_loss 0.0393 (0.0345)
2024-08-21 16:32:25,872 DEBUG epoch [24/50], train_loss 0.0329 (0.0335), val_loss 0.0385 (0.0342)
2024-08-21 16:32:28,969 DEBUG epoch [25/50], train_loss 0.0293 (0.0333), val_loss 0.0338 (0.0344)
2024-08-21 16:32:32,064 DEBUG epoch [26/50], train_loss 0.0319 (0.0330), val_loss 0.0347 (0.0340)
2024-08-21 16:32:35,214 DEBUG epoch [27/50], train_loss 0.0310 (0.0329), val_loss 0.0379 (0.0336)
2024-08-21 16:32:38,272 DEBUG epoch [28/50], train_loss 0.0345 (0.0328), val_loss 0.0366 (0.0339)
2024-08-21 16:32:41,407 DEBUG epoch [29/50], train_loss 0.0371 (0.0326), val_loss 0.0417 (0.0337)
2024-08-21 16:32:44,561 DEBUG epoch [30/50], train_loss 0.0320 (0.0323), val_loss 0.0299 (0.0335)
2024-08-21 16:32:47,741 DEBUG epoch [31/50], train_loss 0.0329 (0.0320), val_loss 0.0270 (0.0333)
2024-08-21 16:32:50,807 DEBUG epoch [32/50], train_loss 0.0318 (0.0318), val_loss 0.0439 (0.0329)
2024-08-21 16:32:53,840 DEBUG epoch [33/50], train_loss 0.0282 (0.0315), val_loss 0.0568 (0.0334)
2024-08-21 16:32:56,814 DEBUG epoch [34/50], train_loss 0.0320 (0.0314), val_loss 0.0376 (0.0330)
2024-08-21 16:32:59,787 DEBUG epoch [35/50], train_loss 0.0320 (0.0312), val_loss 0.0349 (0.0325)
2024-08-21 16:33:02,937 DEBUG epoch [36/50], train_loss 0.0292 (0.0308), val_loss 0.0300 (0.0326)
2024-08-21 16:33:06,317 DEBUG epoch [37/50], train_loss 0.0284 (0.0306), val_loss 0.0315 (0.0323)
2024-08-21 16:33:09,540 DEBUG epoch [38/50], train_loss 0.0309 (0.0303), val_loss 0.0335 (0.0321)
2024-08-21 16:33:12,523 DEBUG epoch [39/50], train_loss 0.0311 (0.0302), val_loss 0.0231 (0.0322)
2024-08-21 16:33:15,503 DEBUG epoch [40/50], train_loss 0.0310 (0.0300), val_loss 0.0349 (0.0319)
2024-08-21 16:33:18,561 DEBUG epoch [41/50], train_loss 0.0293 (0.0297), val_loss 0.0351 (0.0319)
2024-08-21 16:33:21,495 DEBUG epoch [42/50], train_loss 0.0298 (0.0295), val_loss 0.0304 (0.0318)
2024-08-21 16:33:24,419 DEBUG epoch [43/50], train_loss 0.0298 (0.0294), val_loss 0.0377 (0.0316)
2024-08-21 16:33:27,381 DEBUG epoch [44/50], train_loss 0.0266 (0.0291), val_loss 0.0360 (0.0316)
2024-08-21 16:33:30,364 DEBUG epoch [45/50], train_loss 0.0286 (0.0290), val_loss 0.0323 (0.0315)
2024-08-21 16:33:33,359 DEBUG epoch [46/50], train_loss 0.0285 (0.0289), val_loss 0.0313 (0.0314)
2024-08-21 16:33:36,370 DEBUG epoch [47/50], train_loss 0.0305 (0.0288), val_loss 0.0426 (0.0313)
2024-08-21 16:33:39,333 DEBUG epoch [48/50], train_loss 0.0288 (0.0286), val_loss 0.0362 (0.0314)
2024-08-21 16:33:42,386 DEBUG epoch [49/50], train_loss 0.0308 (0.0286), val_loss 0.0275 (0.0313)
2024-08-21 16:33:45,484 DEBUG epoch [50/50], train_loss 0.0317 (0.0285), val_loss 0.0380 (0.0315)
2024-08-21 16:33:45,485 DEBUG Best Validation Loss is 0.0230608768761158
2024-08-21 16:33:45,944 DEBUG MSE Loss on ALL Image is 0.0311 (Real Attack Results on the Target Client)
2024-08-21 16:33:45,944 DEBUG SSIM Loss on ALL Image is 0.5251 (Real Attack Results on the Target Client)
2024-08-21 16:33:45,944 DEBUG PSNR Loss on ALL Image is 15.0799 (Real Attack Results on the Target Client)
2024-08-21 16:33:45,945 DEBUG run the attack for inference time
2024-08-21 16:33:46,983 DEBUG epoch [1/50], train_loss 0.0574 (0.0643), val_loss 0.0545 (0.0550)
2024-08-21 16:33:47,993 DEBUG epoch [2/50], train_loss 0.0542 (0.0504), val_loss 0.0500 (0.0495)
2024-08-21 16:33:48,938 DEBUG epoch [3/50], train_loss 0.0531 (0.0465), val_loss 0.0436 (0.0459)
2024-08-21 16:33:49,928 DEBUG epoch [4/50], train_loss 0.0426 (0.0440), val_loss 0.0445 (0.0442)
2024-08-21 16:33:50,842 DEBUG epoch [5/50], train_loss 0.0385 (0.0420), val_loss 0.0423 (0.0435)
2024-08-21 16:33:51,774 DEBUG epoch [6/50], train_loss 0.0447 (0.0411), val_loss 0.0418 (0.0424)
2024-08-21 16:33:52,687 DEBUG epoch [7/50], train_loss 0.0361 (0.0399), val_loss 0.0420 (0.0416)
2024-08-21 16:33:53,653 DEBUG epoch [8/50], train_loss 0.0361 (0.0394), val_loss 0.0424 (0.0411)
2024-08-21 16:33:54,558 DEBUG epoch [9/50], train_loss 0.0403 (0.0390), val_loss 0.0408 (0.0405)
2024-08-21 16:33:55,524 DEBUG epoch [10/50], train_loss 0.0361 (0.0382), val_loss 0.0406 (0.0414)
2024-08-21 16:33:56,456 DEBUG epoch [11/50], train_loss 0.0361 (0.0373), val_loss 0.0399 (0.0398)
2024-08-21 16:33:57,424 DEBUG epoch [12/50], train_loss 0.0453 (0.0372), val_loss 0.0411 (0.0398)
2024-08-21 16:33:58,370 DEBUG epoch [13/50], train_loss 0.0469 (0.0371), val_loss 0.0411 (0.0400)
2024-08-21 16:33:59,336 DEBUG epoch [14/50], train_loss 0.0347 (0.0366), val_loss 0.0404 (0.0401)
2024-08-21 16:34:00,255 DEBUG epoch [15/50], train_loss 0.0408 (0.0360), val_loss 0.0408 (0.0403)
2024-08-21 16:34:01,209 DEBUG epoch [16/50], train_loss 0.0421 (0.0359), val_loss 0.0398 (0.0389)
2024-08-21 16:34:02,173 DEBUG epoch [17/50], train_loss 0.0383 (0.0355), val_loss 0.0379 (0.0393)
2024-08-21 16:34:03,118 DEBUG epoch [18/50], train_loss 0.0417 (0.0358), val_loss 0.0393 (0.0389)
2024-08-21 16:34:04,088 DEBUG epoch [19/50], train_loss 0.0353 (0.0353), val_loss 0.0389 (0.0388)
2024-08-21 16:34:05,115 DEBUG epoch [20/50], train_loss 0.0337 (0.0346), val_loss 0.0383 (0.0381)
2024-08-21 16:34:06,042 DEBUG epoch [21/50], train_loss 0.0375 (0.0343), val_loss 0.0395 (0.0389)
2024-08-21 16:34:06,956 DEBUG epoch [22/50], train_loss 0.0363 (0.0346), val_loss 0.0362 (0.0386)
2024-08-21 16:34:07,973 DEBUG epoch [23/50], train_loss 0.0281 (0.0344), val_loss 0.0366 (0.0381)
2024-08-21 16:34:08,936 DEBUG epoch [24/50], train_loss 0.0318 (0.0335), val_loss 0.0396 (0.0390)
2024-08-21 16:34:09,840 DEBUG epoch [25/50], train_loss 0.0337 (0.0330), val_loss 0.0409 (0.0384)
2024-08-21 16:34:10,804 DEBUG epoch [26/50], train_loss 0.0295 (0.0329), val_loss 0.0380 (0.0388)
2024-08-21 16:34:11,805 DEBUG epoch [27/50], train_loss 0.0322 (0.0326), val_loss 0.0381 (0.0378)
2024-08-21 16:34:12,729 DEBUG epoch [28/50], train_loss 0.0350 (0.0321), val_loss 0.0394 (0.0380)
2024-08-21 16:34:13,716 DEBUG epoch [29/50], train_loss 0.0269 (0.0322), val_loss 0.0382 (0.0380)
2024-08-21 16:34:14,650 DEBUG epoch [30/50], train_loss 0.0310 (0.0317), val_loss 0.0403 (0.0387)
2024-08-21 16:34:15,608 DEBUG epoch [31/50], train_loss 0.0318 (0.0316), val_loss 0.0399 (0.0385)
2024-08-21 16:34:16,593 DEBUG epoch [32/50], train_loss 0.0283 (0.0311), val_loss 0.0367 (0.0383)
2024-08-21 16:34:17,571 DEBUG epoch [33/50], train_loss 0.0281 (0.0312), val_loss 0.0384 (0.0385)
2024-08-21 16:34:18,553 DEBUG epoch [34/50], train_loss 0.0295 (0.0304), val_loss 0.0380 (0.0380)
2024-08-21 16:34:19,527 DEBUG epoch [35/50], train_loss 0.0293 (0.0302), val_loss 0.0371 (0.0380)
2024-08-21 16:34:20,460 DEBUG epoch [36/50], train_loss 0.0341 (0.0299), val_loss 0.0372 (0.0378)
2024-08-21 16:34:21,420 DEBUG epoch [37/50], train_loss 0.0326 (0.0295), val_loss 0.0390 (0.0376)
2024-08-21 16:34:22,386 DEBUG epoch [38/50], train_loss 0.0316 (0.0294), val_loss 0.0392 (0.0377)
2024-08-21 16:34:23,333 DEBUG epoch [39/50], train_loss 0.0299 (0.0289), val_loss 0.0373 (0.0384)
2024-08-21 16:34:24,284 DEBUG epoch [40/50], train_loss 0.0310 (0.0289), val_loss 0.0373 (0.0378)
2024-08-21 16:34:25,232 DEBUG epoch [41/50], train_loss 0.0308 (0.0287), val_loss 0.0391 (0.0375)
2024-08-21 16:34:26,230 DEBUG epoch [42/50], train_loss 0.0276 (0.0285), val_loss 0.0370 (0.0381)
2024-08-21 16:34:27,168 DEBUG epoch [43/50], train_loss 0.0290 (0.0281), val_loss 0.0366 (0.0379)
2024-08-21 16:34:28,080 DEBUG epoch [44/50], train_loss 0.0278 (0.0280), val_loss 0.0375 (0.0371)
2024-08-21 16:34:29,070 DEBUG epoch [45/50], train_loss 0.0281 (0.0278), val_loss 0.0384 (0.0380)
2024-08-21 16:34:30,016 DEBUG epoch [46/50], train_loss 0.0259 (0.0276), val_loss 0.0361 (0.0374)
2024-08-21 16:34:31,008 DEBUG epoch [47/50], train_loss 0.0250 (0.0275), val_loss 0.0391 (0.0379)
2024-08-21 16:34:32,007 DEBUG epoch [48/50], train_loss 0.0285 (0.0275), val_loss 0.0386 (0.0376)
2024-08-21 16:34:33,017 DEBUG epoch [49/50], train_loss 0.0276 (0.0274), val_loss 0.0399 (0.0383)
2024-08-21 16:34:33,963 DEBUG epoch [50/50], train_loss 0.0256 (0.0272), val_loss 0.0383 (0.0379)
2024-08-21 16:34:33,964 DEBUG Best Validation Loss is 0.034340038895606995
2024-08-21 16:34:34,219 DEBUG MSE Loss on ALL Image is 0.0381 (Real Attack Results on the Target Client)
2024-08-21 16:34:34,219 DEBUG SSIM Loss on ALL Image is 0.4887 (Real Attack Results on the Target Client)
2024-08-21 16:34:34,219 DEBUG PSNR Loss on ALL Image is 14.1969 (Real Attack Results on the Target Client)
2024-08-21 22:34:44,125 DEBUG Generating IR ...... (may take a while)
2024-08-21 22:34:56,733 DEBUG Generating IR ...... (may take a while)
2024-08-21 22:35:29,231 DEBUG Generating IR ...... (may take a while)
2024-08-21 22:36:46,471 DEBUG Generating IR ...... (may take a while)
2024-08-21 22:37:01,049 DEBUG Generating IR ...... (may take a while)
2024-08-21 22:38:29,807 DEBUG Generating IR ...... (may take a while)
2024-08-21 23:52:14,756 DEBUG Generating IR ...... (may take a while)
2024-08-21 23:52:26,331 DEBUG epoch [1/30], train_loss 0.0318 (0.0483), val_loss 0.0320 (0.0319)
2024-08-21 23:52:27,128 DEBUG epoch [2/30], train_loss 0.0235 (0.0273), val_loss 0.0244 (0.0242)
2024-08-21 23:52:27,965 DEBUG epoch [3/30], train_loss 0.0206 (0.0226), val_loss 0.0214 (0.0212)
2024-08-21 23:52:28,790 DEBUG epoch [4/30], train_loss 0.0189 (0.0203), val_loss 0.0198 (0.0195)
2024-08-21 23:52:29,626 DEBUG epoch [5/30], train_loss 0.0179 (0.0189), val_loss 0.0188 (0.0185)
2024-08-21 23:52:30,440 DEBUG epoch [6/30], train_loss 0.0173 (0.0181), val_loss 0.0180 (0.0178)
2024-08-21 23:52:31,239 DEBUG epoch [7/30], train_loss 0.0168 (0.0176), val_loss 0.0176 (0.0173)
2024-08-21 23:52:32,060 DEBUG epoch [8/30], train_loss 0.0165 (0.0172), val_loss 0.0171 (0.0170)
2024-08-21 23:52:32,864 DEBUG epoch [9/30], train_loss 0.0162 (0.0169), val_loss 0.0169 (0.0167)
2024-08-21 23:52:33,816 DEBUG epoch [10/30], train_loss 0.0160 (0.0167), val_loss 0.0167 (0.0166)
2024-08-21 23:52:34,656 DEBUG epoch [11/30], train_loss 0.0158 (0.0164), val_loss 0.0166 (0.0163)
2024-08-21 23:52:35,536 DEBUG epoch [12/30], train_loss 0.0155 (0.0163), val_loss 0.0166 (0.0163)
2024-08-21 23:52:36,400 DEBUG epoch [13/30], train_loss 0.0156 (0.0161), val_loss 0.0162 (0.0160)
2024-08-21 23:52:37,238 DEBUG epoch [14/30], train_loss 0.0154 (0.0161), val_loss 0.0162 (0.0160)
2024-08-21 23:52:38,059 DEBUG epoch [15/30], train_loss 0.0152 (0.0159), val_loss 0.0160 (0.0160)
2024-08-21 23:52:38,879 DEBUG epoch [16/30], train_loss 0.0153 (0.0159), val_loss 0.0160 (0.0158)
2024-08-21 23:52:39,695 DEBUG epoch [17/30], train_loss 0.0152 (0.0158), val_loss 0.0160 (0.0159)
2024-08-21 23:52:40,497 DEBUG epoch [18/30], train_loss 0.0152 (0.0157), val_loss 0.0158 (0.0156)
2024-08-21 23:52:41,311 DEBUG epoch [19/30], train_loss 0.0151 (0.0156), val_loss 0.0158 (0.0156)
2024-08-21 23:52:42,256 DEBUG epoch [20/30], train_loss 0.0151 (0.0156), val_loss 0.0157 (0.0155)
2024-08-21 23:52:43,065 DEBUG epoch [21/30], train_loss 0.0150 (0.0156), val_loss 0.0157 (0.0156)
2024-08-21 23:52:43,898 DEBUG epoch [22/30], train_loss 0.0149 (0.0155), val_loss 0.0156 (0.0155)
2024-08-21 23:52:44,782 DEBUG epoch [23/30], train_loss 0.0148 (0.0154), val_loss 0.0156 (0.0155)
2024-08-21 23:52:45,694 DEBUG epoch [24/30], train_loss 0.0149 (0.0154), val_loss 0.0157 (0.0156)
2024-08-21 23:52:46,514 DEBUG epoch [25/30], train_loss 0.0151 (0.0154), val_loss 0.0156 (0.0154)
2024-08-21 23:52:47,327 DEBUG epoch [26/30], train_loss 0.0149 (0.0154), val_loss 0.0156 (0.0154)
2024-08-21 23:52:48,128 DEBUG epoch [27/30], train_loss 0.0147 (0.0153), val_loss 0.0155 (0.0154)
2024-08-21 23:52:48,942 DEBUG epoch [28/30], train_loss 0.0147 (0.0153), val_loss 0.0157 (0.0155)
2024-08-21 23:52:49,759 DEBUG epoch [29/30], train_loss 0.0147 (0.0153), val_loss 0.0155 (0.0154)
2024-08-21 23:52:50,718 DEBUG epoch [30/30], train_loss 0.0148 (0.0153), val_loss 0.0157 (0.0154)
2024-08-21 23:52:50,718 DEBUG Best Validation Loss is 0.015144528821110725
2024-08-21 23:52:51,017 DEBUG MSE Loss on ALL Image is 0.0154 (Real Attack Results on the Target Client)
2024-08-21 23:52:51,017 DEBUG SSIM Loss on ALL Image is 0.6164 (Real Attack Results on the Target Client)
2024-08-21 23:52:51,017 DEBUG PSNR Loss on ALL Image is 18.1317 (Real Attack Results on the Target Client)
2024-08-22 00:52:09,532 DEBUG Generating IR ...... (may take a while)
2024-08-22 00:52:11,495 DEBUG run the attack for training time
2024-08-22 00:52:14,710 DEBUG epoch [1/50], train_loss 0.0496 (0.0509), val_loss 0.0423 (0.0450)
2024-08-22 00:52:17,875 DEBUG epoch [2/50], train_loss 0.0399 (0.0433), val_loss 0.0604 (0.0422)
2024-08-22 00:52:20,941 DEBUG epoch [3/50], train_loss 0.0401 (0.0422), val_loss 0.0417 (0.0412)
2024-08-22 00:52:23,981 DEBUG epoch [4/50], train_loss 0.0407 (0.0409), val_loss 0.0514 (0.0411)
2024-08-22 00:52:26,998 DEBUG epoch [5/50], train_loss 0.0414 (0.0401), val_loss 0.0528 (0.0411)
2024-08-22 00:52:30,040 DEBUG epoch [6/50], train_loss 0.0401 (0.0427), val_loss 0.0434 (0.0410)
2024-08-22 00:52:33,223 DEBUG epoch [7/50], train_loss 0.0397 (0.0403), val_loss 0.0442 (0.0397)
2024-08-22 00:52:36,222 DEBUG epoch [8/50], train_loss 0.0383 (0.0397), val_loss 0.0419 (0.0394)
2024-08-22 00:52:39,207 DEBUG epoch [9/50], train_loss 0.0379 (0.0392), val_loss 0.0344 (0.0393)
2024-08-22 00:52:42,222 DEBUG epoch [10/50], train_loss 0.0405 (0.0391), val_loss 0.0336 (0.0393)
2024-08-22 00:52:45,167 DEBUG epoch [11/50], train_loss 0.0453 (0.0385), val_loss 0.0516 (0.0390)
2024-08-22 00:52:48,412 DEBUG epoch [12/50], train_loss 0.0391 (0.0382), val_loss 0.0522 (0.0388)
2024-08-22 00:52:51,512 DEBUG epoch [13/50], train_loss 0.0393 (0.0380), val_loss 0.0365 (0.0388)
2024-08-22 00:52:54,484 DEBUG epoch [14/50], train_loss 0.0396 (0.0377), val_loss 0.0333 (0.0382)
2024-08-22 00:52:57,424 DEBUG epoch [15/50], train_loss 0.0373 (0.0376), val_loss 0.0488 (0.0379)
2024-08-22 00:53:00,459 DEBUG epoch [16/50], train_loss 0.0405 (0.0374), val_loss 0.0331 (0.0388)
2024-08-22 00:53:03,432 DEBUG epoch [17/50], train_loss 0.0407 (0.0372), val_loss 0.0345 (0.0379)
2024-08-22 00:53:06,527 DEBUG epoch [18/50], train_loss 0.0352 (0.0371), val_loss 0.0413 (0.0377)
2024-08-22 00:53:09,663 DEBUG epoch [19/50], train_loss 0.0382 (0.0367), val_loss 0.0400 (0.0373)
2024-08-22 00:53:12,844 DEBUG epoch [20/50], train_loss 0.0333 (0.0368), val_loss 0.0366 (0.0374)
2024-08-22 00:53:15,774 DEBUG epoch [21/50], train_loss 0.0387 (0.0363), val_loss 0.0415 (0.0373)
2024-08-22 00:53:18,788 DEBUG epoch [22/50], train_loss 0.0350 (0.0363), val_loss 0.0328 (0.0367)
2024-08-22 00:53:21,785 DEBUG epoch [23/50], train_loss 0.0338 (0.0359), val_loss 0.0384 (0.0372)
2024-08-22 00:53:24,916 DEBUG epoch [24/50], train_loss 0.0333 (0.0358), val_loss 0.0310 (0.0368)
2024-08-22 00:53:27,947 DEBUG epoch [25/50], train_loss 0.0407 (0.0357), val_loss 0.0382 (0.0366)
2024-08-22 00:53:30,930 DEBUG epoch [26/50], train_loss 0.0374 (0.0355), val_loss 0.0431 (0.0369)
2024-08-22 00:53:34,006 DEBUG epoch [27/50], train_loss 0.0351 (0.0352), val_loss 0.0399 (0.0364)
2024-08-22 00:53:36,978 DEBUG epoch [28/50], train_loss 0.0360 (0.0349), val_loss 0.0403 (0.0362)
2024-08-22 00:53:40,067 DEBUG epoch [29/50], train_loss 0.0372 (0.0349), val_loss 0.0363 (0.0360)
2024-08-22 00:53:43,111 DEBUG epoch [30/50], train_loss 0.0320 (0.0346), val_loss 0.0408 (0.0359)
2024-08-22 00:53:46,075 DEBUG epoch [31/50], train_loss 0.0322 (0.0343), val_loss 0.0373 (0.0357)
2024-08-22 00:53:49,029 DEBUG epoch [32/50], train_loss 0.0385 (0.0340), val_loss 0.0465 (0.0353)
2024-08-22 00:53:51,948 DEBUG epoch [33/50], train_loss 0.0402 (0.0337), val_loss 0.0370 (0.0349)
2024-08-22 00:53:54,926 DEBUG epoch [34/50], train_loss 0.0350 (0.0334), val_loss 0.0430 (0.0349)
2024-08-22 00:53:58,226 DEBUG epoch [35/50], train_loss 0.0341 (0.0332), val_loss 0.0388 (0.0353)
2024-08-22 00:54:01,407 DEBUG epoch [36/50], train_loss 0.0349 (0.0329), val_loss 0.0277 (0.0345)
2024-08-22 00:54:04,335 DEBUG epoch [37/50], train_loss 0.0349 (0.0326), val_loss 0.0498 (0.0345)
2024-08-22 00:54:07,274 DEBUG epoch [38/50], train_loss 0.0368 (0.0325), val_loss 0.0392 (0.0346)
2024-08-22 00:54:10,226 DEBUG epoch [39/50], train_loss 0.0318 (0.0320), val_loss 0.0378 (0.0345)
2024-08-22 00:54:13,242 DEBUG epoch [40/50], train_loss 0.0325 (0.0319), val_loss 0.0449 (0.0343)
2024-08-22 00:54:16,340 DEBUG epoch [41/50], train_loss 0.0316 (0.0316), val_loss 0.0326 (0.0342)
2024-08-22 00:54:19,404 DEBUG epoch [42/50], train_loss 0.0306 (0.0314), val_loss 0.0539 (0.0340)
2024-08-22 00:54:22,433 DEBUG epoch [43/50], train_loss 0.0321 (0.0312), val_loss 0.0309 (0.0341)
2024-08-22 00:54:25,382 DEBUG epoch [44/50], train_loss 0.0299 (0.0310), val_loss 0.0364 (0.0340)
2024-08-22 00:54:28,364 DEBUG epoch [45/50], train_loss 0.0305 (0.0308), val_loss 0.0356 (0.0337)
2024-08-22 00:54:31,465 DEBUG epoch [46/50], train_loss 0.0304 (0.0307), val_loss 0.0343 (0.0337)
2024-08-22 00:54:34,591 DEBUG epoch [47/50], train_loss 0.0317 (0.0306), val_loss 0.0395 (0.0337)
2024-08-22 00:54:37,519 DEBUG epoch [48/50], train_loss 0.0286 (0.0305), val_loss 0.0318 (0.0335)
2024-08-22 00:54:40,469 DEBUG epoch [49/50], train_loss 0.0305 (0.0304), val_loss 0.0314 (0.0336)
2024-08-22 00:54:43,661 DEBUG epoch [50/50], train_loss 0.0303 (0.0304), val_loss 0.0389 (0.0335)
2024-08-22 00:54:43,661 DEBUG Best Validation Loss is 0.02769654057919979
2024-08-22 00:54:44,163 DEBUG MSE Loss on ALL Image is 0.0331 (Real Attack Results on the Target Client)
2024-08-22 00:54:44,163 DEBUG SSIM Loss on ALL Image is 0.5065 (Real Attack Results on the Target Client)
2024-08-22 00:54:44,163 DEBUG PSNR Loss on ALL Image is 14.8055 (Real Attack Results on the Target Client)
2024-08-22 00:54:44,164 DEBUG run the attack for inference time
2024-08-22 00:54:45,244 DEBUG epoch [1/50], train_loss 0.0529 (0.0623), val_loss 0.0550 (0.0543)
2024-08-22 00:54:46,152 DEBUG epoch [2/50], train_loss 0.0547 (0.0517), val_loss 0.0530 (0.0519)
2024-08-22 00:54:47,112 DEBUG epoch [3/50], train_loss 0.0458 (0.0493), val_loss 0.0505 (0.0497)
2024-08-22 00:54:48,163 DEBUG epoch [4/50], train_loss 0.0423 (0.0471), val_loss 0.0456 (0.0476)
2024-08-22 00:54:49,170 DEBUG epoch [5/50], train_loss 0.0463 (0.0453), val_loss 0.0473 (0.0466)
2024-08-22 00:54:50,100 DEBUG epoch [6/50], train_loss 0.0459 (0.0439), val_loss 0.0471 (0.0467)
2024-08-22 00:54:51,148 DEBUG epoch [7/50], train_loss 0.0394 (0.0431), val_loss 0.0440 (0.0457)
2024-08-22 00:54:52,117 DEBUG epoch [8/50], train_loss 0.0425 (0.0425), val_loss 0.0450 (0.0449)
2024-08-22 00:54:53,017 DEBUG epoch [9/50], train_loss 0.0414 (0.0422), val_loss 0.0446 (0.0445)
2024-08-22 00:54:53,940 DEBUG epoch [10/50], train_loss 0.0396 (0.0412), val_loss 0.0419 (0.0443)
2024-08-22 00:54:54,877 DEBUG epoch [11/50], train_loss 0.0364 (0.0406), val_loss 0.0452 (0.0437)
2024-08-22 00:54:55,837 DEBUG epoch [12/50], train_loss 0.0378 (0.0397), val_loss 0.0454 (0.0430)
2024-08-22 00:54:56,767 DEBUG epoch [13/50], train_loss 0.0402 (0.0396), val_loss 0.0430 (0.0433)
2024-08-22 00:54:57,749 DEBUG epoch [14/50], train_loss 0.0370 (0.0392), val_loss 0.0406 (0.0424)
2024-08-22 00:54:58,689 DEBUG epoch [15/50], train_loss 0.0377 (0.0389), val_loss 0.0423 (0.0423)
2024-08-22 00:54:59,623 DEBUG epoch [16/50], train_loss 0.0387 (0.0383), val_loss 0.0440 (0.0428)
2024-08-22 00:55:00,543 DEBUG epoch [17/50], train_loss 0.0420 (0.0380), val_loss 0.0441 (0.0428)
2024-08-22 00:55:01,449 DEBUG epoch [18/50], train_loss 0.0437 (0.0378), val_loss 0.0404 (0.0420)
2024-08-22 00:55:02,343 DEBUG epoch [19/50], train_loss 0.0417 (0.0374), val_loss 0.0434 (0.0425)
2024-08-22 00:55:03,313 DEBUG epoch [20/50], train_loss 0.0379 (0.0370), val_loss 0.0451 (0.0419)
2024-08-22 00:55:04,239 DEBUG epoch [21/50], train_loss 0.0333 (0.0365), val_loss 0.0427 (0.0416)
2024-08-22 00:55:05,292 DEBUG epoch [22/50], train_loss 0.0324 (0.0360), val_loss 0.0403 (0.0418)
2024-08-22 00:55:06,350 DEBUG epoch [23/50], train_loss 0.0391 (0.0359), val_loss 0.0414 (0.0418)
2024-08-22 00:55:07,466 DEBUG epoch [24/50], train_loss 0.0355 (0.0354), val_loss 0.0399 (0.0407)
2024-08-22 00:55:08,531 DEBUG epoch [25/50], train_loss 0.0383 (0.0352), val_loss 0.0405 (0.0417)
2024-08-22 00:55:09,462 DEBUG epoch [26/50], train_loss 0.0391 (0.0353), val_loss 0.0415 (0.0401)
2024-08-22 00:55:10,383 DEBUG epoch [27/50], train_loss 0.0350 (0.0347), val_loss 0.0426 (0.0415)
2024-08-22 00:55:11,344 DEBUG epoch [28/50], train_loss 0.0312 (0.0349), val_loss 0.0417 (0.0406)
2024-08-22 00:55:12,258 DEBUG epoch [29/50], train_loss 0.0370 (0.0337), val_loss 0.0432 (0.0407)
2024-08-22 00:55:13,227 DEBUG epoch [30/50], train_loss 0.0350 (0.0333), val_loss 0.0383 (0.0410)
2024-08-22 00:55:14,118 DEBUG epoch [31/50], train_loss 0.0342 (0.0332), val_loss 0.0388 (0.0406)
2024-08-22 00:55:15,075 DEBUG epoch [32/50], train_loss 0.0283 (0.0329), val_loss 0.0432 (0.0408)
2024-08-22 00:55:15,982 DEBUG epoch [33/50], train_loss 0.0385 (0.0323), val_loss 0.0401 (0.0408)
2024-08-22 00:55:16,948 DEBUG epoch [34/50], train_loss 0.0363 (0.0320), val_loss 0.0390 (0.0403)
2024-08-22 00:55:17,934 DEBUG epoch [35/50], train_loss 0.0327 (0.0316), val_loss 0.0385 (0.0394)
2024-08-22 00:55:18,820 DEBUG epoch [36/50], train_loss 0.0332 (0.0313), val_loss 0.0428 (0.0395)
2024-08-22 00:55:19,752 DEBUG epoch [37/50], train_loss 0.0297 (0.0311), val_loss 0.0381 (0.0396)
2024-08-22 00:55:20,670 DEBUG epoch [38/50], train_loss 0.0345 (0.0308), val_loss 0.0382 (0.0391)
2024-08-22 00:55:21,656 DEBUG epoch [39/50], train_loss 0.0296 (0.0304), val_loss 0.0382 (0.0393)
2024-08-22 00:55:22,666 DEBUG epoch [40/50], train_loss 0.0301 (0.0302), val_loss 0.0394 (0.0387)
2024-08-22 00:55:23,581 DEBUG epoch [41/50], train_loss 0.0327 (0.0300), val_loss 0.0398 (0.0404)
2024-08-22 00:55:24,582 DEBUG epoch [42/50], train_loss 0.0312 (0.0297), val_loss 0.0416 (0.0401)
2024-08-22 00:55:25,536 DEBUG epoch [43/50], train_loss 0.0301 (0.0293), val_loss 0.0407 (0.0398)
2024-08-22 00:55:26,428 DEBUG epoch [44/50], train_loss 0.0319 (0.0292), val_loss 0.0395 (0.0391)
2024-08-22 00:55:27,480 DEBUG epoch [45/50], train_loss 0.0264 (0.0291), val_loss 0.0404 (0.0400)
2024-08-22 00:55:28,500 DEBUG epoch [46/50], train_loss 0.0365 (0.0290), val_loss 0.0378 (0.0394)
2024-08-22 00:55:29,485 DEBUG epoch [47/50], train_loss 0.0284 (0.0289), val_loss 0.0412 (0.0393)
2024-08-22 00:55:30,415 DEBUG epoch [48/50], train_loss 0.0295 (0.0287), val_loss 0.0395 (0.0398)
2024-08-22 00:55:31,320 DEBUG epoch [49/50], train_loss 0.0300 (0.0286), val_loss 0.0420 (0.0394)
2024-08-22 00:55:32,290 DEBUG epoch [50/50], train_loss 0.0301 (0.0285), val_loss 0.0396 (0.0397)
2024-08-22 00:55:32,290 DEBUG Best Validation Loss is 0.03684511035680771
2024-08-22 00:55:32,528 DEBUG MSE Loss on ALL Image is 0.0385 (Real Attack Results on the Target Client)
2024-08-22 00:55:32,528 DEBUG SSIM Loss on ALL Image is 0.4775 (Real Attack Results on the Target Client)
2024-08-22 00:55:32,528 DEBUG PSNR Loss on ALL Image is 14.1445 (Real Attack Results on the Target Client)
