2024-10-15 18:05:32,836 DEBUG Generating IR ...... (may take a while)
2024-10-15 18:05:34,742 DEBUG run the attack for training time
2024-10-15 18:05:42,266 DEBUG epoch [1/50], train_loss 0.0207 (0.0296), val_loss 0.0215 (0.0195)
2024-10-15 18:05:48,806 DEBUG epoch [2/50], train_loss 0.0169 (0.0180), val_loss 0.0213 (0.0173)
2024-10-15 18:05:56,197 DEBUG epoch [3/50], train_loss 0.0175 (0.0165), val_loss 0.0175 (0.0165)
2024-10-15 18:06:04,170 DEBUG epoch [4/50], train_loss 0.0174 (0.0159), val_loss 0.0192 (0.0160)
2024-10-15 18:06:12,621 DEBUG epoch [5/50], train_loss 0.0167 (0.0154), val_loss 0.0174 (0.0157)
2024-10-15 18:06:20,414 DEBUG epoch [6/50], train_loss 0.0166 (0.0152), val_loss 0.0161 (0.0156)
2024-10-15 18:06:27,421 DEBUG epoch [7/50], train_loss 0.0153 (0.0150), val_loss 0.0176 (0.0151)
2024-10-15 18:06:34,282 DEBUG epoch [8/50], train_loss 0.0159 (0.0148), val_loss 0.0191 (0.0150)
2024-10-15 18:06:41,089 DEBUG epoch [9/50], train_loss 0.0142 (0.0147), val_loss 0.0172 (0.0149)
2024-10-15 18:06:48,365 DEBUG epoch [10/50], train_loss 0.0155 (0.0145), val_loss 0.0182 (0.0152)
2024-10-15 18:06:54,867 DEBUG epoch [11/50], train_loss 0.0153 (0.0143), val_loss 0.0187 (0.0150)
2024-10-15 18:07:01,684 DEBUG epoch [12/50], train_loss 0.0141 (0.0143), val_loss 0.0156 (0.0146)
2024-10-15 18:07:08,789 DEBUG epoch [13/50], train_loss 0.0154 (0.0142), val_loss 0.0147 (0.0145)
2024-10-15 18:07:15,730 DEBUG epoch [14/50], train_loss 0.0156 (0.0140), val_loss 0.0129 (0.0147)
2024-10-15 18:07:22,316 DEBUG epoch [15/50], train_loss 0.0143 (0.0140), val_loss 0.0172 (0.0144)
2024-10-15 18:07:29,083 DEBUG epoch [16/50], train_loss 0.0151 (0.0138), val_loss 0.0134 (0.0144)
2024-10-15 18:07:35,882 DEBUG epoch [17/50], train_loss 0.0140 (0.0137), val_loss 0.0145 (0.0141)
2024-10-15 18:07:42,267 DEBUG epoch [18/50], train_loss 0.0141 (0.0136), val_loss 0.0183 (0.0142)
2024-10-15 18:07:50,032 DEBUG epoch [19/50], train_loss 0.0147 (0.0135), val_loss 0.0160 (0.0141)
2024-10-15 18:07:57,504 DEBUG epoch [20/50], train_loss 0.0147 (0.0134), val_loss 0.0145 (0.0138)
2024-10-15 18:08:03,834 DEBUG epoch [21/50], train_loss 0.0137 (0.0133), val_loss 0.0126 (0.0138)
2024-10-15 18:08:10,591 DEBUG epoch [22/50], train_loss 0.0146 (0.0132), val_loss 0.0127 (0.0138)
2024-10-15 18:08:16,924 DEBUG epoch [23/50], train_loss 0.0126 (0.0131), val_loss 0.0135 (0.0136)
2024-10-15 18:08:23,785 DEBUG epoch [24/50], train_loss 0.0157 (0.0130), val_loss 0.0175 (0.0136)
2024-10-15 18:08:29,601 DEBUG epoch [25/50], train_loss 0.0139 (0.0129), val_loss 0.0145 (0.0133)
2024-10-15 18:08:35,121 DEBUG epoch [26/50], train_loss 0.0114 (0.0128), val_loss 0.0152 (0.0134)
2024-10-15 18:08:41,003 DEBUG epoch [27/50], train_loss 0.0130 (0.0126), val_loss 0.0147 (0.0132)
2024-10-15 18:08:47,294 DEBUG epoch [28/50], train_loss 0.0120 (0.0125), val_loss 0.0155 (0.0132)
2024-10-15 18:08:53,783 DEBUG epoch [29/50], train_loss 0.0140 (0.0124), val_loss 0.0123 (0.0131)
2024-10-15 18:08:59,674 DEBUG epoch [30/50], train_loss 0.0138 (0.0123), val_loss 0.0130 (0.0129)
2024-10-15 18:09:05,189 DEBUG epoch [31/50], train_loss 0.0131 (0.0122), val_loss 0.0137 (0.0131)
2024-10-15 18:09:11,325 DEBUG epoch [32/50], train_loss 0.0110 (0.0120), val_loss 0.0131 (0.0128)
2024-10-15 18:09:17,061 DEBUG epoch [33/50], train_loss 0.0115 (0.0119), val_loss 0.0199 (0.0126)
2024-10-15 18:09:22,823 DEBUG epoch [34/50], train_loss 0.0117 (0.0118), val_loss 0.0170 (0.0127)
2024-10-15 18:09:28,764 DEBUG epoch [35/50], train_loss 0.0129 (0.0116), val_loss 0.0160 (0.0127)
2024-10-15 18:09:34,737 DEBUG epoch [36/50], train_loss 0.0111 (0.0115), val_loss 0.0155 (0.0124)
2024-10-15 18:09:40,424 DEBUG epoch [37/50], train_loss 0.0112 (0.0114), val_loss 0.0130 (0.0124)
2024-10-15 18:09:46,842 DEBUG epoch [38/50], train_loss 0.0112 (0.0112), val_loss 0.0131 (0.0122)
2024-10-15 18:09:54,384 DEBUG epoch [39/50], train_loss 0.0119 (0.0111), val_loss 0.0113 (0.0122)
2024-10-15 18:10:01,721 DEBUG epoch [40/50], train_loss 0.0125 (0.0110), val_loss 0.0104 (0.0121)
2024-10-15 18:10:09,399 DEBUG epoch [41/50], train_loss 0.0126 (0.0108), val_loss 0.0134 (0.0120)
2024-10-15 18:10:16,875 DEBUG epoch [42/50], train_loss 0.0124 (0.0107), val_loss 0.0121 (0.0120)
2024-10-15 18:10:23,712 DEBUG epoch [43/50], train_loss 0.0099 (0.0106), val_loss 0.0121 (0.0119)
2024-10-15 18:10:30,666 DEBUG epoch [44/50], train_loss 0.0103 (0.0105), val_loss 0.0137 (0.0119)
2024-10-15 18:10:36,889 DEBUG epoch [45/50], train_loss 0.0110 (0.0104), val_loss 0.0116 (0.0118)
2024-10-15 18:10:42,896 DEBUG epoch [46/50], train_loss 0.0121 (0.0103), val_loss 0.0165 (0.0118)
2024-10-15 18:10:50,006 DEBUG epoch [47/50], train_loss 0.0100 (0.0102), val_loss 0.0116 (0.0117)
2024-10-15 18:10:56,362 DEBUG epoch [48/50], train_loss 0.0106 (0.0102), val_loss 0.0146 (0.0118)
2024-10-15 18:11:02,408 DEBUG epoch [49/50], train_loss 0.0107 (0.0101), val_loss 0.0191 (0.0117)
2024-10-15 18:11:09,167 DEBUG epoch [50/50], train_loss 0.0103 (0.0101), val_loss 0.0141 (0.0117)
2024-10-15 18:11:09,168 DEBUG Best Validation Loss is 0.01036366168409586
2024-10-15 18:11:10,045 DEBUG MSE Loss on ALL Image is 0.0116 (Real Attack Results on the Target Client)
2024-10-15 18:11:10,045 DEBUG SSIM Loss on ALL Image is 0.7243 (Real Attack Results on the Target Client)
2024-10-15 18:11:10,045 DEBUG PSNR Loss on ALL Image is 19.3431 (Real Attack Results on the Target Client)
2024-10-15 18:11:10,046 DEBUG run the attack for inference time
2024-10-15 18:11:12,775 DEBUG epoch [1/50], train_loss 0.0392 (0.0569), val_loss 0.0376 (0.0367)
2024-10-15 18:11:15,046 DEBUG epoch [2/50], train_loss 0.0266 (0.0308), val_loss 0.0294 (0.0282)
2024-10-15 18:11:17,317 DEBUG epoch [3/50], train_loss 0.0227 (0.0247), val_loss 0.0234 (0.0234)
2024-10-15 18:11:19,922 DEBUG epoch [4/50], train_loss 0.0221 (0.0218), val_loss 0.0211 (0.0215)
2024-10-15 18:11:22,030 DEBUG epoch [5/50], train_loss 0.0201 (0.0201), val_loss 0.0203 (0.0206)
2024-10-15 18:11:24,072 DEBUG epoch [6/50], train_loss 0.0183 (0.0190), val_loss 0.0207 (0.0200)
2024-10-15 18:11:26,024 DEBUG epoch [7/50], train_loss 0.0185 (0.0180), val_loss 0.0191 (0.0192)
2024-10-15 18:11:27,961 DEBUG epoch [8/50], train_loss 0.0174 (0.0174), val_loss 0.0200 (0.0188)
2024-10-15 18:11:29,841 DEBUG epoch [9/50], train_loss 0.0167 (0.0169), val_loss 0.0181 (0.0184)
2024-10-15 18:11:31,844 DEBUG epoch [10/50], train_loss 0.0179 (0.0163), val_loss 0.0195 (0.0180)
2024-10-15 18:11:33,780 DEBUG epoch [11/50], train_loss 0.0180 (0.0161), val_loss 0.0179 (0.0186)
2024-10-15 18:11:35,437 DEBUG epoch [12/50], train_loss 0.0170 (0.0157), val_loss 0.0184 (0.0177)
2024-10-15 18:11:37,252 DEBUG epoch [13/50], train_loss 0.0177 (0.0153), val_loss 0.0181 (0.0189)
2024-10-15 18:11:39,078 DEBUG epoch [14/50], train_loss 0.0187 (0.0154), val_loss 0.0181 (0.0187)
2024-10-15 18:11:41,084 DEBUG epoch [15/50], train_loss 0.0158 (0.0155), val_loss 0.0175 (0.0174)
2024-10-15 18:11:43,214 DEBUG epoch [16/50], train_loss 0.0164 (0.0148), val_loss 0.0160 (0.0171)
2024-10-15 18:11:45,473 DEBUG epoch [17/50], train_loss 0.0169 (0.0143), val_loss 0.0169 (0.0177)
2024-10-15 18:11:47,498 DEBUG epoch [18/50], train_loss 0.0151 (0.0141), val_loss 0.0170 (0.0167)
2024-10-15 18:11:49,404 DEBUG epoch [19/50], train_loss 0.0133 (0.0138), val_loss 0.0172 (0.0169)
2024-10-15 18:11:51,502 DEBUG epoch [20/50], train_loss 0.0155 (0.0136), val_loss 0.0176 (0.0176)
2024-10-15 18:11:53,411 DEBUG epoch [21/50], train_loss 0.0160 (0.0138), val_loss 0.0176 (0.0167)
2024-10-15 18:11:55,560 DEBUG epoch [22/50], train_loss 0.0158 (0.0134), val_loss 0.0166 (0.0169)
2024-10-15 18:11:57,514 DEBUG epoch [23/50], train_loss 0.0156 (0.0131), val_loss 0.0166 (0.0164)
2024-10-15 18:11:59,377 DEBUG epoch [24/50], train_loss 0.0131 (0.0128), val_loss 0.0166 (0.0165)
2024-10-15 18:12:01,811 DEBUG epoch [25/50], train_loss 0.0133 (0.0129), val_loss 0.0164 (0.0162)
2024-10-15 18:12:03,839 DEBUG epoch [26/50], train_loss 0.0123 (0.0125), val_loss 0.0167 (0.0159)
2024-10-15 18:12:06,099 DEBUG epoch [27/50], train_loss 0.0131 (0.0123), val_loss 0.0160 (0.0162)
2024-10-15 18:12:08,492 DEBUG epoch [28/50], train_loss 0.0108 (0.0121), val_loss 0.0158 (0.0160)
2024-10-15 18:12:10,660 DEBUG epoch [29/50], train_loss 0.0129 (0.0119), val_loss 0.0156 (0.0158)
2024-10-15 18:12:13,174 DEBUG epoch [30/50], train_loss 0.0118 (0.0116), val_loss 0.0180 (0.0162)
2024-10-15 18:12:15,436 DEBUG epoch [31/50], train_loss 0.0138 (0.0117), val_loss 0.0166 (0.0158)
2024-10-15 18:12:17,584 DEBUG epoch [32/50], train_loss 0.0120 (0.0115), val_loss 0.0157 (0.0157)
2024-10-15 18:12:19,749 DEBUG epoch [33/50], train_loss 0.0116 (0.0112), val_loss 0.0157 (0.0156)
2024-10-15 18:12:21,715 DEBUG epoch [34/50], train_loss 0.0120 (0.0111), val_loss 0.0157 (0.0155)
2024-10-15 18:12:23,859 DEBUG epoch [35/50], train_loss 0.0112 (0.0110), val_loss 0.0155 (0.0157)
2024-10-15 18:12:25,952 DEBUG epoch [36/50], train_loss 0.0113 (0.0108), val_loss 0.0150 (0.0156)
2024-10-15 18:12:27,955 DEBUG epoch [37/50], train_loss 0.0106 (0.0106), val_loss 0.0155 (0.0157)
2024-10-15 18:12:29,532 DEBUG epoch [38/50], train_loss 0.0115 (0.0104), val_loss 0.0162 (0.0156)
2024-10-15 18:12:31,284 DEBUG epoch [39/50], train_loss 0.0129 (0.0103), val_loss 0.0144 (0.0155)
2024-10-15 18:12:33,256 DEBUG epoch [40/50], train_loss 0.0107 (0.0101), val_loss 0.0156 (0.0156)
2024-10-15 18:12:35,106 DEBUG epoch [41/50], train_loss 0.0096 (0.0100), val_loss 0.0151 (0.0153)
2024-10-15 18:12:36,904 DEBUG epoch [42/50], train_loss 0.0119 (0.0098), val_loss 0.0162 (0.0155)
2024-10-15 18:12:38,583 DEBUG epoch [43/50], train_loss 0.0117 (0.0098), val_loss 0.0157 (0.0156)
2024-10-15 18:12:40,662 DEBUG epoch [44/50], train_loss 0.0104 (0.0096), val_loss 0.0148 (0.0154)
2024-10-15 18:12:42,715 DEBUG epoch [45/50], train_loss 0.0085 (0.0096), val_loss 0.0156 (0.0154)
2024-10-15 18:12:44,782 DEBUG epoch [46/50], train_loss 0.0109 (0.0095), val_loss 0.0150 (0.0156)
2024-10-15 18:12:46,896 DEBUG epoch [47/50], train_loss 0.0098 (0.0094), val_loss 0.0154 (0.0155)
2024-10-15 18:12:48,895 DEBUG epoch [48/50], train_loss 0.0103 (0.0093), val_loss 0.0149 (0.0154)
2024-10-15 18:12:51,172 DEBUG epoch [49/50], train_loss 0.0089 (0.0093), val_loss 0.0163 (0.0153)
2024-10-15 18:12:53,770 DEBUG epoch [50/50], train_loss 0.0121 (0.0094), val_loss 0.0151 (0.0154)
2024-10-15 18:12:53,770 DEBUG Best Validation Loss is 0.014425071887671947
2024-10-15 18:12:54,366 DEBUG MSE Loss on ALL Image is 0.0151 (Real Attack Results on the Target Client)
2024-10-15 18:12:54,367 DEBUG SSIM Loss on ALL Image is 0.6833 (Real Attack Results on the Target Client)
2024-10-15 18:12:54,367 DEBUG PSNR Loss on ALL Image is 18.2201 (Real Attack Results on the Target Client)
2024-10-15 19:39:38,467 DEBUG Generating IR ...... (may take a while)
2024-10-15 19:39:40,289 DEBUG run the attack for training time
2024-10-15 19:39:44,083 DEBUG epoch [1/50], train_loss 0.0140 (0.0224), val_loss 0.0140 (0.0140)
2024-10-15 19:39:47,573 DEBUG epoch [2/50], train_loss 0.0130 (0.0133), val_loss 0.0149 (0.0128)
2024-10-15 19:39:51,138 DEBUG epoch [3/50], train_loss 0.0128 (0.0122), val_loss 0.0146 (0.0126)
2024-10-15 19:39:55,097 DEBUG epoch [4/50], train_loss 0.0143 (0.0119), val_loss 0.0143 (0.0125)
2024-10-15 19:39:59,069 DEBUG epoch [5/50], train_loss 0.0128 (0.0117), val_loss 0.0133 (0.0119)
2024-10-15 19:40:02,606 DEBUG epoch [6/50], train_loss 0.0126 (0.0115), val_loss 0.0130 (0.0118)
2024-10-15 19:40:06,328 DEBUG epoch [7/50], train_loss 0.0122 (0.0114), val_loss 0.0144 (0.0115)
2024-10-15 19:40:09,923 DEBUG epoch [8/50], train_loss 0.0119 (0.0114), val_loss 0.0144 (0.0115)
2024-10-15 19:40:13,505 DEBUG epoch [9/50], train_loss 0.0106 (0.0113), val_loss 0.0129 (0.0113)
2024-10-15 19:40:17,122 DEBUG epoch [10/50], train_loss 0.0110 (0.0111), val_loss 0.0144 (0.0118)
2024-10-15 19:40:20,616 DEBUG epoch [11/50], train_loss 0.0119 (0.0111), val_loss 0.0135 (0.0112)
2024-10-15 19:40:24,135 DEBUG epoch [12/50], train_loss 0.0108 (0.0110), val_loss 0.0112 (0.0111)
2024-10-15 19:40:27,702 DEBUG epoch [13/50], train_loss 0.0123 (0.0110), val_loss 0.0110 (0.0111)
2024-10-15 19:40:31,282 DEBUG epoch [14/50], train_loss 0.0122 (0.0109), val_loss 0.0112 (0.0112)
2024-10-15 19:40:34,953 DEBUG epoch [15/50], train_loss 0.0110 (0.0108), val_loss 0.0120 (0.0110)
2024-10-15 19:40:38,796 DEBUG epoch [16/50], train_loss 0.0117 (0.0107), val_loss 0.0099 (0.0111)
2024-10-15 19:40:42,789 DEBUG epoch [17/50], train_loss 0.0108 (0.0107), val_loss 0.0116 (0.0108)
2024-10-15 19:40:46,511 DEBUG epoch [18/50], train_loss 0.0113 (0.0106), val_loss 0.0161 (0.0109)
2024-10-15 19:40:50,156 DEBUG epoch [19/50], train_loss 0.0117 (0.0105), val_loss 0.0131 (0.0107)
2024-10-15 19:40:53,815 DEBUG epoch [20/50], train_loss 0.0117 (0.0106), val_loss 0.0106 (0.0108)
2024-10-15 19:40:57,423 DEBUG epoch [21/50], train_loss 0.0105 (0.0104), val_loss 0.0108 (0.0106)
2024-10-15 19:41:01,002 DEBUG epoch [22/50], train_loss 0.0110 (0.0104), val_loss 0.0109 (0.0107)
2024-10-15 19:41:04,586 DEBUG epoch [23/50], train_loss 0.0100 (0.0103), val_loss 0.0108 (0.0105)
2024-10-15 19:41:08,412 DEBUG epoch [24/50], train_loss 0.0126 (0.0103), val_loss 0.0131 (0.0105)
2024-10-15 19:41:12,202 DEBUG epoch [25/50], train_loss 0.0106 (0.0102), val_loss 0.0124 (0.0104)
2024-10-15 19:41:15,663 DEBUG epoch [26/50], train_loss 0.0090 (0.0102), val_loss 0.0121 (0.0103)
2024-10-15 19:41:19,049 DEBUG epoch [27/50], train_loss 0.0100 (0.0101), val_loss 0.0120 (0.0102)
2024-10-15 19:41:22,600 DEBUG epoch [28/50], train_loss 0.0093 (0.0100), val_loss 0.0128 (0.0102)
2024-10-15 19:41:26,484 DEBUG epoch [29/50], train_loss 0.0106 (0.0099), val_loss 0.0115 (0.0102)
2024-10-15 19:41:30,221 DEBUG epoch [30/50], train_loss 0.0102 (0.0099), val_loss 0.0113 (0.0100)
2024-10-15 19:41:33,744 DEBUG epoch [31/50], train_loss 0.0104 (0.0098), val_loss 0.0122 (0.0102)
2024-10-15 19:41:37,368 DEBUG epoch [32/50], train_loss 0.0090 (0.0097), val_loss 0.0102 (0.0099)
2024-10-15 19:41:41,069 DEBUG epoch [33/50], train_loss 0.0092 (0.0097), val_loss 0.0166 (0.0100)
2024-10-15 19:41:44,579 DEBUG epoch [34/50], train_loss 0.0095 (0.0096), val_loss 0.0137 (0.0099)
2024-10-15 19:41:48,145 DEBUG epoch [35/50], train_loss 0.0107 (0.0095), val_loss 0.0127 (0.0098)
2024-10-15 19:41:51,804 DEBUG epoch [36/50], train_loss 0.0093 (0.0094), val_loss 0.0116 (0.0097)
2024-10-15 19:41:55,313 DEBUG epoch [37/50], train_loss 0.0094 (0.0093), val_loss 0.0103 (0.0098)
2024-10-15 19:41:58,877 DEBUG epoch [38/50], train_loss 0.0093 (0.0092), val_loss 0.0114 (0.0096)
2024-10-15 19:42:02,476 DEBUG epoch [39/50], train_loss 0.0097 (0.0092), val_loss 0.0098 (0.0095)
2024-10-15 19:42:06,327 DEBUG epoch [40/50], train_loss 0.0106 (0.0091), val_loss 0.0086 (0.0095)
2024-10-15 19:42:10,478 DEBUG epoch [41/50], train_loss 0.0111 (0.0090), val_loss 0.0109 (0.0094)
2024-10-15 19:42:14,214 DEBUG epoch [42/50], train_loss 0.0104 (0.0089), val_loss 0.0101 (0.0094)
2024-10-15 19:42:17,822 DEBUG epoch [43/50], train_loss 0.0085 (0.0089), val_loss 0.0105 (0.0093)
2024-10-15 19:42:21,444 DEBUG epoch [44/50], train_loss 0.0088 (0.0088), val_loss 0.0113 (0.0092)
2024-10-15 19:42:25,014 DEBUG epoch [45/50], train_loss 0.0099 (0.0087), val_loss 0.0091 (0.0092)
2024-10-15 19:42:28,589 DEBUG epoch [46/50], train_loss 0.0099 (0.0087), val_loss 0.0109 (0.0092)
2024-10-15 19:42:32,197 DEBUG epoch [47/50], train_loss 0.0088 (0.0086), val_loss 0.0085 (0.0091)
2024-10-15 19:42:35,880 DEBUG epoch [48/50], train_loss 0.0088 (0.0086), val_loss 0.0118 (0.0091)
2024-10-15 19:42:39,490 DEBUG epoch [49/50], train_loss 0.0089 (0.0086), val_loss 0.0132 (0.0091)
2024-10-15 19:42:43,654 DEBUG epoch [50/50], train_loss 0.0085 (0.0085), val_loss 0.0106 (0.0091)
2024-10-15 19:42:43,654 DEBUG Best Validation Loss is 0.008291386067867279
2024-10-15 19:42:44,222 DEBUG MSE Loss on ALL Image is 0.0090 (Real Attack Results on the Target Client)
2024-10-15 19:42:44,222 DEBUG SSIM Loss on ALL Image is 0.7608 (Real Attack Results on the Target Client)
2024-10-15 19:42:44,222 DEBUG PSNR Loss on ALL Image is 20.4646 (Real Attack Results on the Target Client)
2024-10-15 19:42:44,223 DEBUG run the attack for inference time
2024-10-15 19:42:45,349 DEBUG epoch [1/50], train_loss 0.0292 (0.0483), val_loss 0.0289 (0.0278)
2024-10-15 19:42:46,397 DEBUG epoch [2/50], train_loss 0.0189 (0.0232), val_loss 0.0199 (0.0195)
2024-10-15 19:42:47,421 DEBUG epoch [3/50], train_loss 0.0161 (0.0180), val_loss 0.0168 (0.0164)
2024-10-15 19:42:48,479 DEBUG epoch [4/50], train_loss 0.0163 (0.0158), val_loss 0.0151 (0.0154)
2024-10-15 19:42:49,576 DEBUG epoch [5/50], train_loss 0.0146 (0.0147), val_loss 0.0143 (0.0144)
2024-10-15 19:42:50,682 DEBUG epoch [6/50], train_loss 0.0132 (0.0141), val_loss 0.0145 (0.0141)
2024-10-15 19:42:51,786 DEBUG epoch [7/50], train_loss 0.0141 (0.0133), val_loss 0.0133 (0.0135)
2024-10-15 19:42:53,186 DEBUG epoch [8/50], train_loss 0.0130 (0.0130), val_loss 0.0136 (0.0131)
2024-10-15 19:42:54,309 DEBUG epoch [9/50], train_loss 0.0131 (0.0126), val_loss 0.0134 (0.0133)
2024-10-15 19:42:55,615 DEBUG epoch [10/50], train_loss 0.0131 (0.0125), val_loss 0.0139 (0.0129)
2024-10-15 19:42:56,708 DEBUG epoch [11/50], train_loss 0.0129 (0.0122), val_loss 0.0128 (0.0131)
2024-10-15 19:42:57,793 DEBUG epoch [12/50], train_loss 0.0128 (0.0120), val_loss 0.0130 (0.0127)
2024-10-15 19:42:58,926 DEBUG epoch [13/50], train_loss 0.0141 (0.0119), val_loss 0.0130 (0.0131)
2024-10-15 19:43:00,123 DEBUG epoch [14/50], train_loss 0.0132 (0.0118), val_loss 0.0128 (0.0131)
2024-10-15 19:43:01,250 DEBUG epoch [15/50], train_loss 0.0117 (0.0116), val_loss 0.0127 (0.0125)
2024-10-15 19:43:02,328 DEBUG epoch [16/50], train_loss 0.0143 (0.0115), val_loss 0.0121 (0.0125)
2024-10-15 19:43:03,497 DEBUG epoch [17/50], train_loss 0.0146 (0.0114), val_loss 0.0121 (0.0124)
2024-10-15 19:43:04,644 DEBUG epoch [18/50], train_loss 0.0116 (0.0111), val_loss 0.0120 (0.0120)
2024-10-15 19:43:05,845 DEBUG epoch [19/50], train_loss 0.0102 (0.0109), val_loss 0.0123 (0.0117)
2024-10-15 19:43:06,943 DEBUG epoch [20/50], train_loss 0.0117 (0.0108), val_loss 0.0124 (0.0124)
2024-10-15 19:43:07,989 DEBUG epoch [21/50], train_loss 0.0123 (0.0108), val_loss 0.0130 (0.0121)
2024-10-15 19:43:09,022 DEBUG epoch [22/50], train_loss 0.0125 (0.0107), val_loss 0.0116 (0.0122)
2024-10-15 19:43:10,104 DEBUG epoch [23/50], train_loss 0.0133 (0.0106), val_loss 0.0114 (0.0118)
2024-10-15 19:43:11,148 DEBUG epoch [24/50], train_loss 0.0110 (0.0104), val_loss 0.0116 (0.0117)
2024-10-15 19:43:12,244 DEBUG epoch [25/50], train_loss 0.0107 (0.0106), val_loss 0.0121 (0.0120)
2024-10-15 19:43:13,251 DEBUG epoch [26/50], train_loss 0.0100 (0.0102), val_loss 0.0121 (0.0116)
2024-10-15 19:43:14,293 DEBUG epoch [27/50], train_loss 0.0115 (0.0101), val_loss 0.0112 (0.0113)
2024-10-15 19:43:15,414 DEBUG epoch [28/50], train_loss 0.0086 (0.0101), val_loss 0.0117 (0.0115)
2024-10-15 19:43:16,459 DEBUG epoch [29/50], train_loss 0.0106 (0.0098), val_loss 0.0110 (0.0112)
2024-10-15 19:43:17,604 DEBUG epoch [30/50], train_loss 0.0093 (0.0097), val_loss 0.0118 (0.0114)
2024-10-15 19:43:18,686 DEBUG epoch [31/50], train_loss 0.0112 (0.0097), val_loss 0.0118 (0.0114)
2024-10-15 19:43:19,763 DEBUG epoch [32/50], train_loss 0.0104 (0.0096), val_loss 0.0107 (0.0111)
2024-10-15 19:43:20,945 DEBUG epoch [33/50], train_loss 0.0093 (0.0094), val_loss 0.0115 (0.0111)
2024-10-15 19:43:21,996 DEBUG epoch [34/50], train_loss 0.0101 (0.0093), val_loss 0.0109 (0.0109)
2024-10-15 19:43:23,040 DEBUG epoch [35/50], train_loss 0.0092 (0.0093), val_loss 0.0106 (0.0109)
2024-10-15 19:43:24,148 DEBUG epoch [36/50], train_loss 0.0091 (0.0092), val_loss 0.0107 (0.0110)
2024-10-15 19:43:25,254 DEBUG epoch [37/50], train_loss 0.0088 (0.0090), val_loss 0.0107 (0.0110)
2024-10-15 19:43:26,307 DEBUG epoch [38/50], train_loss 0.0090 (0.0089), val_loss 0.0114 (0.0109)
2024-10-15 19:43:27,427 DEBUG epoch [39/50], train_loss 0.0100 (0.0088), val_loss 0.0104 (0.0109)
2024-10-15 19:43:28,761 DEBUG epoch [40/50], train_loss 0.0089 (0.0087), val_loss 0.0110 (0.0110)
2024-10-15 19:43:29,826 DEBUG epoch [41/50], train_loss 0.0085 (0.0086), val_loss 0.0104 (0.0106)
2024-10-15 19:43:30,914 DEBUG epoch [42/50], train_loss 0.0096 (0.0085), val_loss 0.0112 (0.0108)
2024-10-15 19:43:31,994 DEBUG epoch [43/50], train_loss 0.0105 (0.0084), val_loss 0.0111 (0.0110)
2024-10-15 19:43:33,046 DEBUG epoch [44/50], train_loss 0.0088 (0.0084), val_loss 0.0108 (0.0107)
2024-10-15 19:43:34,112 DEBUG epoch [45/50], train_loss 0.0073 (0.0083), val_loss 0.0109 (0.0106)
2024-10-15 19:43:35,136 DEBUG epoch [46/50], train_loss 0.0094 (0.0083), val_loss 0.0106 (0.0109)
2024-10-15 19:43:36,327 DEBUG epoch [47/50], train_loss 0.0083 (0.0082), val_loss 0.0107 (0.0107)
2024-10-15 19:43:37,623 DEBUG epoch [48/50], train_loss 0.0092 (0.0081), val_loss 0.0105 (0.0107)
2024-10-15 19:43:38,800 DEBUG epoch [49/50], train_loss 0.0077 (0.0081), val_loss 0.0110 (0.0107)
2024-10-15 19:43:40,001 DEBUG epoch [50/50], train_loss 0.0105 (0.0081), val_loss 0.0109 (0.0109)
2024-10-15 19:43:40,001 DEBUG Best Validation Loss is 0.009941362775862217
2024-10-15 19:43:40,283 DEBUG MSE Loss on ALL Image is 0.0105 (Real Attack Results on the Target Client)
2024-10-15 19:43:40,283 DEBUG SSIM Loss on ALL Image is 0.7381 (Real Attack Results on the Target Client)
2024-10-15 19:43:40,283 DEBUG PSNR Loss on ALL Image is 19.7940 (Real Attack Results on the Target Client)
