2024-10-18 01:09:59,287 DEBUG Generating IR ...... (may take a while)
2024-10-18 01:10:01,200 DEBUG run the attack for training time
2024-10-18 01:10:05,045 DEBUG epoch [1/50], train_loss 0.0441 (0.0531), val_loss 0.0564 (0.0465)
2024-10-18 01:10:08,530 DEBUG epoch [2/50], train_loss 0.0468 (0.0453), val_loss 0.0627 (0.0449)
2024-10-18 01:10:12,132 DEBUG epoch [3/50], train_loss 0.0446 (0.0440), val_loss 0.0405 (0.0437)
2024-10-18 01:10:15,775 DEBUG epoch [4/50], train_loss 0.0448 (0.0435), val_loss 0.0462 (0.0434)
2024-10-18 01:10:19,148 DEBUG epoch [5/50], train_loss 0.0434 (0.0430), val_loss 0.0418 (0.0430)
2024-10-18 01:10:22,574 DEBUG epoch [6/50], train_loss 0.0473 (0.0426), val_loss 0.0414 (0.0428)
2024-10-18 01:10:26,042 DEBUG epoch [7/50], train_loss 0.0432 (0.0425), val_loss 0.0371 (0.0425)
2024-10-18 01:10:29,747 DEBUG epoch [8/50], train_loss 0.0451 (0.0422), val_loss 0.0377 (0.0421)
2024-10-18 01:10:33,250 DEBUG epoch [9/50], train_loss 0.0403 (0.0421), val_loss 0.0428 (0.0423)
2024-10-18 01:10:36,735 DEBUG epoch [10/50], train_loss 0.0413 (0.0420), val_loss 0.0450 (0.0420)
2024-10-18 01:10:40,222 DEBUG epoch [11/50], train_loss 0.0435 (0.0417), val_loss 0.0447 (0.0420)
2024-10-18 01:10:43,736 DEBUG epoch [12/50], train_loss 0.0434 (0.0417), val_loss 0.0451 (0.0418)
2024-10-18 01:10:47,315 DEBUG epoch [13/50], train_loss 0.0425 (0.0416), val_loss 0.0446 (0.0421)
2024-10-18 01:10:50,813 DEBUG epoch [14/50], train_loss 0.0409 (0.0414), val_loss 0.0384 (0.0413)
2024-10-18 01:10:54,244 DEBUG epoch [15/50], train_loss 0.0436 (0.0414), val_loss 0.0542 (0.0416)
2024-10-18 01:10:58,162 DEBUG epoch [16/50], train_loss 0.0415 (0.0412), val_loss 0.0382 (0.0415)
2024-10-18 01:11:01,985 DEBUG epoch [17/50], train_loss 0.0410 (0.0410), val_loss 0.0532 (0.0414)
2024-10-18 01:11:05,274 DEBUG epoch [18/50], train_loss 0.0413 (0.0409), val_loss 0.0408 (0.0416)
2024-10-18 01:11:08,765 DEBUG epoch [19/50], train_loss 0.0399 (0.0408), val_loss 0.0482 (0.0412)
2024-10-18 01:11:12,298 DEBUG epoch [20/50], train_loss 0.0440 (0.0407), val_loss 0.0377 (0.0412)
2024-10-18 01:11:15,844 DEBUG epoch [21/50], train_loss 0.0398 (0.0405), val_loss 0.0492 (0.0409)
2024-10-18 01:11:19,517 DEBUG epoch [22/50], train_loss 0.0421 (0.0404), val_loss 0.0407 (0.0411)
2024-10-18 01:11:22,983 DEBUG epoch [23/50], train_loss 0.0377 (0.0403), val_loss 0.0430 (0.0409)
2024-10-18 01:11:26,461 DEBUG epoch [24/50], train_loss 0.0466 (0.0402), val_loss 0.0475 (0.0409)
2024-10-18 01:11:29,881 DEBUG epoch [25/50], train_loss 0.0417 (0.0400), val_loss 0.0385 (0.0408)
2024-10-18 01:11:33,705 DEBUG epoch [26/50], train_loss 0.0371 (0.0399), val_loss 0.0395 (0.0407)
2024-10-18 01:11:37,178 DEBUG epoch [27/50], train_loss 0.0413 (0.0396), val_loss 0.0397 (0.0407)
2024-10-18 01:11:40,678 DEBUG epoch [28/50], train_loss 0.0399 (0.0395), val_loss 0.0468 (0.0406)
2024-10-18 01:11:44,170 DEBUG epoch [29/50], train_loss 0.0403 (0.0394), val_loss 0.0381 (0.0405)
2024-10-18 01:11:47,914 DEBUG epoch [30/50], train_loss 0.0425 (0.0393), val_loss 0.0391 (0.0403)
2024-10-18 01:11:51,481 DEBUG epoch [31/50], train_loss 0.0412 (0.0390), val_loss 0.0293 (0.0403)
2024-10-18 01:11:54,918 DEBUG epoch [32/50], train_loss 0.0373 (0.0388), val_loss 0.0436 (0.0404)
2024-10-18 01:11:58,359 DEBUG epoch [33/50], train_loss 0.0409 (0.0387), val_loss 0.0462 (0.0404)
2024-10-18 01:12:01,812 DEBUG epoch [34/50], train_loss 0.0390 (0.0385), val_loss 0.0458 (0.0402)
2024-10-18 01:12:05,580 DEBUG epoch [35/50], train_loss 0.0426 (0.0383), val_loss 0.0455 (0.0401)
2024-10-18 01:12:09,045 DEBUG epoch [36/50], train_loss 0.0393 (0.0380), val_loss 0.0474 (0.0400)
2024-10-18 01:12:12,469 DEBUG epoch [37/50], train_loss 0.0376 (0.0378), val_loss 0.0393 (0.0400)
2024-10-18 01:12:15,945 DEBUG epoch [38/50], train_loss 0.0365 (0.0376), val_loss 0.0429 (0.0403)
2024-10-18 01:12:19,524 DEBUG epoch [39/50], train_loss 0.0376 (0.0374), val_loss 0.0459 (0.0401)
2024-10-18 01:12:23,363 DEBUG epoch [40/50], train_loss 0.0403 (0.0372), val_loss 0.0413 (0.0401)
2024-10-18 01:12:27,033 DEBUG epoch [41/50], train_loss 0.0381 (0.0370), val_loss 0.0437 (0.0399)
2024-10-18 01:12:30,602 DEBUG epoch [42/50], train_loss 0.0397 (0.0368), val_loss 0.0375 (0.0400)
2024-10-18 01:12:34,541 DEBUG epoch [43/50], train_loss 0.0401 (0.0366), val_loss 0.0424 (0.0400)
2024-10-18 01:12:38,263 DEBUG epoch [44/50], train_loss 0.0359 (0.0364), val_loss 0.0490 (0.0399)
2024-10-18 01:12:41,560 DEBUG epoch [45/50], train_loss 0.0400 (0.0362), val_loss 0.0327 (0.0401)
2024-10-18 01:12:45,290 DEBUG epoch [46/50], train_loss 0.0374 (0.0361), val_loss 0.0512 (0.0400)
2024-10-18 01:12:48,756 DEBUG epoch [47/50], train_loss 0.0371 (0.0359), val_loss 0.0400 (0.0402)
2024-10-18 01:12:52,221 DEBUG epoch [48/50], train_loss 0.0375 (0.0359), val_loss 0.0471 (0.0400)
2024-10-18 01:12:55,654 DEBUG epoch [49/50], train_loss 0.0367 (0.0358), val_loss 0.0456 (0.0401)
2024-10-18 01:12:59,554 DEBUG epoch [50/50], train_loss 0.0346 (0.0357), val_loss 0.0399 (0.0400)
2024-10-18 01:12:59,554 DEBUG Best Validation Loss is 0.029259731993079185
2024-10-18 01:13:00,134 DEBUG MSE Loss on ALL Image is 0.0400 (Real Attack Results on the Target Client)
2024-10-18 01:13:00,134 DEBUG SSIM Loss on ALL Image is 0.4348 (Real Attack Results on the Target Client)
2024-10-18 01:13:00,135 DEBUG PSNR Loss on ALL Image is 13.9834 (Real Attack Results on the Target Client)
2024-10-18 01:13:00,135 DEBUG run the attack for inference time
2024-10-18 01:13:01,364 DEBUG epoch [1/50], train_loss 0.0631 (0.0672), val_loss 0.0596 (0.0592)
2024-10-18 01:13:02,464 DEBUG epoch [2/50], train_loss 0.0498 (0.0541), val_loss 0.0504 (0.0510)
2024-10-18 01:13:03,563 DEBUG epoch [3/50], train_loss 0.0484 (0.0495), val_loss 0.0493 (0.0486)
2024-10-18 01:13:04,623 DEBUG epoch [4/50], train_loss 0.0504 (0.0478), val_loss 0.0481 (0.0486)
2024-10-18 01:13:05,665 DEBUG epoch [5/50], train_loss 0.0470 (0.0471), val_loss 0.0493 (0.0475)
2024-10-18 01:13:06,703 DEBUG epoch [6/50], train_loss 0.0412 (0.0463), val_loss 0.0478 (0.0466)
2024-10-18 01:13:07,768 DEBUG epoch [7/50], train_loss 0.0420 (0.0456), val_loss 0.0457 (0.0456)
2024-10-18 01:13:08,805 DEBUG epoch [8/50], train_loss 0.0443 (0.0450), val_loss 0.0466 (0.0465)
2024-10-18 01:13:09,811 DEBUG epoch [9/50], train_loss 0.0428 (0.0451), val_loss 0.0472 (0.0460)
2024-10-18 01:13:10,904 DEBUG epoch [10/50], train_loss 0.0451 (0.0446), val_loss 0.0486 (0.0455)
2024-10-18 01:13:12,047 DEBUG epoch [11/50], train_loss 0.0451 (0.0446), val_loss 0.0452 (0.0451)
2024-10-18 01:13:13,124 DEBUG epoch [12/50], train_loss 0.0460 (0.0442), val_loss 0.0445 (0.0444)
2024-10-18 01:13:14,309 DEBUG epoch [13/50], train_loss 0.0421 (0.0440), val_loss 0.0436 (0.0446)
2024-10-18 01:13:15,473 DEBUG epoch [14/50], train_loss 0.0435 (0.0433), val_loss 0.0454 (0.0451)
2024-10-18 01:13:16,745 DEBUG epoch [15/50], train_loss 0.0418 (0.0434), val_loss 0.0438 (0.0437)
2024-10-18 01:13:17,695 DEBUG epoch [16/50], train_loss 0.0408 (0.0430), val_loss 0.0429 (0.0443)
2024-10-18 01:13:18,749 DEBUG epoch [17/50], train_loss 0.0458 (0.0426), val_loss 0.0416 (0.0433)
2024-10-18 01:13:19,790 DEBUG epoch [18/50], train_loss 0.0458 (0.0422), val_loss 0.0442 (0.0431)
2024-10-18 01:13:20,783 DEBUG epoch [19/50], train_loss 0.0413 (0.0421), val_loss 0.0441 (0.0435)
2024-10-18 01:13:21,905 DEBUG epoch [20/50], train_loss 0.0464 (0.0421), val_loss 0.0417 (0.0429)
2024-10-18 01:13:22,956 DEBUG epoch [21/50], train_loss 0.0448 (0.0415), val_loss 0.0426 (0.0430)
2024-10-18 01:13:24,039 DEBUG epoch [22/50], train_loss 0.0484 (0.0414), val_loss 0.0431 (0.0435)
2024-10-18 01:13:25,057 DEBUG epoch [23/50], train_loss 0.0477 (0.0414), val_loss 0.0422 (0.0432)
2024-10-18 01:13:26,107 DEBUG epoch [24/50], train_loss 0.0451 (0.0411), val_loss 0.0423 (0.0431)
2024-10-18 01:13:27,141 DEBUG epoch [25/50], train_loss 0.0397 (0.0409), val_loss 0.0420 (0.0429)
2024-10-18 01:13:28,265 DEBUG epoch [26/50], train_loss 0.0390 (0.0405), val_loss 0.0435 (0.0428)
2024-10-18 01:13:29,376 DEBUG epoch [27/50], train_loss 0.0455 (0.0399), val_loss 0.0423 (0.0428)
2024-10-18 01:13:30,534 DEBUG epoch [28/50], train_loss 0.0369 (0.0399), val_loss 0.0441 (0.0432)
2024-10-18 01:13:31,647 DEBUG epoch [29/50], train_loss 0.0343 (0.0394), val_loss 0.0447 (0.0432)
2024-10-18 01:13:32,891 DEBUG epoch [30/50], train_loss 0.0379 (0.0389), val_loss 0.0419 (0.0426)
2024-10-18 01:13:33,885 DEBUG epoch [31/50], train_loss 0.0423 (0.0388), val_loss 0.0432 (0.0424)
2024-10-18 01:13:34,959 DEBUG epoch [32/50], train_loss 0.0391 (0.0384), val_loss 0.0421 (0.0431)
2024-10-18 01:13:36,005 DEBUG epoch [33/50], train_loss 0.0384 (0.0378), val_loss 0.0426 (0.0426)
2024-10-18 01:13:37,069 DEBUG epoch [34/50], train_loss 0.0373 (0.0374), val_loss 0.0439 (0.0428)
2024-10-18 01:13:38,108 DEBUG epoch [35/50], train_loss 0.0395 (0.0370), val_loss 0.0420 (0.0433)
2024-10-18 01:13:39,162 DEBUG epoch [36/50], train_loss 0.0398 (0.0365), val_loss 0.0432 (0.0432)
2024-10-18 01:13:40,252 DEBUG epoch [37/50], train_loss 0.0380 (0.0359), val_loss 0.0417 (0.0433)
2024-10-18 01:13:41,280 DEBUG epoch [38/50], train_loss 0.0388 (0.0354), val_loss 0.0429 (0.0434)
2024-10-18 01:13:42,274 DEBUG epoch [39/50], train_loss 0.0373 (0.0349), val_loss 0.0434 (0.0432)
2024-10-18 01:13:43,337 DEBUG epoch [40/50], train_loss 0.0363 (0.0341), val_loss 0.0419 (0.0440)
2024-10-18 01:13:44,407 DEBUG epoch [41/50], train_loss 0.0332 (0.0338), val_loss 0.0436 (0.0438)
2024-10-18 01:13:45,513 DEBUG epoch [42/50], train_loss 0.0350 (0.0332), val_loss 0.0433 (0.0443)
2024-10-18 01:13:46,660 DEBUG epoch [43/50], train_loss 0.0354 (0.0326), val_loss 0.0453 (0.0444)
2024-10-18 01:13:48,029 DEBUG epoch [44/50], train_loss 0.0366 (0.0321), val_loss 0.0473 (0.0452)
2024-10-18 01:13:49,321 DEBUG epoch [45/50], train_loss 0.0286 (0.0317), val_loss 0.0456 (0.0447)
2024-10-18 01:13:50,469 DEBUG epoch [46/50], train_loss 0.0321 (0.0313), val_loss 0.0439 (0.0454)
2024-10-18 01:13:51,762 DEBUG epoch [47/50], train_loss 0.0331 (0.0310), val_loss 0.0447 (0.0454)
2024-10-18 01:13:53,017 DEBUG epoch [48/50], train_loss 0.0359 (0.0307), val_loss 0.0430 (0.0450)
2024-10-18 01:13:54,020 DEBUG epoch [49/50], train_loss 0.0330 (0.0305), val_loss 0.0452 (0.0455)
2024-10-18 01:13:55,053 DEBUG epoch [50/50], train_loss 0.0364 (0.0305), val_loss 0.0454 (0.0458)
2024-10-18 01:13:55,053 DEBUG Best Validation Loss is 0.0405920036137104
2024-10-18 01:13:55,336 DEBUG MSE Loss on ALL Image is 0.0453 (Real Attack Results on the Target Client)
2024-10-18 01:13:55,336 DEBUG SSIM Loss on ALL Image is 0.4184 (Real Attack Results on the Target Client)
2024-10-18 01:13:55,336 DEBUG PSNR Loss on ALL Image is 13.4430 (Real Attack Results on the Target Client)
