2024-10-21 18:42:11,019 DEBUG Generating IR ...... (may take a while)
2024-10-21 18:42:12,809 DEBUG run the attack for training time
2024-10-21 18:42:15,887 DEBUG epoch [1/50], train_loss 0.0225 (0.0274), val_loss 0.0235 (0.0217)
2024-10-21 18:42:18,860 DEBUG epoch [2/50], train_loss 0.0201 (0.0207), val_loss 0.0254 (0.0204)
2024-10-21 18:42:21,742 DEBUG epoch [3/50], train_loss 0.0212 (0.0197), val_loss 0.0220 (0.0201)
2024-10-21 18:42:24,669 DEBUG epoch [4/50], train_loss 0.0216 (0.0195), val_loss 0.0205 (0.0192)
2024-10-21 18:42:27,648 DEBUG epoch [5/50], train_loss 0.0192 (0.0192), val_loss 0.0206 (0.0192)
2024-10-21 18:42:30,622 DEBUG epoch [6/50], train_loss 0.0199 (0.0191), val_loss 0.0183 (0.0190)
2024-10-21 18:42:33,544 DEBUG epoch [7/50], train_loss 0.0194 (0.0190), val_loss 0.0205 (0.0194)
2024-10-21 18:42:36,533 DEBUG epoch [8/50], train_loss 0.0206 (0.0189), val_loss 0.0216 (0.0189)
2024-10-21 18:42:39,435 DEBUG epoch [9/50], train_loss 0.0178 (0.0189), val_loss 0.0189 (0.0189)
2024-10-21 18:42:42,343 DEBUG epoch [10/50], train_loss 0.0207 (0.0188), val_loss 0.0218 (0.0190)
2024-10-21 18:42:45,285 DEBUG epoch [11/50], train_loss 0.0193 (0.0186), val_loss 0.0210 (0.0188)
2024-10-21 18:42:48,187 DEBUG epoch [12/50], train_loss 0.0190 (0.0186), val_loss 0.0186 (0.0188)
2024-10-21 18:42:51,167 DEBUG epoch [13/50], train_loss 0.0196 (0.0185), val_loss 0.0201 (0.0184)
2024-10-21 18:42:54,066 DEBUG epoch [14/50], train_loss 0.0197 (0.0184), val_loss 0.0148 (0.0184)
2024-10-21 18:42:56,986 DEBUG epoch [15/50], train_loss 0.0185 (0.0183), val_loss 0.0192 (0.0185)
2024-10-21 18:42:59,933 DEBUG epoch [16/50], train_loss 0.0193 (0.0182), val_loss 0.0159 (0.0183)
2024-10-21 18:43:02,941 DEBUG epoch [17/50], train_loss 0.0183 (0.0182), val_loss 0.0198 (0.0182)
2024-10-21 18:43:05,846 DEBUG epoch [18/50], train_loss 0.0184 (0.0180), val_loss 0.0231 (0.0182)
2024-10-21 18:43:08,814 DEBUG epoch [19/50], train_loss 0.0197 (0.0180), val_loss 0.0194 (0.0182)
2024-10-21 18:43:11,733 DEBUG epoch [20/50], train_loss 0.0197 (0.0179), val_loss 0.0171 (0.0180)
2024-10-21 18:43:14,661 DEBUG epoch [21/50], train_loss 0.0180 (0.0178), val_loss 0.0171 (0.0182)
2024-10-21 18:43:17,633 DEBUG epoch [22/50], train_loss 0.0196 (0.0177), val_loss 0.0169 (0.0179)
2024-10-21 18:43:20,552 DEBUG epoch [23/50], train_loss 0.0170 (0.0177), val_loss 0.0168 (0.0179)
2024-10-21 18:43:23,465 DEBUG epoch [24/50], train_loss 0.0201 (0.0176), val_loss 0.0207 (0.0176)
2024-10-21 18:43:26,391 DEBUG epoch [25/50], train_loss 0.0186 (0.0175), val_loss 0.0188 (0.0180)
2024-10-21 18:43:29,355 DEBUG epoch [26/50], train_loss 0.0152 (0.0174), val_loss 0.0190 (0.0177)
2024-10-21 18:43:32,302 DEBUG epoch [27/50], train_loss 0.0172 (0.0173), val_loss 0.0204 (0.0173)
2024-10-21 18:43:35,234 DEBUG epoch [28/50], train_loss 0.0161 (0.0172), val_loss 0.0216 (0.0175)
2024-10-21 18:43:38,128 DEBUG epoch [29/50], train_loss 0.0193 (0.0171), val_loss 0.0185 (0.0174)
2024-10-21 18:43:41,156 DEBUG epoch [30/50], train_loss 0.0186 (0.0170), val_loss 0.0179 (0.0173)
2024-10-21 18:43:44,040 DEBUG epoch [31/50], train_loss 0.0175 (0.0169), val_loss 0.0160 (0.0174)
2024-10-21 18:43:46,984 DEBUG epoch [32/50], train_loss 0.0152 (0.0168), val_loss 0.0180 (0.0170)
2024-10-21 18:43:49,882 DEBUG epoch [33/50], train_loss 0.0165 (0.0167), val_loss 0.0267 (0.0170)
2024-10-21 18:43:52,830 DEBUG epoch [34/50], train_loss 0.0158 (0.0166), val_loss 0.0212 (0.0170)
2024-10-21 18:43:55,759 DEBUG epoch [35/50], train_loss 0.0186 (0.0165), val_loss 0.0207 (0.0170)
2024-10-21 18:43:58,674 DEBUG epoch [36/50], train_loss 0.0159 (0.0164), val_loss 0.0194 (0.0167)
2024-10-21 18:44:01,583 DEBUG epoch [37/50], train_loss 0.0170 (0.0162), val_loss 0.0155 (0.0167)
2024-10-21 18:44:04,611 DEBUG epoch [38/50], train_loss 0.0158 (0.0161), val_loss 0.0174 (0.0166)
2024-10-21 18:44:07,551 DEBUG epoch [39/50], train_loss 0.0171 (0.0161), val_loss 0.0182 (0.0165)
2024-10-21 18:44:10,468 DEBUG epoch [40/50], train_loss 0.0178 (0.0160), val_loss 0.0131 (0.0164)
2024-10-21 18:44:13,407 DEBUG epoch [41/50], train_loss 0.0176 (0.0158), val_loss 0.0157 (0.0163)
2024-10-21 18:44:16,241 DEBUG epoch [42/50], train_loss 0.0180 (0.0157), val_loss 0.0179 (0.0162)
2024-10-21 18:44:19,258 DEBUG epoch [43/50], train_loss 0.0150 (0.0156), val_loss 0.0162 (0.0162)
2024-10-21 18:44:22,111 DEBUG epoch [44/50], train_loss 0.0152 (0.0156), val_loss 0.0191 (0.0162)
2024-10-21 18:44:24,992 DEBUG epoch [45/50], train_loss 0.0166 (0.0155), val_loss 0.0153 (0.0161)
2024-10-21 18:44:27,887 DEBUG epoch [46/50], train_loss 0.0166 (0.0154), val_loss 0.0173 (0.0161)
2024-10-21 18:44:30,932 DEBUG epoch [47/50], train_loss 0.0160 (0.0153), val_loss 0.0145 (0.0160)
2024-10-21 18:44:33,889 DEBUG epoch [48/50], train_loss 0.0155 (0.0153), val_loss 0.0192 (0.0160)
2024-10-21 18:44:36,853 DEBUG epoch [49/50], train_loss 0.0159 (0.0153), val_loss 0.0189 (0.0159)
2024-10-21 18:44:39,764 DEBUG epoch [50/50], train_loss 0.0148 (0.0152), val_loss 0.0176 (0.0159)
2024-10-21 18:44:39,765 DEBUG Best Validation Loss is 0.013139355927705765
2024-10-21 18:44:40,196 DEBUG MSE Loss on ALL Image is 0.0158 (Real Attack Results on the Target Client)
2024-10-21 18:44:40,196 DEBUG SSIM Loss on ALL Image is 0.6648 (Real Attack Results on the Target Client)
2024-10-21 18:44:40,196 DEBUG PSNR Loss on ALL Image is 18.0064 (Real Attack Results on the Target Client)
2024-10-21 18:44:40,197 DEBUG run the attack for inference time
2024-10-21 18:44:41,237 DEBUG epoch [1/50], train_loss 0.0321 (0.0491), val_loss 0.0306 (0.0301)
2024-10-21 18:44:42,121 DEBUG epoch [2/50], train_loss 0.0248 (0.0269), val_loss 0.0256 (0.0250)
2024-10-21 18:44:43,048 DEBUG epoch [3/50], train_loss 0.0219 (0.0238), val_loss 0.0231 (0.0233)
2024-10-21 18:44:44,007 DEBUG epoch [4/50], train_loss 0.0246 (0.0223), val_loss 0.0219 (0.0224)
2024-10-21 18:44:44,953 DEBUG epoch [5/50], train_loss 0.0208 (0.0218), val_loss 0.0229 (0.0221)
2024-10-21 18:44:45,897 DEBUG epoch [6/50], train_loss 0.0186 (0.0210), val_loss 0.0213 (0.0213)
2024-10-21 18:44:46,761 DEBUG epoch [7/50], train_loss 0.0223 (0.0207), val_loss 0.0209 (0.0212)
2024-10-21 18:44:47,679 DEBUG epoch [8/50], train_loss 0.0206 (0.0206), val_loss 0.0218 (0.0208)
2024-10-21 18:44:48,583 DEBUG epoch [9/50], train_loss 0.0182 (0.0202), val_loss 0.0196 (0.0199)
2024-10-21 18:44:49,584 DEBUG epoch [10/50], train_loss 0.0197 (0.0198), val_loss 0.0215 (0.0202)
2024-10-21 18:44:50,508 DEBUG epoch [11/50], train_loss 0.0202 (0.0199), val_loss 0.0201 (0.0209)
2024-10-21 18:44:51,383 DEBUG epoch [12/50], train_loss 0.0208 (0.0197), val_loss 0.0200 (0.0198)
2024-10-21 18:44:52,265 DEBUG epoch [13/50], train_loss 0.0204 (0.0194), val_loss 0.0204 (0.0205)
2024-10-21 18:44:53,154 DEBUG epoch [14/50], train_loss 0.0216 (0.0194), val_loss 0.0195 (0.0200)
2024-10-21 18:44:54,093 DEBUG epoch [15/50], train_loss 0.0178 (0.0191), val_loss 0.0200 (0.0197)
2024-10-21 18:44:55,016 DEBUG epoch [16/50], train_loss 0.0217 (0.0190), val_loss 0.0190 (0.0201)
2024-10-21 18:44:56,035 DEBUG epoch [17/50], train_loss 0.0214 (0.0189), val_loss 0.0197 (0.0201)
2024-10-21 18:44:56,995 DEBUG epoch [18/50], train_loss 0.0196 (0.0189), val_loss 0.0209 (0.0198)
2024-10-21 18:44:57,876 DEBUG epoch [19/50], train_loss 0.0169 (0.0187), val_loss 0.0202 (0.0196)
2024-10-21 18:44:58,775 DEBUG epoch [20/50], train_loss 0.0206 (0.0186), val_loss 0.0196 (0.0196)
2024-10-21 18:44:59,736 DEBUG epoch [21/50], train_loss 0.0214 (0.0185), val_loss 0.0210 (0.0201)
2024-10-21 18:45:00,691 DEBUG epoch [22/50], train_loss 0.0222 (0.0185), val_loss 0.0184 (0.0190)
2024-10-21 18:45:01,621 DEBUG epoch [23/50], train_loss 0.0196 (0.0182), val_loss 0.0183 (0.0188)
2024-10-21 18:45:02,578 DEBUG epoch [24/50], train_loss 0.0178 (0.0180), val_loss 0.0189 (0.0193)
2024-10-21 18:45:03,483 DEBUG epoch [25/50], train_loss 0.0175 (0.0181), val_loss 0.0190 (0.0190)
2024-10-21 18:45:04,392 DEBUG epoch [26/50], train_loss 0.0190 (0.0179), val_loss 0.0192 (0.0187)
2024-10-21 18:45:05,266 DEBUG epoch [27/50], train_loss 0.0186 (0.0179), val_loss 0.0189 (0.0190)
2024-10-21 18:45:06,166 DEBUG epoch [28/50], train_loss 0.0147 (0.0176), val_loss 0.0191 (0.0189)
2024-10-21 18:45:07,076 DEBUG epoch [29/50], train_loss 0.0173 (0.0174), val_loss 0.0183 (0.0185)
2024-10-21 18:45:08,060 DEBUG epoch [30/50], train_loss 0.0163 (0.0173), val_loss 0.0198 (0.0191)
2024-10-21 18:45:09,053 DEBUG epoch [31/50], train_loss 0.0200 (0.0174), val_loss 0.0186 (0.0183)
2024-10-21 18:45:10,020 DEBUG epoch [32/50], train_loss 0.0169 (0.0171), val_loss 0.0185 (0.0184)
2024-10-21 18:45:10,917 DEBUG epoch [33/50], train_loss 0.0156 (0.0169), val_loss 0.0182 (0.0181)
2024-10-21 18:45:11,856 DEBUG epoch [34/50], train_loss 0.0182 (0.0169), val_loss 0.0184 (0.0184)
2024-10-21 18:45:12,750 DEBUG epoch [35/50], train_loss 0.0161 (0.0168), val_loss 0.0181 (0.0182)
2024-10-21 18:45:13,707 DEBUG epoch [36/50], train_loss 0.0188 (0.0166), val_loss 0.0177 (0.0181)
2024-10-21 18:45:14,625 DEBUG epoch [37/50], train_loss 0.0170 (0.0165), val_loss 0.0178 (0.0179)
2024-10-21 18:45:15,578 DEBUG epoch [38/50], train_loss 0.0198 (0.0164), val_loss 0.0186 (0.0180)
2024-10-21 18:45:16,468 DEBUG epoch [39/50], train_loss 0.0201 (0.0163), val_loss 0.0167 (0.0180)
2024-10-21 18:45:17,413 DEBUG epoch [40/50], train_loss 0.0168 (0.0162), val_loss 0.0183 (0.0183)
2024-10-21 18:45:18,306 DEBUG epoch [41/50], train_loss 0.0148 (0.0161), val_loss 0.0180 (0.0177)
2024-10-21 18:45:19,209 DEBUG epoch [42/50], train_loss 0.0162 (0.0159), val_loss 0.0183 (0.0179)
2024-10-21 18:45:20,066 DEBUG epoch [43/50], train_loss 0.0176 (0.0158), val_loss 0.0182 (0.0181)
2024-10-21 18:45:21,053 DEBUG epoch [44/50], train_loss 0.0163 (0.0157), val_loss 0.0175 (0.0177)
2024-10-21 18:45:22,085 DEBUG epoch [45/50], train_loss 0.0137 (0.0156), val_loss 0.0178 (0.0176)
2024-10-21 18:45:23,022 DEBUG epoch [46/50], train_loss 0.0171 (0.0156), val_loss 0.0171 (0.0179)
2024-10-21 18:45:23,960 DEBUG epoch [47/50], train_loss 0.0159 (0.0155), val_loss 0.0171 (0.0174)
2024-10-21 18:45:24,822 DEBUG epoch [48/50], train_loss 0.0170 (0.0154), val_loss 0.0171 (0.0176)
2024-10-21 18:45:25,730 DEBUG epoch [49/50], train_loss 0.0142 (0.0153), val_loss 0.0190 (0.0177)
2024-10-21 18:45:26,689 DEBUG epoch [50/50], train_loss 0.0184 (0.0153), val_loss 0.0176 (0.0177)
2024-10-21 18:45:26,689 DEBUG Best Validation Loss is 0.01673831418156624
2024-10-21 18:45:26,985 DEBUG MSE Loss on ALL Image is 0.0176 (Real Attack Results on the Target Client)
2024-10-21 18:45:26,985 DEBUG SSIM Loss on ALL Image is 0.6449 (Real Attack Results on the Target Client)
2024-10-21 18:45:26,985 DEBUG PSNR Loss on ALL Image is 17.5450 (Real Attack Results on the Target Client)
