2024-10-21 00:46:56,469 DEBUG Generating IR ...... (may take a while)
2024-10-21 00:46:58,135 DEBUG run the attack for training time
2024-10-21 00:47:01,206 DEBUG epoch [1/50], train_loss 0.0133 (0.0182), val_loss 0.0131 (0.0131)
2024-10-21 00:47:04,096 DEBUG epoch [2/50], train_loss 0.0121 (0.0123), val_loss 0.0149 (0.0120)
2024-10-21 00:47:06,945 DEBUG epoch [3/50], train_loss 0.0118 (0.0117), val_loss 0.0129 (0.0118)
2024-10-21 00:47:09,771 DEBUG epoch [4/50], train_loss 0.0124 (0.0115), val_loss 0.0135 (0.0115)
2024-10-21 00:47:12,610 DEBUG epoch [5/50], train_loss 0.0124 (0.0113), val_loss 0.0128 (0.0114)
2024-10-21 00:47:15,423 DEBUG epoch [6/50], train_loss 0.0126 (0.0113), val_loss 0.0127 (0.0115)
2024-10-21 00:47:18,293 DEBUG epoch [7/50], train_loss 0.0119 (0.0112), val_loss 0.0135 (0.0112)
2024-10-21 00:47:21,064 DEBUG epoch [8/50], train_loss 0.0123 (0.0111), val_loss 0.0155 (0.0111)
2024-10-21 00:47:23,869 DEBUG epoch [9/50], train_loss 0.0110 (0.0111), val_loss 0.0126 (0.0112)
2024-10-21 00:47:26,671 DEBUG epoch [10/50], train_loss 0.0117 (0.0110), val_loss 0.0141 (0.0112)
2024-10-21 00:47:29,449 DEBUG epoch [11/50], train_loss 0.0111 (0.0109), val_loss 0.0131 (0.0109)
2024-10-21 00:47:32,422 DEBUG epoch [12/50], train_loss 0.0108 (0.0108), val_loss 0.0107 (0.0108)
2024-10-21 00:47:35,264 DEBUG epoch [13/50], train_loss 0.0120 (0.0108), val_loss 0.0109 (0.0108)
2024-10-21 00:47:38,054 DEBUG epoch [14/50], train_loss 0.0120 (0.0108), val_loss 0.0098 (0.0110)
2024-10-21 00:47:40,844 DEBUG epoch [15/50], train_loss 0.0109 (0.0107), val_loss 0.0123 (0.0107)
2024-10-21 00:47:43,698 DEBUG epoch [16/50], train_loss 0.0115 (0.0107), val_loss 0.0097 (0.0108)
2024-10-21 00:47:46,546 DEBUG epoch [17/50], train_loss 0.0105 (0.0107), val_loss 0.0120 (0.0109)
2024-10-21 00:47:49,475 DEBUG epoch [18/50], train_loss 0.0109 (0.0105), val_loss 0.0143 (0.0109)
2024-10-21 00:47:52,334 DEBUG epoch [19/50], train_loss 0.0115 (0.0105), val_loss 0.0122 (0.0108)
2024-10-21 00:47:55,203 DEBUG epoch [20/50], train_loss 0.0116 (0.0105), val_loss 0.0098 (0.0106)
2024-10-21 00:47:58,036 DEBUG epoch [21/50], train_loss 0.0103 (0.0105), val_loss 0.0103 (0.0107)
2024-10-21 00:48:00,840 DEBUG epoch [22/50], train_loss 0.0108 (0.0105), val_loss 0.0108 (0.0107)
2024-10-21 00:48:03,677 DEBUG epoch [23/50], train_loss 0.0097 (0.0104), val_loss 0.0104 (0.0104)
2024-10-21 00:48:06,574 DEBUG epoch [24/50], train_loss 0.0123 (0.0103), val_loss 0.0129 (0.0104)
2024-10-21 00:48:09,454 DEBUG epoch [25/50], train_loss 0.0109 (0.0103), val_loss 0.0116 (0.0104)
2024-10-21 00:48:12,331 DEBUG epoch [26/50], train_loss 0.0095 (0.0102), val_loss 0.0115 (0.0104)
2024-10-21 00:48:15,204 DEBUG epoch [27/50], train_loss 0.0103 (0.0102), val_loss 0.0118 (0.0103)
2024-10-21 00:48:18,151 DEBUG epoch [28/50], train_loss 0.0092 (0.0101), val_loss 0.0130 (0.0102)
2024-10-21 00:48:20,993 DEBUG epoch [29/50], train_loss 0.0107 (0.0101), val_loss 0.0105 (0.0102)
2024-10-21 00:48:23,855 DEBUG epoch [30/50], train_loss 0.0106 (0.0100), val_loss 0.0106 (0.0101)
2024-10-21 00:48:26,647 DEBUG epoch [31/50], train_loss 0.0109 (0.0100), val_loss 0.0102 (0.0102)
2024-10-21 00:48:29,479 DEBUG epoch [32/50], train_loss 0.0092 (0.0099), val_loss 0.0100 (0.0101)
2024-10-21 00:48:32,364 DEBUG epoch [33/50], train_loss 0.0094 (0.0099), val_loss 0.0149 (0.0100)
2024-10-21 00:48:35,309 DEBUG epoch [34/50], train_loss 0.0094 (0.0098), val_loss 0.0127 (0.0100)
2024-10-21 00:48:38,255 DEBUG epoch [35/50], train_loss 0.0108 (0.0098), val_loss 0.0129 (0.0099)
2024-10-21 00:48:41,159 DEBUG epoch [36/50], train_loss 0.0099 (0.0097), val_loss 0.0116 (0.0098)
2024-10-21 00:48:44,011 DEBUG epoch [37/50], train_loss 0.0096 (0.0096), val_loss 0.0097 (0.0099)
2024-10-21 00:48:46,848 DEBUG epoch [38/50], train_loss 0.0095 (0.0096), val_loss 0.0119 (0.0098)
2024-10-21 00:48:49,617 DEBUG epoch [39/50], train_loss 0.0102 (0.0095), val_loss 0.0089 (0.0098)
2024-10-21 00:48:52,434 DEBUG epoch [40/50], train_loss 0.0110 (0.0095), val_loss 0.0092 (0.0096)
2024-10-21 00:48:55,210 DEBUG epoch [41/50], train_loss 0.0109 (0.0094), val_loss 0.0106 (0.0096)
2024-10-21 00:48:58,031 DEBUG epoch [42/50], train_loss 0.0106 (0.0093), val_loss 0.0099 (0.0095)
2024-10-21 00:49:00,885 DEBUG epoch [43/50], train_loss 0.0090 (0.0093), val_loss 0.0095 (0.0094)
2024-10-21 00:49:03,754 DEBUG epoch [44/50], train_loss 0.0090 (0.0093), val_loss 0.0103 (0.0094)
2024-10-21 00:49:06,707 DEBUG epoch [45/50], train_loss 0.0105 (0.0092), val_loss 0.0096 (0.0094)
2024-10-21 00:49:09,511 DEBUG epoch [46/50], train_loss 0.0102 (0.0092), val_loss 0.0105 (0.0094)
2024-10-21 00:49:12,327 DEBUG epoch [47/50], train_loss 0.0093 (0.0091), val_loss 0.0085 (0.0093)
2024-10-21 00:49:15,102 DEBUG epoch [48/50], train_loss 0.0092 (0.0091), val_loss 0.0116 (0.0094)
2024-10-21 00:49:17,976 DEBUG epoch [49/50], train_loss 0.0094 (0.0091), val_loss 0.0137 (0.0093)
2024-10-21 00:49:20,879 DEBUG epoch [50/50], train_loss 0.0090 (0.0090), val_loss 0.0116 (0.0093)
2024-10-21 00:49:20,879 DEBUG Best Validation Loss is 0.008480070158839226
2024-10-21 00:49:21,293 DEBUG MSE Loss on ALL Image is 0.0092 (Real Attack Results on the Target Client)
2024-10-21 00:49:21,293 DEBUG SSIM Loss on ALL Image is 0.7573 (Real Attack Results on the Target Client)
2024-10-21 00:49:21,293 DEBUG PSNR Loss on ALL Image is 20.3604 (Real Attack Results on the Target Client)
2024-10-21 00:49:21,294 DEBUG run the attack for inference time
2024-10-21 00:49:22,194 DEBUG epoch [1/50], train_loss 0.0216 (0.0383), val_loss 0.0198 (0.0196)
2024-10-21 00:49:23,078 DEBUG epoch [2/50], train_loss 0.0165 (0.0176), val_loss 0.0164 (0.0160)
2024-10-21 00:49:23,955 DEBUG epoch [3/50], train_loss 0.0136 (0.0150), val_loss 0.0146 (0.0145)
2024-10-21 00:49:24,811 DEBUG epoch [4/50], train_loss 0.0150 (0.0139), val_loss 0.0133 (0.0136)
2024-10-21 00:49:25,687 DEBUG epoch [5/50], train_loss 0.0130 (0.0132), val_loss 0.0133 (0.0133)
2024-10-21 00:49:26,567 DEBUG epoch [6/50], train_loss 0.0117 (0.0129), val_loss 0.0133 (0.0128)
2024-10-21 00:49:27,445 DEBUG epoch [7/50], train_loss 0.0123 (0.0124), val_loss 0.0123 (0.0125)
2024-10-21 00:49:28,362 DEBUG epoch [8/50], train_loss 0.0120 (0.0122), val_loss 0.0129 (0.0124)
2024-10-21 00:49:29,227 DEBUG epoch [9/50], train_loss 0.0118 (0.0121), val_loss 0.0126 (0.0123)
2024-10-21 00:49:30,145 DEBUG epoch [10/50], train_loss 0.0120 (0.0119), val_loss 0.0128 (0.0119)
2024-10-21 00:49:30,991 DEBUG epoch [11/50], train_loss 0.0137 (0.0118), val_loss 0.0116 (0.0119)
2024-10-21 00:49:31,849 DEBUG epoch [12/50], train_loss 0.0127 (0.0117), val_loss 0.0122 (0.0120)
2024-10-21 00:49:32,733 DEBUG epoch [13/50], train_loss 0.0123 (0.0116), val_loss 0.0117 (0.0119)
2024-10-21 00:49:33,641 DEBUG epoch [14/50], train_loss 0.0131 (0.0116), val_loss 0.0118 (0.0120)
2024-10-21 00:49:34,531 DEBUG epoch [15/50], train_loss 0.0119 (0.0114), val_loss 0.0117 (0.0118)
2024-10-21 00:49:35,415 DEBUG epoch [16/50], train_loss 0.0133 (0.0114), val_loss 0.0111 (0.0116)
2024-10-21 00:49:36,266 DEBUG epoch [17/50], train_loss 0.0140 (0.0113), val_loss 0.0114 (0.0120)
2024-10-21 00:49:37,097 DEBUG epoch [18/50], train_loss 0.0113 (0.0113), val_loss 0.0117 (0.0114)
2024-10-21 00:49:38,007 DEBUG epoch [19/50], train_loss 0.0104 (0.0111), val_loss 0.0119 (0.0115)
2024-10-21 00:49:38,903 DEBUG epoch [20/50], train_loss 0.0125 (0.0111), val_loss 0.0118 (0.0116)
2024-10-21 00:49:39,748 DEBUG epoch [21/50], train_loss 0.0124 (0.0110), val_loss 0.0119 (0.0115)
2024-10-21 00:49:40,644 DEBUG epoch [22/50], train_loss 0.0134 (0.0109), val_loss 0.0112 (0.0114)
2024-10-21 00:49:41,501 DEBUG epoch [23/50], train_loss 0.0130 (0.0109), val_loss 0.0108 (0.0112)
2024-10-21 00:49:42,399 DEBUG epoch [24/50], train_loss 0.0119 (0.0109), val_loss 0.0110 (0.0113)
2024-10-21 00:49:43,247 DEBUG epoch [25/50], train_loss 0.0105 (0.0108), val_loss 0.0112 (0.0111)
2024-10-21 00:49:44,116 DEBUG epoch [26/50], train_loss 0.0103 (0.0106), val_loss 0.0116 (0.0110)
2024-10-21 00:49:44,993 DEBUG epoch [27/50], train_loss 0.0117 (0.0106), val_loss 0.0109 (0.0110)
2024-10-21 00:49:45,834 DEBUG epoch [28/50], train_loss 0.0097 (0.0105), val_loss 0.0111 (0.0111)
2024-10-21 00:49:46,713 DEBUG epoch [29/50], train_loss 0.0110 (0.0105), val_loss 0.0104 (0.0109)
2024-10-21 00:49:47,620 DEBUG epoch [30/50], train_loss 0.0098 (0.0103), val_loss 0.0113 (0.0109)
2024-10-21 00:49:48,505 DEBUG epoch [31/50], train_loss 0.0123 (0.0104), val_loss 0.0111 (0.0107)
2024-10-21 00:49:49,412 DEBUG epoch [32/50], train_loss 0.0111 (0.0103), val_loss 0.0105 (0.0108)
2024-10-21 00:49:50,295 DEBUG epoch [33/50], train_loss 0.0102 (0.0102), val_loss 0.0108 (0.0107)
2024-10-21 00:49:51,185 DEBUG epoch [34/50], train_loss 0.0112 (0.0102), val_loss 0.0109 (0.0107)
2024-10-21 00:49:52,087 DEBUG epoch [35/50], train_loss 0.0097 (0.0101), val_loss 0.0105 (0.0105)
2024-10-21 00:49:52,972 DEBUG epoch [36/50], train_loss 0.0099 (0.0100), val_loss 0.0103 (0.0106)
2024-10-21 00:49:53,813 DEBUG epoch [37/50], train_loss 0.0101 (0.0099), val_loss 0.0106 (0.0105)
2024-10-21 00:49:54,660 DEBUG epoch [38/50], train_loss 0.0108 (0.0098), val_loss 0.0110 (0.0105)
2024-10-21 00:49:55,555 DEBUG epoch [39/50], train_loss 0.0117 (0.0098), val_loss 0.0098 (0.0103)
2024-10-21 00:49:56,435 DEBUG epoch [40/50], train_loss 0.0099 (0.0097), val_loss 0.0106 (0.0106)
2024-10-21 00:49:57,308 DEBUG epoch [41/50], train_loss 0.0090 (0.0097), val_loss 0.0099 (0.0102)
2024-10-21 00:49:58,183 DEBUG epoch [42/50], train_loss 0.0104 (0.0096), val_loss 0.0106 (0.0103)
2024-10-21 00:49:59,070 DEBUG epoch [43/50], train_loss 0.0115 (0.0095), val_loss 0.0108 (0.0105)
2024-10-21 00:49:59,930 DEBUG epoch [44/50], train_loss 0.0098 (0.0095), val_loss 0.0099 (0.0102)
2024-10-21 00:50:00,856 DEBUG epoch [45/50], train_loss 0.0079 (0.0095), val_loss 0.0104 (0.0102)
2024-10-21 00:50:01,684 DEBUG epoch [46/50], train_loss 0.0106 (0.0094), val_loss 0.0099 (0.0103)
2024-10-21 00:50:02,549 DEBUG epoch [47/50], train_loss 0.0096 (0.0093), val_loss 0.0103 (0.0101)
2024-10-21 00:50:03,446 DEBUG epoch [48/50], train_loss 0.0102 (0.0093), val_loss 0.0102 (0.0103)
2024-10-21 00:50:04,290 DEBUG epoch [49/50], train_loss 0.0087 (0.0092), val_loss 0.0104 (0.0101)
2024-10-21 00:50:05,146 DEBUG epoch [50/50], train_loss 0.0119 (0.0093), val_loss 0.0103 (0.0102)
2024-10-21 00:50:05,146 DEBUG Best Validation Loss is 0.00967365875840187
2024-10-21 00:50:05,420 DEBUG MSE Loss on ALL Image is 0.0100 (Real Attack Results on the Target Client)
2024-10-21 00:50:05,420 DEBUG SSIM Loss on ALL Image is 0.7420 (Real Attack Results on the Target Client)
2024-10-21 00:50:05,420 DEBUG PSNR Loss on ALL Image is 19.9908 (Real Attack Results on the Target Client)
