2024-10-17 23:34:38,640 DEBUG Generating IR ...... (may take a while)
2024-10-17 23:34:40,628 DEBUG run the attack for training time
2024-10-17 23:34:44,722 DEBUG epoch [1/50], train_loss 0.0377 (0.0416), val_loss 0.0542 (0.0366)
2024-10-17 23:34:48,388 DEBUG epoch [2/50], train_loss 0.0363 (0.0362), val_loss 0.0481 (0.0358)
2024-10-17 23:34:51,915 DEBUG epoch [3/50], train_loss 0.0365 (0.0353), val_loss 0.0333 (0.0351)
2024-10-17 23:34:55,415 DEBUG epoch [4/50], train_loss 0.0394 (0.0349), val_loss 0.0389 (0.0349)
2024-10-17 23:34:59,086 DEBUG epoch [5/50], train_loss 0.0339 (0.0346), val_loss 0.0361 (0.0351)
2024-10-17 23:35:02,721 DEBUG epoch [6/50], train_loss 0.0392 (0.0345), val_loss 0.0357 (0.0349)
2024-10-17 23:35:06,189 DEBUG epoch [7/50], train_loss 0.0338 (0.0343), val_loss 0.0316 (0.0346)
2024-10-17 23:35:09,692 DEBUG epoch [8/50], train_loss 0.0347 (0.0340), val_loss 0.0329 (0.0348)
2024-10-17 23:35:13,289 DEBUG epoch [9/50], train_loss 0.0329 (0.0340), val_loss 0.0350 (0.0344)
2024-10-17 23:35:16,998 DEBUG epoch [10/50], train_loss 0.0341 (0.0338), val_loss 0.0403 (0.0346)
2024-10-17 23:35:20,869 DEBUG epoch [11/50], train_loss 0.0333 (0.0336), val_loss 0.0398 (0.0344)
2024-10-17 23:35:24,523 DEBUG epoch [12/50], train_loss 0.0359 (0.0335), val_loss 0.0395 (0.0342)
2024-10-17 23:35:27,898 DEBUG epoch [13/50], train_loss 0.0355 (0.0333), val_loss 0.0357 (0.0342)
2024-10-17 23:35:31,431 DEBUG epoch [14/50], train_loss 0.0332 (0.0332), val_loss 0.0284 (0.0342)
2024-10-17 23:35:35,124 DEBUG epoch [15/50], train_loss 0.0348 (0.0331), val_loss 0.0425 (0.0339)
2024-10-17 23:35:38,793 DEBUG epoch [16/50], train_loss 0.0333 (0.0329), val_loss 0.0316 (0.0341)
2024-10-17 23:35:42,370 DEBUG epoch [17/50], train_loss 0.0331 (0.0328), val_loss 0.0418 (0.0338)
2024-10-17 23:35:45,885 DEBUG epoch [18/50], train_loss 0.0348 (0.0326), val_loss 0.0351 (0.0340)
2024-10-17 23:35:49,997 DEBUG epoch [19/50], train_loss 0.0334 (0.0324), val_loss 0.0386 (0.0336)
2024-10-17 23:35:53,630 DEBUG epoch [20/50], train_loss 0.0347 (0.0323), val_loss 0.0281 (0.0338)
2024-10-17 23:35:57,013 DEBUG epoch [21/50], train_loss 0.0338 (0.0320), val_loss 0.0331 (0.0338)
2024-10-17 23:36:00,535 DEBUG epoch [22/50], train_loss 0.0354 (0.0318), val_loss 0.0330 (0.0339)
2024-10-17 23:36:03,977 DEBUG epoch [23/50], train_loss 0.0299 (0.0316), val_loss 0.0326 (0.0336)
2024-10-17 23:36:07,624 DEBUG epoch [24/50], train_loss 0.0361 (0.0314), val_loss 0.0409 (0.0335)
2024-10-17 23:36:11,227 DEBUG epoch [25/50], train_loss 0.0320 (0.0311), val_loss 0.0347 (0.0335)
2024-10-17 23:36:14,687 DEBUG epoch [26/50], train_loss 0.0278 (0.0309), val_loss 0.0352 (0.0335)
2024-10-17 23:36:18,181 DEBUG epoch [27/50], train_loss 0.0302 (0.0306), val_loss 0.0327 (0.0338)
2024-10-17 23:36:21,598 DEBUG epoch [28/50], train_loss 0.0290 (0.0303), val_loss 0.0357 (0.0338)
2024-10-17 23:36:25,216 DEBUG epoch [29/50], train_loss 0.0320 (0.0300), val_loss 0.0290 (0.0334)
2024-10-17 23:36:28,949 DEBUG epoch [30/50], train_loss 0.0323 (0.0297), val_loss 0.0347 (0.0335)
2024-10-17 23:36:32,410 DEBUG epoch [31/50], train_loss 0.0311 (0.0294), val_loss 0.0271 (0.0335)
2024-10-17 23:36:35,876 DEBUG epoch [32/50], train_loss 0.0261 (0.0291), val_loss 0.0400 (0.0338)
2024-10-17 23:36:39,345 DEBUG epoch [33/50], train_loss 0.0296 (0.0287), val_loss 0.0456 (0.0336)
2024-10-17 23:36:43,089 DEBUG epoch [34/50], train_loss 0.0272 (0.0283), val_loss 0.0361 (0.0337)
2024-10-17 23:36:46,592 DEBUG epoch [35/50], train_loss 0.0302 (0.0280), val_loss 0.0373 (0.0341)
2024-10-17 23:36:50,116 DEBUG epoch [36/50], train_loss 0.0275 (0.0276), val_loss 0.0408 (0.0341)
2024-10-17 23:36:53,557 DEBUG epoch [37/50], train_loss 0.0266 (0.0272), val_loss 0.0376 (0.0340)
2024-10-17 23:36:57,094 DEBUG epoch [38/50], train_loss 0.0265 (0.0269), val_loss 0.0347 (0.0340)
2024-10-17 23:37:00,743 DEBUG epoch [39/50], train_loss 0.0282 (0.0265), val_loss 0.0479 (0.0343)
2024-10-17 23:37:04,290 DEBUG epoch [40/50], train_loss 0.0296 (0.0262), val_loss 0.0333 (0.0345)
2024-10-17 23:37:07,799 DEBUG epoch [41/50], train_loss 0.0271 (0.0259), val_loss 0.0313 (0.0344)
2024-10-17 23:37:11,341 DEBUG epoch [42/50], train_loss 0.0287 (0.0255), val_loss 0.0333 (0.0345)
2024-10-17 23:37:15,106 DEBUG epoch [43/50], train_loss 0.0258 (0.0253), val_loss 0.0350 (0.0348)
2024-10-17 23:37:18,598 DEBUG epoch [44/50], train_loss 0.0232 (0.0250), val_loss 0.0432 (0.0347)
2024-10-17 23:37:22,322 DEBUG epoch [45/50], train_loss 0.0269 (0.0248), val_loss 0.0303 (0.0349)
2024-10-17 23:37:26,258 DEBUG epoch [46/50], train_loss 0.0265 (0.0246), val_loss 0.0358 (0.0350)
2024-10-17 23:37:29,649 DEBUG epoch [47/50], train_loss 0.0251 (0.0245), val_loss 0.0384 (0.0350)
2024-10-17 23:37:33,143 DEBUG epoch [48/50], train_loss 0.0256 (0.0244), val_loss 0.0471 (0.0351)
2024-10-17 23:37:36,583 DEBUG epoch [49/50], train_loss 0.0258 (0.0243), val_loss 0.0390 (0.0350)
2024-10-17 23:37:40,128 DEBUG epoch [50/50], train_loss 0.0228 (0.0242), val_loss 0.0448 (0.0352)
2024-10-17 23:37:40,129 DEBUG Best Validation Loss is 0.027082106098532677
2024-10-17 23:37:40,652 DEBUG MSE Loss on ALL Image is 0.0351 (Real Attack Results on the Target Client)
2024-10-17 23:37:40,652 DEBUG SSIM Loss on ALL Image is 0.4734 (Real Attack Results on the Target Client)
2024-10-17 23:37:40,652 DEBUG PSNR Loss on ALL Image is 14.5533 (Real Attack Results on the Target Client)
2024-10-17 23:37:40,653 DEBUG run the attack for inference time
2024-10-17 23:37:41,789 DEBUG epoch [1/50], train_loss 0.0507 (0.0541), val_loss 0.0442 (0.0434)
2024-10-17 23:37:42,940 DEBUG epoch [2/50], train_loss 0.0377 (0.0421), val_loss 0.0408 (0.0405)
2024-10-17 23:37:44,179 DEBUG epoch [3/50], train_loss 0.0379 (0.0392), val_loss 0.0384 (0.0383)
2024-10-17 23:37:45,367 DEBUG epoch [4/50], train_loss 0.0415 (0.0373), val_loss 0.0373 (0.0381)
2024-10-17 23:37:46,495 DEBUG epoch [5/50], train_loss 0.0360 (0.0364), val_loss 0.0369 (0.0368)
2024-10-17 23:37:47,587 DEBUG epoch [6/50], train_loss 0.0319 (0.0354), val_loss 0.0387 (0.0372)
2024-10-17 23:37:48,565 DEBUG epoch [7/50], train_loss 0.0330 (0.0351), val_loss 0.0363 (0.0366)
2024-10-17 23:37:49,650 DEBUG epoch [8/50], train_loss 0.0343 (0.0340), val_loss 0.0372 (0.0362)
2024-10-17 23:37:50,767 DEBUG epoch [9/50], train_loss 0.0334 (0.0334), val_loss 0.0348 (0.0364)
2024-10-17 23:37:51,819 DEBUG epoch [10/50], train_loss 0.0312 (0.0326), val_loss 0.0380 (0.0363)
2024-10-17 23:37:52,897 DEBUG epoch [11/50], train_loss 0.0353 (0.0320), val_loss 0.0367 (0.0362)
2024-10-17 23:37:53,948 DEBUG epoch [12/50], train_loss 0.0344 (0.0316), val_loss 0.0373 (0.0364)
2024-10-17 23:37:55,025 DEBUG epoch [13/50], train_loss 0.0332 (0.0309), val_loss 0.0353 (0.0369)
2024-10-17 23:37:56,072 DEBUG epoch [14/50], train_loss 0.0318 (0.0302), val_loss 0.0367 (0.0372)
2024-10-17 23:37:57,072 DEBUG epoch [15/50], train_loss 0.0286 (0.0298), val_loss 0.0373 (0.0372)
2024-10-17 23:37:58,135 DEBUG epoch [16/50], train_loss 0.0297 (0.0293), val_loss 0.0360 (0.0371)
2024-10-17 23:37:59,183 DEBUG epoch [17/50], train_loss 0.0319 (0.0288), val_loss 0.0360 (0.0372)
2024-10-17 23:38:00,324 DEBUG epoch [18/50], train_loss 0.0280 (0.0277), val_loss 0.0378 (0.0365)
2024-10-17 23:38:01,435 DEBUG epoch [19/50], train_loss 0.0263 (0.0271), val_loss 0.0396 (0.0375)
2024-10-17 23:38:02,601 DEBUG epoch [20/50], train_loss 0.0296 (0.0266), val_loss 0.0368 (0.0376)
2024-10-17 23:38:03,802 DEBUG epoch [21/50], train_loss 0.0313 (0.0262), val_loss 0.0383 (0.0371)
2024-10-17 23:38:05,108 DEBUG epoch [22/50], train_loss 0.0296 (0.0262), val_loss 0.0376 (0.0381)
2024-10-17 23:38:06,310 DEBUG epoch [23/50], train_loss 0.0301 (0.0252), val_loss 0.0382 (0.0383)
2024-10-17 23:38:07,577 DEBUG epoch [24/50], train_loss 0.0245 (0.0246), val_loss 0.0380 (0.0382)
2024-10-17 23:38:08,862 DEBUG epoch [25/50], train_loss 0.0254 (0.0242), val_loss 0.0378 (0.0387)
2024-10-17 23:38:10,126 DEBUG epoch [26/50], train_loss 0.0237 (0.0236), val_loss 0.0387 (0.0380)
2024-10-17 23:38:11,182 DEBUG epoch [27/50], train_loss 0.0273 (0.0230), val_loss 0.0394 (0.0384)
2024-10-17 23:38:12,197 DEBUG epoch [28/50], train_loss 0.0218 (0.0227), val_loss 0.0401 (0.0382)
2024-10-17 23:38:13,206 DEBUG epoch [29/50], train_loss 0.0214 (0.0219), val_loss 0.0385 (0.0384)
2024-10-17 23:38:14,249 DEBUG epoch [30/50], train_loss 0.0224 (0.0214), val_loss 0.0394 (0.0392)
2024-10-17 23:38:15,368 DEBUG epoch [31/50], train_loss 0.0246 (0.0212), val_loss 0.0405 (0.0393)
2024-10-17 23:38:16,484 DEBUG epoch [32/50], train_loss 0.0220 (0.0206), val_loss 0.0384 (0.0393)
2024-10-17 23:38:17,515 DEBUG epoch [33/50], train_loss 0.0214 (0.0201), val_loss 0.0402 (0.0396)
2024-10-17 23:38:18,579 DEBUG epoch [34/50], train_loss 0.0208 (0.0197), val_loss 0.0403 (0.0395)
2024-10-17 23:38:19,567 DEBUG epoch [35/50], train_loss 0.0197 (0.0195), val_loss 0.0391 (0.0403)
2024-10-17 23:38:20,571 DEBUG epoch [36/50], train_loss 0.0202 (0.0190), val_loss 0.0398 (0.0404)
2024-10-17 23:38:21,627 DEBUG epoch [37/50], train_loss 0.0193 (0.0185), val_loss 0.0396 (0.0408)
2024-10-17 23:38:22,715 DEBUG epoch [38/50], train_loss 0.0199 (0.0181), val_loss 0.0402 (0.0409)
2024-10-17 23:38:23,837 DEBUG epoch [39/50], train_loss 0.0226 (0.0178), val_loss 0.0388 (0.0408)
2024-10-17 23:38:24,950 DEBUG epoch [40/50], train_loss 0.0190 (0.0174), val_loss 0.0409 (0.0413)
2024-10-17 23:38:26,058 DEBUG epoch [41/50], train_loss 0.0162 (0.0172), val_loss 0.0402 (0.0406)
2024-10-17 23:38:27,037 DEBUG epoch [42/50], train_loss 0.0191 (0.0169), val_loss 0.0412 (0.0409)
2024-10-17 23:38:28,079 DEBUG epoch [43/50], train_loss 0.0202 (0.0166), val_loss 0.0423 (0.0422)
2024-10-17 23:38:29,124 DEBUG epoch [44/50], train_loss 0.0181 (0.0163), val_loss 0.0402 (0.0417)
2024-10-17 23:38:30,150 DEBUG epoch [45/50], train_loss 0.0157 (0.0161), val_loss 0.0428 (0.0416)
2024-10-17 23:38:31,239 DEBUG epoch [46/50], train_loss 0.0177 (0.0159), val_loss 0.0404 (0.0427)
2024-10-17 23:38:32,395 DEBUG epoch [47/50], train_loss 0.0171 (0.0157), val_loss 0.0426 (0.0420)
2024-10-17 23:38:33,650 DEBUG epoch [48/50], train_loss 0.0190 (0.0156), val_loss 0.0419 (0.0424)
2024-10-17 23:38:34,806 DEBUG epoch [49/50], train_loss 0.0161 (0.0155), val_loss 0.0438 (0.0422)
2024-10-17 23:38:36,095 DEBUG epoch [50/50], train_loss 0.0189 (0.0154), val_loss 0.0440 (0.0426)
2024-10-17 23:38:36,096 DEBUG Best Validation Loss is 0.03451516479253769
2024-10-17 23:38:36,435 DEBUG MSE Loss on ALL Image is 0.0411 (Real Attack Results on the Target Client)
2024-10-17 23:38:36,436 DEBUG SSIM Loss on ALL Image is 0.4456 (Real Attack Results on the Target Client)
2024-10-17 23:38:36,436 DEBUG PSNR Loss on ALL Image is 13.8673 (Real Attack Results on the Target Client)
