2024-10-15 11:44:40,250 DEBUG Generating IR ...... (may take a while)
2024-10-15 11:44:42,010 DEBUG run the attack for training time
2024-10-15 11:44:45,192 DEBUG epoch [1/50], train_loss 0.0087 (0.0130), val_loss 0.0095 (0.0084)
2024-10-15 11:44:48,122 DEBUG epoch [2/50], train_loss 0.0077 (0.0080), val_loss 0.0101 (0.0078)
2024-10-15 11:44:51,153 DEBUG epoch [3/50], train_loss 0.0079 (0.0076), val_loss 0.0083 (0.0077)
2024-10-15 11:44:54,011 DEBUG epoch [4/50], train_loss 0.0080 (0.0074), val_loss 0.0094 (0.0076)
2024-10-15 11:44:56,923 DEBUG epoch [5/50], train_loss 0.0078 (0.0073), val_loss 0.0085 (0.0073)
2024-10-15 11:44:59,840 DEBUG epoch [6/50], train_loss 0.0075 (0.0072), val_loss 0.0089 (0.0075)
2024-10-15 11:45:02,778 DEBUG epoch [7/50], train_loss 0.0078 (0.0071), val_loss 0.0095 (0.0071)
2024-10-15 11:45:05,627 DEBUG epoch [8/50], train_loss 0.0076 (0.0070), val_loss 0.0106 (0.0071)
2024-10-15 11:45:08,598 DEBUG epoch [9/50], train_loss 0.0065 (0.0070), val_loss 0.0086 (0.0071)
2024-10-15 11:45:11,491 DEBUG epoch [10/50], train_loss 0.0072 (0.0069), val_loss 0.0097 (0.0071)
2024-10-15 11:45:14,375 DEBUG epoch [11/50], train_loss 0.0071 (0.0069), val_loss 0.0090 (0.0069)
2024-10-15 11:45:17,343 DEBUG epoch [12/50], train_loss 0.0067 (0.0068), val_loss 0.0070 (0.0069)
2024-10-15 11:45:20,255 DEBUG epoch [13/50], train_loss 0.0076 (0.0068), val_loss 0.0069 (0.0069)
2024-10-15 11:45:23,137 DEBUG epoch [14/50], train_loss 0.0074 (0.0067), val_loss 0.0063 (0.0069)
2024-10-15 11:45:26,048 DEBUG epoch [15/50], train_loss 0.0071 (0.0067), val_loss 0.0080 (0.0068)
2024-10-15 11:45:28,914 DEBUG epoch [16/50], train_loss 0.0071 (0.0067), val_loss 0.0064 (0.0068)
2024-10-15 11:45:31,820 DEBUG epoch [17/50], train_loss 0.0065 (0.0067), val_loss 0.0079 (0.0067)
2024-10-15 11:45:34,776 DEBUG epoch [18/50], train_loss 0.0069 (0.0066), val_loss 0.0112 (0.0067)
2024-10-15 11:45:37,689 DEBUG epoch [19/50], train_loss 0.0075 (0.0066), val_loss 0.0081 (0.0068)
2024-10-15 11:45:40,590 DEBUG epoch [20/50], train_loss 0.0073 (0.0065), val_loss 0.0066 (0.0068)
2024-10-15 11:45:43,474 DEBUG epoch [21/50], train_loss 0.0065 (0.0065), val_loss 0.0070 (0.0067)
2024-10-15 11:45:46,398 DEBUG epoch [22/50], train_loss 0.0069 (0.0065), val_loss 0.0066 (0.0066)
2024-10-15 11:45:49,335 DEBUG epoch [23/50], train_loss 0.0062 (0.0064), val_loss 0.0064 (0.0065)
2024-10-15 11:45:52,254 DEBUG epoch [24/50], train_loss 0.0081 (0.0064), val_loss 0.0081 (0.0065)
2024-10-15 11:45:55,231 DEBUG epoch [25/50], train_loss 0.0070 (0.0064), val_loss 0.0080 (0.0064)
2024-10-15 11:45:58,131 DEBUG epoch [26/50], train_loss 0.0056 (0.0063), val_loss 0.0071 (0.0064)
2024-10-15 11:46:01,106 DEBUG epoch [27/50], train_loss 0.0065 (0.0063), val_loss 0.0080 (0.0064)
2024-10-15 11:46:04,074 DEBUG epoch [28/50], train_loss 0.0058 (0.0062), val_loss 0.0075 (0.0064)
2024-10-15 11:46:06,963 DEBUG epoch [29/50], train_loss 0.0067 (0.0062), val_loss 0.0064 (0.0063)
2024-10-15 11:46:09,928 DEBUG epoch [30/50], train_loss 0.0067 (0.0062), val_loss 0.0070 (0.0063)
2024-10-15 11:46:12,858 DEBUG epoch [31/50], train_loss 0.0063 (0.0061), val_loss 0.0070 (0.0063)
2024-10-15 11:46:15,766 DEBUG epoch [32/50], train_loss 0.0056 (0.0061), val_loss 0.0065 (0.0062)
2024-10-15 11:46:18,676 DEBUG epoch [33/50], train_loss 0.0057 (0.0060), val_loss 0.0116 (0.0061)
2024-10-15 11:46:21,601 DEBUG epoch [34/50], train_loss 0.0057 (0.0060), val_loss 0.0077 (0.0061)
2024-10-15 11:46:24,447 DEBUG epoch [35/50], train_loss 0.0068 (0.0059), val_loss 0.0092 (0.0061)
2024-10-15 11:46:27,311 DEBUG epoch [36/50], train_loss 0.0059 (0.0059), val_loss 0.0066 (0.0060)
2024-10-15 11:46:30,297 DEBUG epoch [37/50], train_loss 0.0060 (0.0058), val_loss 0.0065 (0.0060)
2024-10-15 11:46:33,191 DEBUG epoch [38/50], train_loss 0.0060 (0.0058), val_loss 0.0074 (0.0060)
2024-10-15 11:46:36,122 DEBUG epoch [39/50], train_loss 0.0063 (0.0057), val_loss 0.0055 (0.0060)
2024-10-15 11:46:39,196 DEBUG epoch [40/50], train_loss 0.0068 (0.0057), val_loss 0.0054 (0.0059)
2024-10-15 11:46:42,040 DEBUG epoch [41/50], train_loss 0.0073 (0.0057), val_loss 0.0063 (0.0058)
2024-10-15 11:46:44,890 DEBUG epoch [42/50], train_loss 0.0068 (0.0056), val_loss 0.0063 (0.0058)
2024-10-15 11:46:47,878 DEBUG epoch [43/50], train_loss 0.0054 (0.0056), val_loss 0.0058 (0.0058)
2024-10-15 11:46:50,857 DEBUG epoch [44/50], train_loss 0.0055 (0.0055), val_loss 0.0065 (0.0058)
2024-10-15 11:46:53,738 DEBUG epoch [45/50], train_loss 0.0062 (0.0055), val_loss 0.0063 (0.0057)
2024-10-15 11:46:56,629 DEBUG epoch [46/50], train_loss 0.0066 (0.0054), val_loss 0.0063 (0.0057)
2024-10-15 11:46:59,540 DEBUG epoch [47/50], train_loss 0.0052 (0.0054), val_loss 0.0053 (0.0057)
2024-10-15 11:47:02,394 DEBUG epoch [48/50], train_loss 0.0054 (0.0054), val_loss 0.0074 (0.0057)
2024-10-15 11:47:05,296 DEBUG epoch [49/50], train_loss 0.0056 (0.0053), val_loss 0.0102 (0.0057)
2024-10-15 11:47:08,303 DEBUG epoch [50/50], train_loss 0.0054 (0.0053), val_loss 0.0068 (0.0057)
2024-10-15 11:47:08,303 DEBUG Best Validation Loss is 0.005057775415480137
2024-10-15 11:47:08,731 DEBUG MSE Loss on ALL Image is 0.0056 (Real Attack Results on the Target Client)
2024-10-15 11:47:08,731 DEBUG SSIM Loss on ALL Image is 0.8239 (Real Attack Results on the Target Client)
2024-10-15 11:47:08,731 DEBUG PSNR Loss on ALL Image is 22.5507 (Real Attack Results on the Target Client)
2024-10-15 11:47:08,732 DEBUG run the attack for inference time
2024-10-15 11:47:09,740 DEBUG epoch [1/50], train_loss 0.0171 (0.0303), val_loss 0.0155 (0.0151)
2024-10-15 11:47:10,677 DEBUG epoch [2/50], train_loss 0.0113 (0.0128), val_loss 0.0116 (0.0113)
2024-10-15 11:47:11,567 DEBUG epoch [3/50], train_loss 0.0091 (0.0104), val_loss 0.0098 (0.0097)
2024-10-15 11:47:12,459 DEBUG epoch [4/50], train_loss 0.0103 (0.0093), val_loss 0.0089 (0.0090)
2024-10-15 11:47:13,354 DEBUG epoch [5/50], train_loss 0.0088 (0.0088), val_loss 0.0088 (0.0088)
2024-10-15 11:47:14,307 DEBUG epoch [6/50], train_loss 0.0079 (0.0084), val_loss 0.0088 (0.0083)
2024-10-15 11:47:15,253 DEBUG epoch [7/50], train_loss 0.0082 (0.0081), val_loss 0.0082 (0.0082)
2024-10-15 11:47:16,147 DEBUG epoch [8/50], train_loss 0.0078 (0.0079), val_loss 0.0086 (0.0081)
2024-10-15 11:47:17,049 DEBUG epoch [9/50], train_loss 0.0078 (0.0078), val_loss 0.0082 (0.0081)
2024-10-15 11:47:17,967 DEBUG epoch [10/50], train_loss 0.0078 (0.0077), val_loss 0.0083 (0.0077)
2024-10-15 11:47:18,834 DEBUG epoch [11/50], train_loss 0.0086 (0.0075), val_loss 0.0077 (0.0079)
2024-10-15 11:47:19,743 DEBUG epoch [12/50], train_loss 0.0086 (0.0075), val_loss 0.0081 (0.0080)
2024-10-15 11:47:20,631 DEBUG epoch [13/50], train_loss 0.0086 (0.0074), val_loss 0.0080 (0.0082)
2024-10-15 11:47:21,487 DEBUG epoch [14/50], train_loss 0.0087 (0.0074), val_loss 0.0078 (0.0081)
2024-10-15 11:47:22,352 DEBUG epoch [15/50], train_loss 0.0077 (0.0073), val_loss 0.0079 (0.0078)
2024-10-15 11:47:23,239 DEBUG epoch [16/50], train_loss 0.0093 (0.0073), val_loss 0.0075 (0.0078)
2024-10-15 11:47:24,213 DEBUG epoch [17/50], train_loss 0.0095 (0.0072), val_loss 0.0073 (0.0078)
2024-10-15 11:47:25,155 DEBUG epoch [18/50], train_loss 0.0076 (0.0071), val_loss 0.0075 (0.0075)
2024-10-15 11:47:26,046 DEBUG epoch [19/50], train_loss 0.0065 (0.0069), val_loss 0.0076 (0.0072)
2024-10-15 11:47:26,977 DEBUG epoch [20/50], train_loss 0.0075 (0.0069), val_loss 0.0074 (0.0075)
2024-10-15 11:47:27,876 DEBUG epoch [21/50], train_loss 0.0075 (0.0068), val_loss 0.0077 (0.0074)
2024-10-15 11:47:28,783 DEBUG epoch [22/50], train_loss 0.0086 (0.0068), val_loss 0.0074 (0.0075)
2024-10-15 11:47:29,642 DEBUG epoch [23/50], train_loss 0.0087 (0.0068), val_loss 0.0071 (0.0073)
2024-10-15 11:47:30,529 DEBUG epoch [24/50], train_loss 0.0069 (0.0066), val_loss 0.0069 (0.0071)
2024-10-15 11:47:31,428 DEBUG epoch [25/50], train_loss 0.0068 (0.0066), val_loss 0.0072 (0.0073)
2024-10-15 11:47:32,291 DEBUG epoch [26/50], train_loss 0.0064 (0.0065), val_loss 0.0075 (0.0072)
2024-10-15 11:47:33,207 DEBUG epoch [27/50], train_loss 0.0073 (0.0065), val_loss 0.0071 (0.0070)
2024-10-15 11:47:34,137 DEBUG epoch [28/50], train_loss 0.0056 (0.0064), val_loss 0.0071 (0.0072)
2024-10-15 11:47:35,026 DEBUG epoch [29/50], train_loss 0.0071 (0.0063), val_loss 0.0069 (0.0070)
2024-10-15 11:47:35,937 DEBUG epoch [30/50], train_loss 0.0062 (0.0062), val_loss 0.0075 (0.0071)
2024-10-15 11:47:36,808 DEBUG epoch [31/50], train_loss 0.0076 (0.0062), val_loss 0.0072 (0.0069)
2024-10-15 11:47:37,687 DEBUG epoch [32/50], train_loss 0.0069 (0.0062), val_loss 0.0069 (0.0069)
2024-10-15 11:47:38,636 DEBUG epoch [33/50], train_loss 0.0062 (0.0061), val_loss 0.0071 (0.0069)
2024-10-15 11:47:39,519 DEBUG epoch [34/50], train_loss 0.0063 (0.0060), val_loss 0.0068 (0.0069)
2024-10-15 11:47:40,390 DEBUG epoch [35/50], train_loss 0.0058 (0.0059), val_loss 0.0068 (0.0068)
2024-10-15 11:47:41,243 DEBUG epoch [36/50], train_loss 0.0061 (0.0059), val_loss 0.0068 (0.0068)
2024-10-15 11:47:42,146 DEBUG epoch [37/50], train_loss 0.0060 (0.0058), val_loss 0.0067 (0.0068)
2024-10-15 11:47:43,100 DEBUG epoch [38/50], train_loss 0.0061 (0.0057), val_loss 0.0072 (0.0067)
2024-10-15 11:47:43,992 DEBUG epoch [39/50], train_loss 0.0071 (0.0057), val_loss 0.0065 (0.0068)
2024-10-15 11:47:44,905 DEBUG epoch [40/50], train_loss 0.0059 (0.0056), val_loss 0.0068 (0.0068)
2024-10-15 11:47:45,761 DEBUG epoch [41/50], train_loss 0.0053 (0.0055), val_loss 0.0065 (0.0066)
2024-10-15 11:47:46,630 DEBUG epoch [42/50], train_loss 0.0062 (0.0055), val_loss 0.0069 (0.0067)
2024-10-15 11:47:47,529 DEBUG epoch [43/50], train_loss 0.0071 (0.0054), val_loss 0.0069 (0.0068)
2024-10-15 11:47:48,443 DEBUG epoch [44/50], train_loss 0.0057 (0.0054), val_loss 0.0064 (0.0066)
2024-10-15 11:47:49,350 DEBUG epoch [45/50], train_loss 0.0045 (0.0053), val_loss 0.0069 (0.0066)
2024-10-15 11:47:50,239 DEBUG epoch [46/50], train_loss 0.0064 (0.0053), val_loss 0.0066 (0.0068)
2024-10-15 11:47:51,163 DEBUG epoch [47/50], train_loss 0.0055 (0.0052), val_loss 0.0067 (0.0066)
2024-10-15 11:47:52,100 DEBUG epoch [48/50], train_loss 0.0057 (0.0052), val_loss 0.0065 (0.0067)
2024-10-15 11:47:53,039 DEBUG epoch [49/50], train_loss 0.0051 (0.0052), val_loss 0.0068 (0.0066)
2024-10-15 11:47:53,932 DEBUG epoch [50/50], train_loss 0.0071 (0.0052), val_loss 0.0066 (0.0067)
2024-10-15 11:47:53,932 DEBUG Best Validation Loss is 0.006085715256631374
2024-10-15 11:47:54,197 DEBUG MSE Loss on ALL Image is 0.0065 (Real Attack Results on the Target Client)
2024-10-15 11:47:54,197 DEBUG SSIM Loss on ALL Image is 0.8014 (Real Attack Results on the Target Client)
2024-10-15 11:47:54,197 DEBUG PSNR Loss on ALL Image is 21.8824 (Real Attack Results on the Target Client)
