2024-08-21 16:18:34,817 DEBUG Generating IR ...... (may take a while)
2024-08-21 16:18:46,172 DEBUG epoch [1/30], train_loss 0.0549 (0.0746), val_loss 0.0562 (0.0556)
2024-08-21 16:18:47,006 DEBUG epoch [2/30], train_loss 0.0432 (0.0491), val_loss 0.0446 (0.0439)
2024-08-21 16:18:47,853 DEBUG epoch [3/30], train_loss 0.0384 (0.0409), val_loss 0.0393 (0.0392)
2024-08-21 16:18:48,670 DEBUG epoch [4/30], train_loss 0.0360 (0.0381), val_loss 0.0379 (0.0375)
2024-08-21 16:18:49,494 DEBUG epoch [5/30], train_loss 0.0363 (0.0367), val_loss 0.0368 (0.0363)
2024-08-21 16:18:50,286 DEBUG epoch [6/30], train_loss 0.0350 (0.0356), val_loss 0.0363 (0.0358)
2024-08-21 16:18:51,116 DEBUG epoch [7/30], train_loss 0.0342 (0.0350), val_loss 0.0351 (0.0350)
2024-08-21 16:18:51,947 DEBUG epoch [8/30], train_loss 0.0338 (0.0345), val_loss 0.0349 (0.0343)
2024-08-21 16:18:52,807 DEBUG epoch [9/30], train_loss 0.0341 (0.0341), val_loss 0.0342 (0.0338)
2024-08-21 16:18:53,795 DEBUG epoch [10/30], train_loss 0.0326 (0.0339), val_loss 0.0344 (0.0336)
2024-08-21 16:18:54,633 DEBUG epoch [11/30], train_loss 0.0328 (0.0336), val_loss 0.0335 (0.0335)
2024-08-21 16:18:55,462 DEBUG epoch [12/30], train_loss 0.0327 (0.0334), val_loss 0.0334 (0.0330)
2024-08-21 16:18:56,269 DEBUG epoch [13/30], train_loss 0.0323 (0.0332), val_loss 0.0341 (0.0334)
2024-08-21 16:18:57,095 DEBUG epoch [14/30], train_loss 0.0327 (0.0331), val_loss 0.0334 (0.0326)
2024-08-21 16:18:57,908 DEBUG epoch [15/30], train_loss 0.0322 (0.0330), val_loss 0.0336 (0.0327)
2024-08-21 16:18:58,738 DEBUG epoch [16/30], train_loss 0.0316 (0.0328), val_loss 0.0329 (0.0327)
2024-08-21 16:18:59,544 DEBUG epoch [17/30], train_loss 0.0315 (0.0327), val_loss 0.0334 (0.0327)
2024-08-21 16:19:00,352 DEBUG epoch [18/30], train_loss 0.0310 (0.0326), val_loss 0.0332 (0.0327)
2024-08-21 16:19:01,173 DEBUG epoch [19/30], train_loss 0.0318 (0.0326), val_loss 0.0334 (0.0326)
2024-08-21 16:19:02,125 DEBUG epoch [20/30], train_loss 0.0321 (0.0325), val_loss 0.0332 (0.0328)
2024-08-21 16:19:02,942 DEBUG epoch [21/30], train_loss 0.0316 (0.0324), val_loss 0.0330 (0.0324)
2024-08-21 16:19:03,786 DEBUG epoch [22/30], train_loss 0.0314 (0.0323), val_loss 0.0327 (0.0323)
2024-08-21 16:19:04,583 DEBUG epoch [23/30], train_loss 0.0313 (0.0321), val_loss 0.0332 (0.0326)
2024-08-21 16:19:05,395 DEBUG epoch [24/30], train_loss 0.0326 (0.0323), val_loss 0.0330 (0.0324)
2024-08-21 16:19:06,216 DEBUG epoch [25/30], train_loss 0.0316 (0.0322), val_loss 0.0325 (0.0322)
2024-08-21 16:19:07,017 DEBUG epoch [26/30], train_loss 0.0318 (0.0322), val_loss 0.0322 (0.0321)
2024-08-21 16:19:07,841 DEBUG epoch [27/30], train_loss 0.0307 (0.0323), val_loss 0.0325 (0.0323)
2024-08-21 16:19:08,689 DEBUG epoch [28/30], train_loss 0.0319 (0.0322), val_loss 0.0328 (0.0321)
2024-08-21 16:19:09,512 DEBUG epoch [29/30], train_loss 0.0312 (0.0321), val_loss 0.0327 (0.0324)
2024-08-21 16:19:10,426 DEBUG epoch [30/30], train_loss 0.0318 (0.0321), val_loss 0.0327 (0.0322)
2024-08-21 16:19:10,426 DEBUG Best Validation Loss is 0.03148314729332924
2024-08-21 16:19:10,673 DEBUG MSE Loss on ALL Image is 0.0322 (Real Attack Results on the Target Client)
2024-08-21 16:19:10,673 DEBUG SSIM Loss on ALL Image is 0.4687 (Real Attack Results on the Target Client)
2024-08-21 16:19:10,673 DEBUG PSNR Loss on ALL Image is 14.9153 (Real Attack Results on the Target Client)
2024-08-21 16:19:43,849 DEBUG Generating IR ...... (may take a while)
2024-08-21 16:19:45,766 DEBUG run the attack for training time
2024-08-21 16:19:48,902 DEBUG epoch [1/50], train_loss 0.0279 (0.0350), val_loss 0.0273 (0.0290)
2024-08-21 16:19:51,796 DEBUG epoch [2/50], train_loss 0.0290 (0.0282), val_loss 0.0296 (0.0276)
2024-08-21 16:19:54,829 DEBUG epoch [3/50], train_loss 0.0285 (0.0272), val_loss 0.0304 (0.0271)
2024-08-21 16:19:57,990 DEBUG epoch [4/50], train_loss 0.0287 (0.0267), val_loss 0.0243 (0.0268)
2024-08-21 16:20:00,905 DEBUG epoch [5/50], train_loss 0.0269 (0.0263), val_loss 0.0276 (0.0264)
2024-08-21 16:20:03,824 DEBUG epoch [6/50], train_loss 0.0247 (0.0262), val_loss 0.0453 (0.0265)
2024-08-21 16:20:06,758 DEBUG epoch [7/50], train_loss 0.0270 (0.0261), val_loss 0.0297 (0.0262)
2024-08-21 16:20:09,712 DEBUG epoch [8/50], train_loss 0.0262 (0.0259), val_loss 0.0296 (0.0263)
2024-08-21 16:20:12,655 DEBUG epoch [9/50], train_loss 0.0281 (0.0258), val_loss 0.0302 (0.0261)
2024-08-21 16:20:15,568 DEBUG epoch [10/50], train_loss 0.0285 (0.0257), val_loss 0.0299 (0.0258)
2024-08-21 16:20:18,488 DEBUG epoch [11/50], train_loss 0.0238 (0.0256), val_loss 0.0268 (0.0258)
2024-08-21 16:20:21,402 DEBUG epoch [12/50], train_loss 0.0235 (0.0254), val_loss 0.0237 (0.0257)
2024-08-21 16:20:24,328 DEBUG epoch [13/50], train_loss 0.0241 (0.0254), val_loss 0.0286 (0.0254)
2024-08-21 16:20:27,429 DEBUG epoch [14/50], train_loss 0.0247 (0.0253), val_loss 0.0336 (0.0254)
2024-08-21 16:20:30,295 DEBUG epoch [15/50], train_loss 0.0252 (0.0252), val_loss 0.0278 (0.0252)
2024-08-21 16:20:33,174 DEBUG epoch [16/50], train_loss 0.0271 (0.0250), val_loss 0.0315 (0.0250)
2024-08-21 16:20:36,181 DEBUG epoch [17/50], train_loss 0.0278 (0.0249), val_loss 0.0310 (0.0253)
2024-08-21 16:20:39,190 DEBUG epoch [18/50], train_loss 0.0278 (0.0249), val_loss 0.0362 (0.0252)
2024-08-21 16:20:42,223 DEBUG epoch [19/50], train_loss 0.0241 (0.0247), val_loss 0.0279 (0.0253)
2024-08-21 16:20:45,151 DEBUG epoch [20/50], train_loss 0.0271 (0.0246), val_loss 0.0235 (0.0249)
2024-08-21 16:20:48,102 DEBUG epoch [21/50], train_loss 0.0255 (0.0245), val_loss 0.0299 (0.0248)
2024-08-21 16:20:51,106 DEBUG epoch [22/50], train_loss 0.0245 (0.0244), val_loss 0.0206 (0.0245)
2024-08-21 16:20:54,081 DEBUG epoch [23/50], train_loss 0.0252 (0.0243), val_loss 0.0279 (0.0245)
2024-08-21 16:20:57,144 DEBUG epoch [24/50], train_loss 0.0258 (0.0241), val_loss 0.0316 (0.0245)
2024-08-21 16:21:00,149 DEBUG epoch [25/50], train_loss 0.0236 (0.0241), val_loss 0.0235 (0.0244)
2024-08-21 16:21:03,080 DEBUG epoch [26/50], train_loss 0.0235 (0.0240), val_loss 0.0290 (0.0244)
2024-08-21 16:21:06,025 DEBUG epoch [27/50], train_loss 0.0240 (0.0239), val_loss 0.0261 (0.0242)
2024-08-21 16:21:08,947 DEBUG epoch [28/50], train_loss 0.0245 (0.0237), val_loss 0.0264 (0.0243)
2024-08-21 16:21:11,837 DEBUG epoch [29/50], train_loss 0.0266 (0.0237), val_loss 0.0333 (0.0240)
2024-08-21 16:21:14,952 DEBUG epoch [30/50], train_loss 0.0253 (0.0235), val_loss 0.0242 (0.0238)
2024-08-21 16:21:17,950 DEBUG epoch [31/50], train_loss 0.0238 (0.0234), val_loss 0.0241 (0.0239)
2024-08-21 16:21:20,879 DEBUG epoch [32/50], train_loss 0.0231 (0.0233), val_loss 0.0239 (0.0237)
2024-08-21 16:21:23,845 DEBUG epoch [33/50], train_loss 0.0212 (0.0231), val_loss 0.0333 (0.0239)
2024-08-21 16:21:26,830 DEBUG epoch [34/50], train_loss 0.0242 (0.0230), val_loss 0.0349 (0.0237)
2024-08-21 16:21:29,893 DEBUG epoch [35/50], train_loss 0.0219 (0.0229), val_loss 0.0220 (0.0237)
2024-08-21 16:21:32,854 DEBUG epoch [36/50], train_loss 0.0224 (0.0227), val_loss 0.0311 (0.0235)
2024-08-21 16:21:35,802 DEBUG epoch [37/50], train_loss 0.0223 (0.0226), val_loss 0.0201 (0.0234)
2024-08-21 16:21:38,782 DEBUG epoch [38/50], train_loss 0.0245 (0.0225), val_loss 0.0283 (0.0234)
2024-08-21 16:21:41,706 DEBUG epoch [39/50], train_loss 0.0237 (0.0223), val_loss 0.0192 (0.0233)
2024-08-21 16:21:44,810 DEBUG epoch [40/50], train_loss 0.0224 (0.0222), val_loss 0.0285 (0.0232)
2024-08-21 16:21:47,805 DEBUG epoch [41/50], train_loss 0.0237 (0.0221), val_loss 0.0324 (0.0232)
2024-08-21 16:21:50,781 DEBUG epoch [42/50], train_loss 0.0234 (0.0219), val_loss 0.0220 (0.0230)
2024-08-21 16:21:53,711 DEBUG epoch [43/50], train_loss 0.0239 (0.0218), val_loss 0.0305 (0.0231)
2024-08-21 16:21:56,586 DEBUG epoch [44/50], train_loss 0.0218 (0.0217), val_loss 0.0265 (0.0230)
2024-08-21 16:21:59,534 DEBUG epoch [45/50], train_loss 0.0215 (0.0216), val_loss 0.0227 (0.0229)
2024-08-21 16:22:02,472 DEBUG epoch [46/50], train_loss 0.0219 (0.0215), val_loss 0.0247 (0.0229)
2024-08-21 16:22:05,405 DEBUG epoch [47/50], train_loss 0.0227 (0.0214), val_loss 0.0282 (0.0228)
2024-08-21 16:22:08,352 DEBUG epoch [48/50], train_loss 0.0205 (0.0213), val_loss 0.0382 (0.0229)
2024-08-21 16:22:11,265 DEBUG epoch [49/50], train_loss 0.0225 (0.0213), val_loss 0.0256 (0.0229)
2024-08-21 16:22:14,312 DEBUG epoch [50/50], train_loss 0.0247 (0.0213), val_loss 0.0263 (0.0228)
2024-08-21 16:22:14,313 DEBUG Best Validation Loss is 0.019161825999617577
2024-08-21 16:22:14,799 DEBUG MSE Loss on ALL Image is 0.0228 (Real Attack Results on the Target Client)
2024-08-21 16:22:14,799 DEBUG SSIM Loss on ALL Image is 0.5653 (Real Attack Results on the Target Client)
2024-08-21 16:22:14,799 DEBUG PSNR Loss on ALL Image is 16.4320 (Real Attack Results on the Target Client)
2024-08-21 16:22:14,800 DEBUG run the attack for inference time
2024-08-21 16:22:15,927 DEBUG epoch [1/50], train_loss 0.0397 (0.0507), val_loss 0.0379 (0.0384)
2024-08-21 16:22:16,978 DEBUG epoch [2/50], train_loss 0.0390 (0.0347), val_loss 0.0330 (0.0331)
2024-08-21 16:22:17,914 DEBUG epoch [3/50], train_loss 0.0379 (0.0318), val_loss 0.0313 (0.0316)
2024-08-21 16:22:18,818 DEBUG epoch [4/50], train_loss 0.0298 (0.0302), val_loss 0.0299 (0.0301)
2024-08-21 16:22:19,747 DEBUG epoch [5/50], train_loss 0.0273 (0.0289), val_loss 0.0286 (0.0289)
2024-08-21 16:22:20,619 DEBUG epoch [6/50], train_loss 0.0282 (0.0283), val_loss 0.0288 (0.0289)
2024-08-21 16:22:21,544 DEBUG epoch [7/50], train_loss 0.0254 (0.0280), val_loss 0.0293 (0.0293)
2024-08-21 16:22:22,499 DEBUG epoch [8/50], train_loss 0.0229 (0.0275), val_loss 0.0289 (0.0281)
2024-08-21 16:22:23,419 DEBUG epoch [9/50], train_loss 0.0291 (0.0271), val_loss 0.0293 (0.0284)
2024-08-21 16:22:24,391 DEBUG epoch [10/50], train_loss 0.0279 (0.0271), val_loss 0.0270 (0.0278)
2024-08-21 16:22:25,335 DEBUG epoch [11/50], train_loss 0.0295 (0.0266), val_loss 0.0269 (0.0273)
2024-08-21 16:22:26,241 DEBUG epoch [12/50], train_loss 0.0298 (0.0266), val_loss 0.0273 (0.0278)
2024-08-21 16:22:27,162 DEBUG epoch [13/50], train_loss 0.0307 (0.0263), val_loss 0.0277 (0.0279)
2024-08-21 16:22:28,080 DEBUG epoch [14/50], train_loss 0.0266 (0.0262), val_loss 0.0269 (0.0280)
2024-08-21 16:22:29,059 DEBUG epoch [15/50], train_loss 0.0308 (0.0259), val_loss 0.0269 (0.0271)
2024-08-21 16:22:29,994 DEBUG epoch [16/50], train_loss 0.0295 (0.0258), val_loss 0.0280 (0.0269)
2024-08-21 16:22:30,923 DEBUG epoch [17/50], train_loss 0.0269 (0.0254), val_loss 0.0273 (0.0273)
2024-08-21 16:22:31,941 DEBUG epoch [18/50], train_loss 0.0264 (0.0252), val_loss 0.0272 (0.0270)
2024-08-21 16:22:32,842 DEBUG epoch [19/50], train_loss 0.0241 (0.0251), val_loss 0.0267 (0.0269)
2024-08-21 16:22:33,779 DEBUG epoch [20/50], train_loss 0.0261 (0.0249), val_loss 0.0275 (0.0270)
2024-08-21 16:22:34,662 DEBUG epoch [21/50], train_loss 0.0243 (0.0248), val_loss 0.0262 (0.0268)
2024-08-21 16:22:35,609 DEBUG epoch [22/50], train_loss 0.0232 (0.0247), val_loss 0.0268 (0.0266)
2024-08-21 16:22:36,510 DEBUG epoch [23/50], train_loss 0.0215 (0.0243), val_loss 0.0256 (0.0267)
2024-08-21 16:22:37,370 DEBUG epoch [24/50], train_loss 0.0230 (0.0242), val_loss 0.0276 (0.0267)
2024-08-21 16:22:38,329 DEBUG epoch [25/50], train_loss 0.0242 (0.0240), val_loss 0.0267 (0.0262)
2024-08-21 16:22:39,263 DEBUG epoch [26/50], train_loss 0.0218 (0.0237), val_loss 0.0265 (0.0266)
2024-08-21 16:22:40,167 DEBUG epoch [27/50], train_loss 0.0279 (0.0239), val_loss 0.0275 (0.0268)
2024-08-21 16:22:41,080 DEBUG epoch [28/50], train_loss 0.0240 (0.0238), val_loss 0.0273 (0.0266)
2024-08-21 16:22:41,993 DEBUG epoch [29/50], train_loss 0.0193 (0.0235), val_loss 0.0277 (0.0261)
2024-08-21 16:22:42,902 DEBUG epoch [30/50], train_loss 0.0228 (0.0230), val_loss 0.0274 (0.0266)
2024-08-21 16:22:43,803 DEBUG epoch [31/50], train_loss 0.0233 (0.0229), val_loss 0.0260 (0.0259)
2024-08-21 16:22:44,747 DEBUG epoch [32/50], train_loss 0.0216 (0.0227), val_loss 0.0248 (0.0260)
2024-08-21 16:22:45,639 DEBUG epoch [33/50], train_loss 0.0222 (0.0225), val_loss 0.0261 (0.0262)
2024-08-21 16:22:46,589 DEBUG epoch [34/50], train_loss 0.0245 (0.0224), val_loss 0.0256 (0.0265)
2024-08-21 16:22:47,610 DEBUG epoch [35/50], train_loss 0.0211 (0.0221), val_loss 0.0258 (0.0260)
2024-08-21 16:22:48,566 DEBUG epoch [36/50], train_loss 0.0274 (0.0218), val_loss 0.0252 (0.0264)
2024-08-21 16:22:49,516 DEBUG epoch [37/50], train_loss 0.0240 (0.0216), val_loss 0.0257 (0.0261)
2024-08-21 16:22:50,428 DEBUG epoch [38/50], train_loss 0.0222 (0.0213), val_loss 0.0269 (0.0258)
2024-08-21 16:22:51,324 DEBUG epoch [39/50], train_loss 0.0194 (0.0212), val_loss 0.0248 (0.0260)
2024-08-21 16:22:52,304 DEBUG epoch [40/50], train_loss 0.0198 (0.0210), val_loss 0.0261 (0.0263)
2024-08-21 16:22:53,217 DEBUG epoch [41/50], train_loss 0.0226 (0.0208), val_loss 0.0269 (0.0261)
2024-08-21 16:22:54,115 DEBUG epoch [42/50], train_loss 0.0204 (0.0205), val_loss 0.0256 (0.0261)
2024-08-21 16:22:55,019 DEBUG epoch [43/50], train_loss 0.0226 (0.0204), val_loss 0.0253 (0.0260)
2024-08-21 16:22:55,942 DEBUG epoch [44/50], train_loss 0.0216 (0.0203), val_loss 0.0259 (0.0262)
2024-08-21 16:22:56,854 DEBUG epoch [45/50], train_loss 0.0211 (0.0200), val_loss 0.0261 (0.0259)
2024-08-21 16:22:57,746 DEBUG epoch [46/50], train_loss 0.0197 (0.0199), val_loss 0.0260 (0.0262)
2024-08-21 16:22:58,696 DEBUG epoch [47/50], train_loss 0.0187 (0.0198), val_loss 0.0270 (0.0261)
2024-08-21 16:22:59,787 DEBUG epoch [48/50], train_loss 0.0215 (0.0198), val_loss 0.0266 (0.0260)
2024-08-21 16:23:00,723 DEBUG epoch [49/50], train_loss 0.0191 (0.0197), val_loss 0.0263 (0.0260)
2024-08-21 16:23:01,874 DEBUG epoch [50/50], train_loss 0.0200 (0.0196), val_loss 0.0266 (0.0262)
2024-08-21 16:23:01,874 DEBUG Best Validation Loss is 0.02430250309407711
2024-08-21 16:23:02,116 DEBUG MSE Loss on ALL Image is 0.0260 (Real Attack Results on the Target Client)
2024-08-21 16:23:02,116 DEBUG SSIM Loss on ALL Image is 0.5408 (Real Attack Results on the Target Client)
2024-08-21 16:23:02,116 DEBUG PSNR Loss on ALL Image is 15.8537 (Real Attack Results on the Target Client)
2024-08-22 03:42:50,024 DEBUG Generating IR ...... (may take a while)
2024-08-22 03:43:09,083 DEBUG epoch [1/30], train_loss 0.0456 (0.0578), val_loss 0.0466 (0.0459)
2024-08-22 03:43:10,106 DEBUG epoch [2/30], train_loss 0.0385 (0.0417), val_loss 0.0391 (0.0390)
2024-08-22 03:43:10,999 DEBUG epoch [3/30], train_loss 0.0361 (0.0376), val_loss 0.0368 (0.0367)
2024-08-22 03:43:11,890 DEBUG epoch [4/30], train_loss 0.0349 (0.0360), val_loss 0.0361 (0.0358)
2024-08-22 03:43:12,772 DEBUG epoch [5/30], train_loss 0.0345 (0.0350), val_loss 0.0355 (0.0350)
2024-08-22 03:43:13,756 DEBUG epoch [6/30], train_loss 0.0337 (0.0345), val_loss 0.0344 (0.0342)
2024-08-22 03:43:14,783 DEBUG epoch [7/30], train_loss 0.0333 (0.0340), val_loss 0.0344 (0.0341)
2024-08-22 03:43:15,815 DEBUG epoch [8/30], train_loss 0.0330 (0.0337), val_loss 0.0341 (0.0338)
2024-08-22 03:43:16,833 DEBUG epoch [9/30], train_loss 0.0322 (0.0334), val_loss 0.0339 (0.0335)
2024-08-22 03:43:18,122 DEBUG epoch [10/30], train_loss 0.0321 (0.0333), val_loss 0.0339 (0.0336)
2024-08-22 03:43:19,215 DEBUG epoch [11/30], train_loss 0.0319 (0.0331), val_loss 0.0334 (0.0330)
2024-08-22 03:43:20,229 DEBUG epoch [12/30], train_loss 0.0319 (0.0329), val_loss 0.0336 (0.0332)
2024-08-22 03:43:21,279 DEBUG epoch [13/30], train_loss 0.0319 (0.0326), val_loss 0.0336 (0.0328)
2024-08-22 03:43:22,327 DEBUG epoch [14/30], train_loss 0.0312 (0.0327), val_loss 0.0334 (0.0332)
2024-08-22 03:43:23,354 DEBUG epoch [15/30], train_loss 0.0310 (0.0324), val_loss 0.0331 (0.0327)
2024-08-22 03:43:24,353 DEBUG epoch [16/30], train_loss 0.0316 (0.0324), val_loss 0.0329 (0.0327)
2024-08-22 03:43:25,378 DEBUG epoch [17/30], train_loss 0.0308 (0.0323), val_loss 0.0329 (0.0328)
2024-08-22 03:43:26,400 DEBUG epoch [18/30], train_loss 0.0314 (0.0322), val_loss 0.0326 (0.0325)
2024-08-22 03:43:27,422 DEBUG epoch [19/30], train_loss 0.0314 (0.0321), val_loss 0.0324 (0.0320)
2024-08-22 03:43:28,705 DEBUG epoch [20/30], train_loss 0.0311 (0.0321), val_loss 0.0325 (0.0322)
2024-08-22 03:43:29,597 DEBUG epoch [21/30], train_loss 0.0312 (0.0321), val_loss 0.0323 (0.0322)
2024-08-22 03:43:30,483 DEBUG epoch [22/30], train_loss 0.0312 (0.0321), val_loss 0.0328 (0.0324)
2024-08-22 03:43:31,398 DEBUG epoch [23/30], train_loss 0.0307 (0.0319), val_loss 0.0326 (0.0322)
2024-08-22 03:43:32,440 DEBUG epoch [24/30], train_loss 0.0314 (0.0318), val_loss 0.0330 (0.0328)
2024-08-22 03:43:33,498 DEBUG epoch [25/30], train_loss 0.0313 (0.0320), val_loss 0.0326 (0.0322)
2024-08-22 03:43:34,584 DEBUG epoch [26/30], train_loss 0.0313 (0.0318), val_loss 0.0322 (0.0320)
2024-08-22 03:43:35,618 DEBUG epoch [27/30], train_loss 0.0311 (0.0318), val_loss 0.0321 (0.0321)
2024-08-22 03:43:36,646 DEBUG epoch [28/30], train_loss 0.0307 (0.0319), val_loss 0.0327 (0.0321)
2024-08-22 03:43:37,686 DEBUG epoch [29/30], train_loss 0.0308 (0.0317), val_loss 0.0321 (0.0319)
2024-08-22 03:43:39,049 DEBUG epoch [30/30], train_loss 0.0304 (0.0318), val_loss 0.0324 (0.0318)
2024-08-22 03:43:39,049 DEBUG Best Validation Loss is 0.031168941408395767
2024-08-22 03:43:39,361 DEBUG MSE Loss on ALL Image is 0.0323 (Real Attack Results on the Target Client)
2024-08-22 03:43:39,361 DEBUG SSIM Loss on ALL Image is 0.4560 (Real Attack Results on the Target Client)
2024-08-22 03:43:39,361 DEBUG PSNR Loss on ALL Image is 14.9140 (Real Attack Results on the Target Client)
2024-08-22 04:52:08,781 DEBUG Generating IR ...... (may take a while)
2024-08-22 04:52:10,838 DEBUG run the attack for training time
2024-08-22 04:52:14,556 DEBUG epoch [1/50], train_loss 0.0450 (0.0483), val_loss 0.0462 (0.0414)
2024-08-22 04:52:18,452 DEBUG epoch [2/50], train_loss 0.0399 (0.0394), val_loss 0.0453 (0.0381)
2024-08-22 04:52:22,440 DEBUG epoch [3/50], train_loss 0.0397 (0.0372), val_loss 0.0450 (0.0374)
2024-08-22 04:52:26,450 DEBUG epoch [4/50], train_loss 0.0373 (0.0362), val_loss 0.0414 (0.0360)
2024-08-22 04:52:30,465 DEBUG epoch [5/50], train_loss 0.0382 (0.0358), val_loss 0.0439 (0.0360)
2024-08-22 04:52:34,455 DEBUG epoch [6/50], train_loss 0.0352 (0.0349), val_loss 0.0446 (0.0353)
2024-08-22 04:52:37,817 DEBUG epoch [7/50], train_loss 0.0327 (0.0345), val_loss 0.0390 (0.0347)
2024-08-22 04:52:41,619 DEBUG epoch [8/50], train_loss 0.0347 (0.0343), val_loss 0.0378 (0.0350)
2024-08-22 04:52:45,686 DEBUG epoch [9/50], train_loss 0.0359 (0.0336), val_loss 0.0308 (0.0346)
2024-08-22 04:52:49,791 DEBUG epoch [10/50], train_loss 0.0354 (0.0335), val_loss 0.0323 (0.0345)
2024-08-22 04:52:53,810 DEBUG epoch [11/50], train_loss 0.0421 (0.0333), val_loss 0.0513 (0.0345)
2024-08-22 04:52:57,904 DEBUG epoch [12/50], train_loss 0.0342 (0.0333), val_loss 0.0456 (0.0339)
2024-08-22 04:53:01,390 DEBUG epoch [13/50], train_loss 0.0332 (0.0327), val_loss 0.0391 (0.0342)
2024-08-22 04:53:05,051 DEBUG epoch [14/50], train_loss 0.0311 (0.0326), val_loss 0.0312 (0.0335)
2024-08-22 04:53:08,991 DEBUG epoch [15/50], train_loss 0.0339 (0.0326), val_loss 0.0460 (0.0345)
2024-08-22 04:53:12,994 DEBUG epoch [16/50], train_loss 0.0356 (0.0321), val_loss 0.0322 (0.0328)
2024-08-22 04:53:17,034 DEBUG epoch [17/50], train_loss 0.0318 (0.0323), val_loss 0.0291 (0.0337)
2024-08-22 04:53:20,982 DEBUG epoch [18/50], train_loss 0.0306 (0.0319), val_loss 0.0396 (0.0328)
2024-08-22 04:53:24,787 DEBUG epoch [19/50], train_loss 0.0354 (0.0316), val_loss 0.0290 (0.0334)
2024-08-22 04:53:28,367 DEBUG epoch [20/50], train_loss 0.0322 (0.0314), val_loss 0.0332 (0.0327)
2024-08-22 04:53:32,461 DEBUG epoch [21/50], train_loss 0.0323 (0.0312), val_loss 0.0374 (0.0332)
2024-08-22 04:53:36,485 DEBUG epoch [22/50], train_loss 0.0303 (0.0308), val_loss 0.0314 (0.0328)
2024-08-22 04:53:40,458 DEBUG epoch [23/50], train_loss 0.0309 (0.0306), val_loss 0.0333 (0.0326)
2024-08-22 04:53:44,502 DEBUG epoch [24/50], train_loss 0.0290 (0.0304), val_loss 0.0318 (0.0322)
2024-08-22 04:53:48,546 DEBUG epoch [25/50], train_loss 0.0317 (0.0300), val_loss 0.0375 (0.0326)
2024-08-22 04:53:51,844 DEBUG epoch [26/50], train_loss 0.0342 (0.0299), val_loss 0.0299 (0.0323)
2024-08-22 04:53:55,732 DEBUG epoch [27/50], train_loss 0.0350 (0.0297), val_loss 0.0384 (0.0319)
2024-08-22 04:53:59,824 DEBUG epoch [28/50], train_loss 0.0282 (0.0294), val_loss 0.0409 (0.0315)
2024-08-22 04:54:03,942 DEBUG epoch [29/50], train_loss 0.0296 (0.0292), val_loss 0.0337 (0.0313)
2024-08-22 04:54:08,052 DEBUG epoch [30/50], train_loss 0.0278 (0.0288), val_loss 0.0303 (0.0312)
2024-08-22 04:54:11,965 DEBUG epoch [31/50], train_loss 0.0283 (0.0285), val_loss 0.0262 (0.0314)
2024-08-22 04:54:15,329 DEBUG epoch [32/50], train_loss 0.0313 (0.0285), val_loss 0.0517 (0.0319)
2024-08-22 04:54:19,240 DEBUG epoch [33/50], train_loss 0.0296 (0.0282), val_loss 0.0327 (0.0306)
2024-08-22 04:54:23,197 DEBUG epoch [34/50], train_loss 0.0293 (0.0277), val_loss 0.0352 (0.0307)
2024-08-22 04:54:27,246 DEBUG epoch [35/50], train_loss 0.0295 (0.0275), val_loss 0.0303 (0.0305)
2024-08-22 04:54:31,222 DEBUG epoch [36/50], train_loss 0.0279 (0.0272), val_loss 0.0313 (0.0302)
2024-08-22 04:54:35,302 DEBUG epoch [37/50], train_loss 0.0273 (0.0269), val_loss 0.0308 (0.0302)
2024-08-22 04:54:38,672 DEBUG epoch [38/50], train_loss 0.0293 (0.0267), val_loss 0.0379 (0.0299)
2024-08-22 04:54:42,453 DEBUG epoch [39/50], train_loss 0.0270 (0.0263), val_loss 0.0316 (0.0299)
2024-08-22 04:54:46,552 DEBUG epoch [40/50], train_loss 0.0249 (0.0260), val_loss 0.0349 (0.0297)
2024-08-22 04:54:50,640 DEBUG epoch [41/50], train_loss 0.0275 (0.0258), val_loss 0.0254 (0.0299)
2024-08-22 04:54:54,596 DEBUG epoch [42/50], train_loss 0.0239 (0.0256), val_loss 0.0252 (0.0299)
2024-08-22 04:54:58,599 DEBUG epoch [43/50], train_loss 0.0275 (0.0254), val_loss 0.0278 (0.0298)
2024-08-22 04:55:02,251 DEBUG epoch [44/50], train_loss 0.0273 (0.0252), val_loss 0.0372 (0.0296)
2024-08-22 04:55:05,797 DEBUG epoch [45/50], train_loss 0.0235 (0.0250), val_loss 0.0334 (0.0295)
2024-08-22 04:55:09,724 DEBUG epoch [46/50], train_loss 0.0240 (0.0248), val_loss 0.0276 (0.0293)
2024-08-22 04:55:13,707 DEBUG epoch [47/50], train_loss 0.0275 (0.0248), val_loss 0.0375 (0.0295)
2024-08-22 04:55:17,728 DEBUG epoch [48/50], train_loss 0.0252 (0.0247), val_loss 0.0308 (0.0294)
2024-08-22 04:55:21,762 DEBUG epoch [49/50], train_loss 0.0234 (0.0245), val_loss 0.0256 (0.0294)
2024-08-22 04:55:25,854 DEBUG epoch [50/50], train_loss 0.0261 (0.0245), val_loss 0.0316 (0.0293)
2024-08-22 04:55:25,854 DEBUG Best Validation Loss is 0.025167863816022873
2024-08-22 04:55:26,397 DEBUG MSE Loss on ALL Image is 0.0291 (Real Attack Results on the Target Client)
2024-08-22 04:55:26,398 DEBUG SSIM Loss on ALL Image is 0.5374 (Real Attack Results on the Target Client)
2024-08-22 04:55:26,398 DEBUG PSNR Loss on ALL Image is 15.3648 (Real Attack Results on the Target Client)
2024-08-22 04:55:26,398 DEBUG run the attack for inference time
2024-08-22 04:55:27,562 DEBUG epoch [1/50], train_loss 0.0500 (0.0612), val_loss 0.0537 (0.0532)
2024-08-22 04:55:28,590 DEBUG epoch [2/50], train_loss 0.0517 (0.0498), val_loss 0.0496 (0.0490)
2024-08-22 04:55:29,591 DEBUG epoch [3/50], train_loss 0.0535 (0.0458), val_loss 0.0482 (0.0466)
2024-08-22 04:55:30,732 DEBUG epoch [4/50], train_loss 0.0418 (0.0433), val_loss 0.0439 (0.0439)
2024-08-22 04:55:31,967 DEBUG epoch [5/50], train_loss 0.0438 (0.0411), val_loss 0.0419 (0.0434)
2024-08-22 04:55:33,153 DEBUG epoch [6/50], train_loss 0.0376 (0.0394), val_loss 0.0424 (0.0428)
2024-08-22 04:55:34,385 DEBUG epoch [7/50], train_loss 0.0356 (0.0383), val_loss 0.0409 (0.0426)
2024-08-22 04:55:35,564 DEBUG epoch [8/50], train_loss 0.0426 (0.0379), val_loss 0.0418 (0.0424)
2024-08-22 04:55:36,778 DEBUG epoch [9/50], train_loss 0.0352 (0.0370), val_loss 0.0375 (0.0402)
2024-08-22 04:55:37,962 DEBUG epoch [10/50], train_loss 0.0338 (0.0355), val_loss 0.0399 (0.0406)
2024-08-22 04:55:39,118 DEBUG epoch [11/50], train_loss 0.0345 (0.0349), val_loss 0.0426 (0.0401)
2024-08-22 04:55:40,270 DEBUG epoch [12/50], train_loss 0.0343 (0.0347), val_loss 0.0417 (0.0429)
2024-08-22 04:55:41,387 DEBUG epoch [13/50], train_loss 0.0366 (0.0351), val_loss 0.0390 (0.0391)
2024-08-22 04:55:42,532 DEBUG epoch [14/50], train_loss 0.0335 (0.0332), val_loss 0.0361 (0.0389)
2024-08-22 04:55:43,707 DEBUG epoch [15/50], train_loss 0.0312 (0.0323), val_loss 0.0373 (0.0389)
2024-08-22 04:55:44,872 DEBUG epoch [16/50], train_loss 0.0318 (0.0321), val_loss 0.0395 (0.0392)
2024-08-22 04:55:45,879 DEBUG epoch [17/50], train_loss 0.0359 (0.0319), val_loss 0.0404 (0.0392)
2024-08-22 04:55:46,853 DEBUG epoch [18/50], train_loss 0.0366 (0.0323), val_loss 0.0353 (0.0389)
2024-08-22 04:55:48,014 DEBUG epoch [19/50], train_loss 0.0354 (0.0313), val_loss 0.0384 (0.0392)
2024-08-22 04:55:49,187 DEBUG epoch [20/50], train_loss 0.0323 (0.0311), val_loss 0.0381 (0.0375)
2024-08-22 04:55:50,404 DEBUG epoch [21/50], train_loss 0.0318 (0.0302), val_loss 0.0400 (0.0381)
2024-08-22 04:55:51,705 DEBUG epoch [22/50], train_loss 0.0287 (0.0309), val_loss 0.0409 (0.0386)
2024-08-22 04:55:52,983 DEBUG epoch [23/50], train_loss 0.0353 (0.0303), val_loss 0.0379 (0.0384)
2024-08-22 04:55:54,153 DEBUG epoch [24/50], train_loss 0.0334 (0.0290), val_loss 0.0390 (0.0372)
2024-08-22 04:55:55,265 DEBUG epoch [25/50], train_loss 0.0279 (0.0289), val_loss 0.0362 (0.0379)
2024-08-22 04:55:56,340 DEBUG epoch [26/50], train_loss 0.0331 (0.0284), val_loss 0.0380 (0.0384)
2024-08-22 04:55:57,445 DEBUG epoch [27/50], train_loss 0.0290 (0.0278), val_loss 0.0418 (0.0391)
2024-08-22 04:55:58,588 DEBUG epoch [28/50], train_loss 0.0261 (0.0277), val_loss 0.0382 (0.0373)
2024-08-22 04:55:59,690 DEBUG epoch [29/50], train_loss 0.0291 (0.0270), val_loss 0.0379 (0.0377)
2024-08-22 04:56:00,855 DEBUG epoch [30/50], train_loss 0.0248 (0.0269), val_loss 0.0350 (0.0375)
2024-08-22 04:56:01,946 DEBUG epoch [31/50], train_loss 0.0245 (0.0262), val_loss 0.0372 (0.0374)
2024-08-22 04:56:03,098 DEBUG epoch [32/50], train_loss 0.0237 (0.0258), val_loss 0.0391 (0.0376)
2024-08-22 04:56:04,229 DEBUG epoch [33/50], train_loss 0.0302 (0.0255), val_loss 0.0379 (0.0371)
2024-08-22 04:56:05,383 DEBUG epoch [34/50], train_loss 0.0331 (0.0254), val_loss 0.0384 (0.0386)
2024-08-22 04:56:06,564 DEBUG epoch [35/50], train_loss 0.0244 (0.0253), val_loss 0.0381 (0.0376)
2024-08-22 04:56:07,716 DEBUG epoch [36/50], train_loss 0.0258 (0.0245), val_loss 0.0380 (0.0382)
2024-08-22 04:56:08,746 DEBUG epoch [37/50], train_loss 0.0236 (0.0243), val_loss 0.0372 (0.0383)
2024-08-22 04:56:09,789 DEBUG epoch [38/50], train_loss 0.0271 (0.0238), val_loss 0.0366 (0.0381)
2024-08-22 04:56:10,906 DEBUG epoch [39/50], train_loss 0.0226 (0.0237), val_loss 0.0389 (0.0373)
2024-08-22 04:56:12,077 DEBUG epoch [40/50], train_loss 0.0234 (0.0234), val_loss 0.0400 (0.0374)
2024-08-22 04:56:13,217 DEBUG epoch [41/50], train_loss 0.0239 (0.0230), val_loss 0.0398 (0.0377)
2024-08-22 04:56:14,326 DEBUG epoch [42/50], train_loss 0.0243 (0.0227), val_loss 0.0364 (0.0372)
2024-08-22 04:56:15,489 DEBUG epoch [43/50], train_loss 0.0246 (0.0224), val_loss 0.0388 (0.0372)
2024-08-22 04:56:16,613 DEBUG epoch [44/50], train_loss 0.0255 (0.0223), val_loss 0.0386 (0.0367)
2024-08-22 04:56:17,767 DEBUG epoch [45/50], train_loss 0.0201 (0.0221), val_loss 0.0392 (0.0376)
2024-08-22 04:56:18,879 DEBUG epoch [46/50], train_loss 0.0257 (0.0219), val_loss 0.0368 (0.0384)
2024-08-22 04:56:19,960 DEBUG epoch [47/50], train_loss 0.0227 (0.0218), val_loss 0.0406 (0.0377)
2024-08-22 04:56:21,156 DEBUG epoch [48/50], train_loss 0.0213 (0.0216), val_loss 0.0365 (0.0373)
2024-08-22 04:56:22,361 DEBUG epoch [49/50], train_loss 0.0245 (0.0216), val_loss 0.0375 (0.0379)
2024-08-22 04:56:23,612 DEBUG epoch [50/50], train_loss 0.0245 (0.0215), val_loss 0.0370 (0.0375)
2024-08-22 04:56:23,613 DEBUG Best Validation Loss is 0.03310775011777878
2024-08-22 04:56:23,925 DEBUG MSE Loss on ALL Image is 0.0367 (Real Attack Results on the Target Client)
2024-08-22 04:56:23,925 DEBUG SSIM Loss on ALL Image is 0.4982 (Real Attack Results on the Target Client)
2024-08-22 04:56:23,925 DEBUG PSNR Loss on ALL Image is 14.3629 (Real Attack Results on the Target Client)
