2024-08-25 15:30:05,420 DEBUG Generating IR ...... (may take a while)
2024-08-25 15:30:15,671 DEBUG epoch [1/30], train_loss 0.0309 (0.0494), val_loss 0.0305 (0.0304)
2024-08-25 15:30:16,457 DEBUG epoch [2/30], train_loss 0.0185 (0.0234), val_loss 0.0193 (0.0191)
2024-08-25 15:30:17,272 DEBUG epoch [3/30], train_loss 0.0152 (0.0172), val_loss 0.0159 (0.0157)
2024-08-25 15:30:18,120 DEBUG epoch [4/30], train_loss 0.0136 (0.0149), val_loss 0.0143 (0.0141)
2024-08-25 15:30:18,987 DEBUG epoch [5/30], train_loss 0.0126 (0.0136), val_loss 0.0134 (0.0132)
2024-08-25 15:30:19,807 DEBUG epoch [6/30], train_loss 0.0120 (0.0129), val_loss 0.0128 (0.0126)
2024-08-25 15:30:20,590 DEBUG epoch [7/30], train_loss 0.0114 (0.0123), val_loss 0.0123 (0.0121)
2024-08-25 15:30:21,367 DEBUG epoch [8/30], train_loss 0.0111 (0.0118), val_loss 0.0119 (0.0117)
2024-08-25 15:30:22,154 DEBUG epoch [9/30], train_loss 0.0107 (0.0114), val_loss 0.0116 (0.0114)
2024-08-25 15:30:23,032 DEBUG epoch [10/30], train_loss 0.0105 (0.0112), val_loss 0.0114 (0.0112)
2024-08-25 15:30:23,803 DEBUG epoch [11/30], train_loss 0.0103 (0.0109), val_loss 0.0112 (0.0110)
2024-08-25 15:30:24,599 DEBUG epoch [12/30], train_loss 0.0101 (0.0107), val_loss 0.0110 (0.0109)
2024-08-25 15:30:25,380 DEBUG epoch [13/30], train_loss 0.0100 (0.0106), val_loss 0.0109 (0.0107)
2024-08-25 15:30:26,201 DEBUG epoch [14/30], train_loss 0.0098 (0.0104), val_loss 0.0107 (0.0106)
2024-08-25 15:30:27,002 DEBUG epoch [15/30], train_loss 0.0098 (0.0103), val_loss 0.0107 (0.0105)
2024-08-25 15:30:27,833 DEBUG epoch [16/30], train_loss 0.0097 (0.0102), val_loss 0.0106 (0.0104)
2024-08-25 15:30:28,623 DEBUG epoch [17/30], train_loss 0.0096 (0.0101), val_loss 0.0105 (0.0103)
2024-08-25 15:30:29,407 DEBUG epoch [18/30], train_loss 0.0095 (0.0100), val_loss 0.0104 (0.0103)
2024-08-25 15:30:30,212 DEBUG epoch [19/30], train_loss 0.0094 (0.0100), val_loss 0.0104 (0.0102)
2024-08-25 15:30:31,092 DEBUG epoch [20/30], train_loss 0.0094 (0.0099), val_loss 0.0103 (0.0102)
2024-08-25 15:30:31,884 DEBUG epoch [21/30], train_loss 0.0094 (0.0099), val_loss 0.0103 (0.0101)
2024-08-25 15:30:32,690 DEBUG epoch [22/30], train_loss 0.0093 (0.0098), val_loss 0.0103 (0.0101)
2024-08-25 15:30:33,487 DEBUG epoch [23/30], train_loss 0.0093 (0.0098), val_loss 0.0102 (0.0101)
2024-08-25 15:30:34,298 DEBUG epoch [24/30], train_loss 0.0093 (0.0098), val_loss 0.0102 (0.0101)
2024-08-25 15:30:35,104 DEBUG epoch [25/30], train_loss 0.0092 (0.0097), val_loss 0.0102 (0.0100)
2024-08-25 15:30:35,973 DEBUG epoch [26/30], train_loss 0.0093 (0.0097), val_loss 0.0102 (0.0100)
2024-08-25 15:30:36,845 DEBUG epoch [27/30], train_loss 0.0092 (0.0097), val_loss 0.0102 (0.0100)
2024-08-25 15:30:37,727 DEBUG epoch [28/30], train_loss 0.0092 (0.0097), val_loss 0.0102 (0.0100)
2024-08-25 15:30:38,541 DEBUG epoch [29/30], train_loss 0.0092 (0.0097), val_loss 0.0101 (0.0101)
2024-08-25 15:30:39,426 DEBUG epoch [30/30], train_loss 0.0092 (0.0097), val_loss 0.0102 (0.0100)
2024-08-25 15:30:39,427 DEBUG Best Validation Loss is 0.00985938124358654
2024-08-25 15:30:39,667 DEBUG MSE Loss on ALL Image is 0.0100 (Real Attack Results on the Target Client)
2024-08-25 15:30:39,667 DEBUG SSIM Loss on ALL Image is 0.7060 (Real Attack Results on the Target Client)
2024-08-25 15:30:39,667 DEBUG PSNR Loss on ALL Image is 20.0192 (Real Attack Results on the Target Client)
2024-08-25 16:13:56,875 DEBUG Generating IR ...... (may take a while)
2024-08-25 16:13:58,772 DEBUG run the attack for training time
2024-08-25 16:14:01,828 DEBUG epoch [1/50], train_loss 0.0449 (0.0483), val_loss 0.0441 (0.0407)
2024-08-25 16:14:04,667 DEBUG epoch [2/50], train_loss 0.0372 (0.0387), val_loss 0.0449 (0.0374)
2024-08-25 16:14:07,590 DEBUG epoch [3/50], train_loss 0.0349 (0.0357), val_loss 0.0424 (0.0358)
2024-08-25 16:14:10,629 DEBUG epoch [4/50], train_loss 0.0332 (0.0342), val_loss 0.0384 (0.0349)
2024-08-25 16:14:13,623 DEBUG epoch [5/50], train_loss 0.0332 (0.0332), val_loss 0.0444 (0.0336)
2024-08-25 16:14:16,558 DEBUG epoch [6/50], train_loss 0.0343 (0.0325), val_loss 0.0422 (0.0326)
2024-08-25 16:14:19,451 DEBUG epoch [7/50], train_loss 0.0317 (0.0322), val_loss 0.0391 (0.0324)
2024-08-25 16:14:22,306 DEBUG epoch [8/50], train_loss 0.0341 (0.0315), val_loss 0.0377 (0.0322)
2024-08-25 16:14:25,214 DEBUG epoch [9/50], train_loss 0.0334 (0.0309), val_loss 0.0291 (0.0319)
2024-08-25 16:14:28,210 DEBUG epoch [10/50], train_loss 0.0339 (0.0308), val_loss 0.0309 (0.0315)
2024-08-25 16:14:31,125 DEBUG epoch [11/50], train_loss 0.0335 (0.0304), val_loss 0.0381 (0.0317)
2024-08-25 16:14:34,062 DEBUG epoch [12/50], train_loss 0.0297 (0.0302), val_loss 0.0327 (0.0320)
2024-08-25 16:14:36,932 DEBUG epoch [13/50], train_loss 0.0314 (0.0299), val_loss 0.0309 (0.0311)
2024-08-25 16:14:39,814 DEBUG epoch [14/50], train_loss 0.0315 (0.0299), val_loss 0.0266 (0.0311)
2024-08-25 16:14:42,719 DEBUG epoch [15/50], train_loss 0.0282 (0.0292), val_loss 0.0325 (0.0304)
2024-08-25 16:14:45,625 DEBUG epoch [16/50], train_loss 0.0295 (0.0290), val_loss 0.0299 (0.0300)
2024-08-25 16:14:48,630 DEBUG epoch [17/50], train_loss 0.0312 (0.0288), val_loss 0.0273 (0.0307)
2024-08-25 16:14:51,549 DEBUG epoch [18/50], train_loss 0.0295 (0.0287), val_loss 0.0265 (0.0297)
2024-08-25 16:14:54,435 DEBUG epoch [19/50], train_loss 0.0328 (0.0283), val_loss 0.0295 (0.0300)
2024-08-25 16:14:57,432 DEBUG epoch [20/50], train_loss 0.0310 (0.0279), val_loss 0.0263 (0.0296)
2024-08-25 16:15:00,301 DEBUG epoch [21/50], train_loss 0.0275 (0.0276), val_loss 0.0369 (0.0296)
2024-08-25 16:15:03,152 DEBUG epoch [22/50], train_loss 0.0285 (0.0272), val_loss 0.0299 (0.0311)
2024-08-25 16:15:06,094 DEBUG epoch [23/50], train_loss 0.0322 (0.0275), val_loss 0.0359 (0.0290)
2024-08-25 16:15:09,094 DEBUG epoch [24/50], train_loss 0.0247 (0.0272), val_loss 0.0375 (0.0288)
2024-08-25 16:15:11,959 DEBUG epoch [25/50], train_loss 0.0292 (0.0265), val_loss 0.0308 (0.0284)
2024-08-25 16:15:14,892 DEBUG epoch [26/50], train_loss 0.0302 (0.0266), val_loss 0.0433 (0.0281)
2024-08-25 16:15:17,811 DEBUG epoch [27/50], train_loss 0.0280 (0.0263), val_loss 0.0380 (0.0283)
2024-08-25 16:15:20,727 DEBUG epoch [28/50], train_loss 0.0259 (0.0259), val_loss 0.0359 (0.0288)
2024-08-25 16:15:23,582 DEBUG epoch [29/50], train_loss 0.0249 (0.0256), val_loss 0.0324 (0.0279)
2024-08-25 16:15:26,641 DEBUG epoch [30/50], train_loss 0.0247 (0.0254), val_loss 0.0474 (0.0275)
2024-08-25 16:15:29,522 DEBUG epoch [31/50], train_loss 0.0226 (0.0248), val_loss 0.0341 (0.0272)
2024-08-25 16:15:32,400 DEBUG epoch [32/50], train_loss 0.0280 (0.0247), val_loss 0.0348 (0.0275)
2024-08-25 16:15:35,273 DEBUG epoch [33/50], train_loss 0.0262 (0.0246), val_loss 0.0325 (0.0272)
2024-08-25 16:15:38,176 DEBUG epoch [34/50], train_loss 0.0263 (0.0243), val_loss 0.0386 (0.0266)
2024-08-25 16:15:41,053 DEBUG epoch [35/50], train_loss 0.0253 (0.0238), val_loss 0.0439 (0.0266)
2024-08-25 16:15:43,993 DEBUG epoch [36/50], train_loss 0.0254 (0.0234), val_loss 0.0299 (0.0261)
2024-08-25 16:15:46,970 DEBUG epoch [37/50], train_loss 0.0228 (0.0232), val_loss 0.0312 (0.0265)
2024-08-25 16:15:49,870 DEBUG epoch [38/50], train_loss 0.0233 (0.0231), val_loss 0.0317 (0.0260)
2024-08-25 16:15:52,797 DEBUG epoch [39/50], train_loss 0.0227 (0.0227), val_loss 0.0254 (0.0258)
2024-08-25 16:15:55,681 DEBUG epoch [40/50], train_loss 0.0203 (0.0223), val_loss 0.0515 (0.0257)
2024-08-25 16:15:58,541 DEBUG epoch [41/50], train_loss 0.0219 (0.0221), val_loss 0.0241 (0.0255)
2024-08-25 16:16:01,398 DEBUG epoch [42/50], train_loss 0.0211 (0.0218), val_loss 0.0226 (0.0256)
2024-08-25 16:16:04,370 DEBUG epoch [43/50], train_loss 0.0230 (0.0217), val_loss 0.0198 (0.0255)
2024-08-25 16:16:07,261 DEBUG epoch [44/50], train_loss 0.0232 (0.0215), val_loss 0.0264 (0.0255)
2024-08-25 16:16:10,146 DEBUG epoch [45/50], train_loss 0.0203 (0.0213), val_loss 0.0314 (0.0252)
2024-08-25 16:16:13,047 DEBUG epoch [46/50], train_loss 0.0214 (0.0211), val_loss 0.0226 (0.0253)
2024-08-25 16:16:15,896 DEBUG epoch [47/50], train_loss 0.0225 (0.0210), val_loss 0.0319 (0.0251)
2024-08-25 16:16:18,783 DEBUG epoch [48/50], train_loss 0.0221 (0.0210), val_loss 0.0377 (0.0252)
2024-08-25 16:16:21,687 DEBUG epoch [49/50], train_loss 0.0201 (0.0209), val_loss 0.0248 (0.0250)
2024-08-25 16:16:24,742 DEBUG epoch [50/50], train_loss 0.0218 (0.0208), val_loss 0.0386 (0.0251)
2024-08-25 16:16:24,742 DEBUG Best Validation Loss is 0.019819285720586777
2024-08-25 16:16:25,208 DEBUG MSE Loss on ALL Image is 0.0250 (Real Attack Results on the Target Client)
2024-08-25 16:16:25,208 DEBUG SSIM Loss on ALL Image is 0.5705 (Real Attack Results on the Target Client)
2024-08-25 16:16:25,208 DEBUG PSNR Loss on ALL Image is 16.0254 (Real Attack Results on the Target Client)
2024-08-25 16:16:25,209 DEBUG run the attack for inference time
2024-08-25 16:16:26,178 DEBUG epoch [1/50], train_loss 0.0509 (0.0606), val_loss 0.0549 (0.0533)
2024-08-25 16:16:27,073 DEBUG epoch [2/50], train_loss 0.0543 (0.0499), val_loss 0.0509 (0.0493)
2024-08-25 16:16:27,968 DEBUG epoch [3/50], train_loss 0.0470 (0.0453), val_loss 0.0465 (0.0448)
2024-08-25 16:16:28,846 DEBUG epoch [4/50], train_loss 0.0440 (0.0425), val_loss 0.0407 (0.0425)
2024-08-25 16:16:29,734 DEBUG epoch [5/50], train_loss 0.0405 (0.0402), val_loss 0.0404 (0.0406)
2024-08-25 16:16:30,624 DEBUG epoch [6/50], train_loss 0.0423 (0.0383), val_loss 0.0410 (0.0405)
2024-08-25 16:16:31,543 DEBUG epoch [7/50], train_loss 0.0357 (0.0370), val_loss 0.0365 (0.0393)
2024-08-25 16:16:32,419 DEBUG epoch [8/50], train_loss 0.0347 (0.0363), val_loss 0.0370 (0.0388)
2024-08-25 16:16:33,310 DEBUG epoch [9/50], train_loss 0.0370 (0.0350), val_loss 0.0381 (0.0384)
2024-08-25 16:16:34,200 DEBUG epoch [10/50], train_loss 0.0374 (0.0348), val_loss 0.0372 (0.0381)
2024-08-25 16:16:35,098 DEBUG epoch [11/50], train_loss 0.0317 (0.0341), val_loss 0.0403 (0.0388)
2024-08-25 16:16:35,970 DEBUG epoch [12/50], train_loss 0.0344 (0.0326), val_loss 0.0401 (0.0379)
2024-08-25 16:16:36,840 DEBUG epoch [13/50], train_loss 0.0348 (0.0324), val_loss 0.0358 (0.0370)
2024-08-25 16:16:37,765 DEBUG epoch [14/50], train_loss 0.0324 (0.0315), val_loss 0.0352 (0.0367)
2024-08-25 16:16:38,638 DEBUG epoch [15/50], train_loss 0.0329 (0.0312), val_loss 0.0358 (0.0360)
2024-08-25 16:16:39,505 DEBUG epoch [16/50], train_loss 0.0308 (0.0307), val_loss 0.0335 (0.0353)
2024-08-25 16:16:40,446 DEBUG epoch [17/50], train_loss 0.0325 (0.0296), val_loss 0.0371 (0.0368)
2024-08-25 16:16:41,410 DEBUG epoch [18/50], train_loss 0.0328 (0.0296), val_loss 0.0323 (0.0358)
2024-08-25 16:16:42,404 DEBUG epoch [19/50], train_loss 0.0312 (0.0285), val_loss 0.0374 (0.0365)
2024-08-25 16:16:43,326 DEBUG epoch [20/50], train_loss 0.0329 (0.0284), val_loss 0.0353 (0.0356)
2024-08-25 16:16:44,268 DEBUG epoch [21/50], train_loss 0.0267 (0.0288), val_loss 0.0366 (0.0349)
2024-08-25 16:16:45,164 DEBUG epoch [22/50], train_loss 0.0227 (0.0274), val_loss 0.0324 (0.0339)
2024-08-25 16:16:46,063 DEBUG epoch [23/50], train_loss 0.0301 (0.0265), val_loss 0.0365 (0.0349)
2024-08-25 16:16:46,935 DEBUG epoch [24/50], train_loss 0.0286 (0.0265), val_loss 0.0344 (0.0339)
2024-08-25 16:16:47,792 DEBUG epoch [25/50], train_loss 0.0274 (0.0262), val_loss 0.0337 (0.0345)
2024-08-25 16:16:48,703 DEBUG epoch [26/50], train_loss 0.0295 (0.0257), val_loss 0.0390 (0.0355)
2024-08-25 16:16:49,636 DEBUG epoch [27/50], train_loss 0.0265 (0.0252), val_loss 0.0354 (0.0347)
2024-08-25 16:16:50,541 DEBUG epoch [28/50], train_loss 0.0235 (0.0247), val_loss 0.0320 (0.0338)
2024-08-25 16:16:51,435 DEBUG epoch [29/50], train_loss 0.0259 (0.0241), val_loss 0.0346 (0.0338)
2024-08-25 16:16:52,318 DEBUG epoch [30/50], train_loss 0.0211 (0.0240), val_loss 0.0338 (0.0341)
2024-08-25 16:16:53,229 DEBUG epoch [31/50], train_loss 0.0233 (0.0234), val_loss 0.0320 (0.0351)
2024-08-25 16:16:54,111 DEBUG epoch [32/50], train_loss 0.0238 (0.0233), val_loss 0.0333 (0.0333)
2024-08-25 16:16:55,026 DEBUG epoch [33/50], train_loss 0.0280 (0.0232), val_loss 0.0340 (0.0339)
2024-08-25 16:16:55,921 DEBUG epoch [34/50], train_loss 0.0291 (0.0233), val_loss 0.0339 (0.0335)
2024-08-25 16:16:56,807 DEBUG epoch [35/50], train_loss 0.0215 (0.0225), val_loss 0.0353 (0.0331)
2024-08-25 16:16:57,710 DEBUG epoch [36/50], train_loss 0.0224 (0.0218), val_loss 0.0349 (0.0330)
2024-08-25 16:16:58,582 DEBUG epoch [37/50], train_loss 0.0211 (0.0216), val_loss 0.0337 (0.0337)
2024-08-25 16:16:59,510 DEBUG epoch [38/50], train_loss 0.0232 (0.0212), val_loss 0.0336 (0.0331)
2024-08-25 16:17:00,471 DEBUG epoch [39/50], train_loss 0.0207 (0.0208), val_loss 0.0346 (0.0333)
2024-08-25 16:17:01,408 DEBUG epoch [40/50], train_loss 0.0197 (0.0206), val_loss 0.0347 (0.0329)
2024-08-25 16:17:02,401 DEBUG epoch [41/50], train_loss 0.0199 (0.0204), val_loss 0.0346 (0.0325)
2024-08-25 16:17:03,306 DEBUG epoch [42/50], train_loss 0.0214 (0.0200), val_loss 0.0340 (0.0328)
2024-08-25 16:17:04,161 DEBUG epoch [43/50], train_loss 0.0226 (0.0197), val_loss 0.0328 (0.0324)
2024-08-25 16:17:05,022 DEBUG epoch [44/50], train_loss 0.0231 (0.0196), val_loss 0.0350 (0.0331)
2024-08-25 16:17:05,937 DEBUG epoch [45/50], train_loss 0.0192 (0.0194), val_loss 0.0323 (0.0330)
2024-08-25 16:17:06,837 DEBUG epoch [46/50], train_loss 0.0220 (0.0193), val_loss 0.0312 (0.0322)
2024-08-25 16:17:07,695 DEBUG epoch [47/50], train_loss 0.0184 (0.0191), val_loss 0.0327 (0.0335)
2024-08-25 16:17:08,555 DEBUG epoch [48/50], train_loss 0.0200 (0.0190), val_loss 0.0323 (0.0328)
2024-08-25 16:17:09,456 DEBUG epoch [49/50], train_loss 0.0205 (0.0190), val_loss 0.0322 (0.0326)
2024-08-25 16:17:10,399 DEBUG epoch [50/50], train_loss 0.0224 (0.0189), val_loss 0.0317 (0.0329)
2024-08-25 16:17:10,400 DEBUG Best Validation Loss is 0.030305281281471252
2024-08-25 16:17:10,645 DEBUG MSE Loss on ALL Image is 0.0323 (Real Attack Results on the Target Client)
2024-08-25 16:17:10,645 DEBUG SSIM Loss on ALL Image is 0.5224 (Real Attack Results on the Target Client)
2024-08-25 16:17:10,645 DEBUG PSNR Loss on ALL Image is 14.9144 (Real Attack Results on the Target Client)
2024-09-03 18:09:40,857 DEBUG Generating IR ...... (may take a while)
