2024-10-21 00:07:34,591 DEBUG Generating IR ...... (may take a while)
2024-10-21 00:07:36,218 DEBUG run the attack for training time
2024-10-21 00:07:39,285 DEBUG epoch [1/50], train_loss 0.0115 (0.0165), val_loss 0.0122 (0.0115)
2024-10-21 00:07:42,184 DEBUG epoch [2/50], train_loss 0.0108 (0.0110), val_loss 0.0138 (0.0110)
2024-10-21 00:07:45,040 DEBUG epoch [3/50], train_loss 0.0108 (0.0105), val_loss 0.0114 (0.0106)
2024-10-21 00:07:47,831 DEBUG epoch [4/50], train_loss 0.0111 (0.0102), val_loss 0.0117 (0.0106)
2024-10-21 00:07:50,689 DEBUG epoch [5/50], train_loss 0.0111 (0.0101), val_loss 0.0109 (0.0101)
2024-10-21 00:07:53,479 DEBUG epoch [6/50], train_loss 0.0106 (0.0100), val_loss 0.0111 (0.0101)
2024-10-21 00:07:56,338 DEBUG epoch [7/50], train_loss 0.0104 (0.0099), val_loss 0.0126 (0.0102)
2024-10-21 00:07:59,180 DEBUG epoch [8/50], train_loss 0.0106 (0.0099), val_loss 0.0136 (0.0099)
2024-10-21 00:08:01,989 DEBUG epoch [9/50], train_loss 0.0096 (0.0098), val_loss 0.0114 (0.0101)
2024-10-21 00:08:04,848 DEBUG epoch [10/50], train_loss 0.0103 (0.0097), val_loss 0.0126 (0.0100)
2024-10-21 00:08:07,668 DEBUG epoch [11/50], train_loss 0.0104 (0.0097), val_loss 0.0118 (0.0096)
2024-10-21 00:08:10,459 DEBUG epoch [12/50], train_loss 0.0095 (0.0096), val_loss 0.0101 (0.0096)
2024-10-21 00:08:13,317 DEBUG epoch [13/50], train_loss 0.0106 (0.0095), val_loss 0.0096 (0.0096)
2024-10-21 00:08:16,109 DEBUG epoch [14/50], train_loss 0.0106 (0.0095), val_loss 0.0093 (0.0097)
2024-10-21 00:08:18,938 DEBUG epoch [15/50], train_loss 0.0100 (0.0095), val_loss 0.0110 (0.0096)
2024-10-21 00:08:21,706 DEBUG epoch [16/50], train_loss 0.0103 (0.0095), val_loss 0.0094 (0.0098)
2024-10-21 00:08:24,521 DEBUG epoch [17/50], train_loss 0.0095 (0.0094), val_loss 0.0108 (0.0094)
2024-10-21 00:08:27,342 DEBUG epoch [18/50], train_loss 0.0098 (0.0093), val_loss 0.0148 (0.0095)
2024-10-21 00:08:30,209 DEBUG epoch [19/50], train_loss 0.0102 (0.0093), val_loss 0.0104 (0.0094)
2024-10-21 00:08:33,110 DEBUG epoch [20/50], train_loss 0.0104 (0.0093), val_loss 0.0089 (0.0093)
2024-10-21 00:08:36,022 DEBUG epoch [21/50], train_loss 0.0093 (0.0093), val_loss 0.0091 (0.0094)
2024-10-21 00:08:38,909 DEBUG epoch [22/50], train_loss 0.0099 (0.0092), val_loss 0.0094 (0.0093)
2024-10-21 00:08:41,777 DEBUG epoch [23/50], train_loss 0.0087 (0.0092), val_loss 0.0096 (0.0093)
2024-10-21 00:08:44,686 DEBUG epoch [24/50], train_loss 0.0112 (0.0091), val_loss 0.0108 (0.0092)
2024-10-21 00:08:47,563 DEBUG epoch [25/50], train_loss 0.0096 (0.0091), val_loss 0.0106 (0.0092)
2024-10-21 00:08:50,386 DEBUG epoch [26/50], train_loss 0.0081 (0.0090), val_loss 0.0103 (0.0091)
2024-10-21 00:08:53,169 DEBUG epoch [27/50], train_loss 0.0094 (0.0090), val_loss 0.0105 (0.0090)
2024-10-21 00:08:55,960 DEBUG epoch [28/50], train_loss 0.0081 (0.0089), val_loss 0.0105 (0.0090)
2024-10-21 00:08:58,733 DEBUG epoch [29/50], train_loss 0.0096 (0.0089), val_loss 0.0096 (0.0090)
2024-10-21 00:09:01,699 DEBUG epoch [30/50], train_loss 0.0093 (0.0089), val_loss 0.0094 (0.0089)
2024-10-21 00:09:04,507 DEBUG epoch [31/50], train_loss 0.0095 (0.0088), val_loss 0.0094 (0.0090)
2024-10-21 00:09:07,312 DEBUG epoch [32/50], train_loss 0.0084 (0.0088), val_loss 0.0096 (0.0089)
2024-10-21 00:09:10,119 DEBUG epoch [33/50], train_loss 0.0082 (0.0087), val_loss 0.0141 (0.0088)
2024-10-21 00:09:12,908 DEBUG epoch [34/50], train_loss 0.0086 (0.0087), val_loss 0.0115 (0.0089)
2024-10-21 00:09:15,691 DEBUG epoch [35/50], train_loss 0.0097 (0.0086), val_loss 0.0123 (0.0088)
2024-10-21 00:09:18,574 DEBUG epoch [36/50], train_loss 0.0086 (0.0085), val_loss 0.0095 (0.0087)
2024-10-21 00:09:21,449 DEBUG epoch [37/50], train_loss 0.0085 (0.0085), val_loss 0.0087 (0.0086)
2024-10-21 00:09:24,240 DEBUG epoch [38/50], train_loss 0.0085 (0.0084), val_loss 0.0104 (0.0086)
2024-10-21 00:09:27,073 DEBUG epoch [39/50], train_loss 0.0091 (0.0084), val_loss 0.0090 (0.0086)
2024-10-21 00:09:30,012 DEBUG epoch [40/50], train_loss 0.0093 (0.0083), val_loss 0.0082 (0.0085)
2024-10-21 00:09:32,831 DEBUG epoch [41/50], train_loss 0.0098 (0.0083), val_loss 0.0087 (0.0084)
2024-10-21 00:09:35,741 DEBUG epoch [42/50], train_loss 0.0093 (0.0082), val_loss 0.0096 (0.0084)
2024-10-21 00:09:38,623 DEBUG epoch [43/50], train_loss 0.0077 (0.0082), val_loss 0.0082 (0.0084)
2024-10-21 00:09:41,524 DEBUG epoch [44/50], train_loss 0.0081 (0.0081), val_loss 0.0096 (0.0083)
2024-10-21 00:09:44,301 DEBUG epoch [45/50], train_loss 0.0090 (0.0081), val_loss 0.0086 (0.0083)
2024-10-21 00:09:47,125 DEBUG epoch [46/50], train_loss 0.0091 (0.0080), val_loss 0.0083 (0.0083)
2024-10-21 00:09:49,984 DEBUG epoch [47/50], train_loss 0.0081 (0.0080), val_loss 0.0075 (0.0082)
2024-10-21 00:09:52,762 DEBUG epoch [48/50], train_loss 0.0080 (0.0080), val_loss 0.0103 (0.0082)
2024-10-21 00:09:55,689 DEBUG epoch [49/50], train_loss 0.0084 (0.0079), val_loss 0.0128 (0.0082)
2024-10-21 00:09:58,497 DEBUG epoch [50/50], train_loss 0.0079 (0.0079), val_loss 0.0095 (0.0082)
2024-10-21 00:09:58,498 DEBUG Best Validation Loss is 0.0074491966515779495
2024-10-21 00:09:58,921 DEBUG MSE Loss on ALL Image is 0.0081 (Real Attack Results on the Target Client)
2024-10-21 00:09:58,921 DEBUG SSIM Loss on ALL Image is 0.7772 (Real Attack Results on the Target Client)
2024-10-21 00:09:58,921 DEBUG PSNR Loss on ALL Image is 20.9219 (Real Attack Results on the Target Client)
2024-10-21 00:09:58,922 DEBUG run the attack for inference time
2024-10-21 00:09:59,868 DEBUG epoch [1/50], train_loss 0.0225 (0.0377), val_loss 0.0211 (0.0205)
2024-10-21 00:10:00,762 DEBUG epoch [2/50], train_loss 0.0158 (0.0174), val_loss 0.0152 (0.0149)
2024-10-21 00:10:01,615 DEBUG epoch [3/50], train_loss 0.0140 (0.0144), val_loss 0.0142 (0.0140)
2024-10-21 00:10:02,458 DEBUG epoch [4/50], train_loss 0.0141 (0.0130), val_loss 0.0122 (0.0125)
2024-10-21 00:10:03,323 DEBUG epoch [5/50], train_loss 0.0115 (0.0121), val_loss 0.0122 (0.0122)
2024-10-21 00:10:04,199 DEBUG epoch [6/50], train_loss 0.0112 (0.0117), val_loss 0.0120 (0.0118)
2024-10-21 00:10:05,046 DEBUG epoch [7/50], train_loss 0.0114 (0.0112), val_loss 0.0116 (0.0116)
2024-10-21 00:10:05,917 DEBUG epoch [8/50], train_loss 0.0109 (0.0110), val_loss 0.0116 (0.0110)
2024-10-21 00:10:06,759 DEBUG epoch [9/50], train_loss 0.0109 (0.0108), val_loss 0.0114 (0.0112)
2024-10-21 00:10:07,644 DEBUG epoch [10/50], train_loss 0.0108 (0.0107), val_loss 0.0112 (0.0108)
2024-10-21 00:10:08,551 DEBUG epoch [11/50], train_loss 0.0115 (0.0106), val_loss 0.0104 (0.0107)
2024-10-21 00:10:09,416 DEBUG epoch [12/50], train_loss 0.0116 (0.0104), val_loss 0.0109 (0.0107)
2024-10-21 00:10:10,249 DEBUG epoch [13/50], train_loss 0.0120 (0.0103), val_loss 0.0108 (0.0111)
2024-10-21 00:10:11,075 DEBUG epoch [14/50], train_loss 0.0112 (0.0104), val_loss 0.0105 (0.0109)
2024-10-21 00:10:11,983 DEBUG epoch [15/50], train_loss 0.0106 (0.0102), val_loss 0.0108 (0.0107)
2024-10-21 00:10:12,862 DEBUG epoch [16/50], train_loss 0.0125 (0.0102), val_loss 0.0101 (0.0105)
2024-10-21 00:10:13,750 DEBUG epoch [17/50], train_loss 0.0129 (0.0100), val_loss 0.0101 (0.0106)
2024-10-21 00:10:14,606 DEBUG epoch [18/50], train_loss 0.0104 (0.0100), val_loss 0.0104 (0.0101)
2024-10-21 00:10:15,504 DEBUG epoch [19/50], train_loss 0.0091 (0.0097), val_loss 0.0104 (0.0100)
2024-10-21 00:10:16,366 DEBUG epoch [20/50], train_loss 0.0113 (0.0097), val_loss 0.0107 (0.0106)
2024-10-21 00:10:17,245 DEBUG epoch [21/50], train_loss 0.0109 (0.0099), val_loss 0.0108 (0.0101)
2024-10-21 00:10:18,108 DEBUG epoch [22/50], train_loss 0.0120 (0.0096), val_loss 0.0102 (0.0103)
2024-10-21 00:10:18,950 DEBUG epoch [23/50], train_loss 0.0112 (0.0097), val_loss 0.0097 (0.0099)
2024-10-21 00:10:19,846 DEBUG epoch [24/50], train_loss 0.0096 (0.0094), val_loss 0.0096 (0.0098)
2024-10-21 00:10:20,714 DEBUG epoch [25/50], train_loss 0.0090 (0.0094), val_loss 0.0098 (0.0099)
2024-10-21 00:10:21,558 DEBUG epoch [26/50], train_loss 0.0096 (0.0093), val_loss 0.0105 (0.0097)
2024-10-21 00:10:22,423 DEBUG epoch [27/50], train_loss 0.0100 (0.0093), val_loss 0.0099 (0.0100)
2024-10-21 00:10:23,246 DEBUG epoch [28/50], train_loss 0.0077 (0.0092), val_loss 0.0097 (0.0097)
2024-10-21 00:10:24,176 DEBUG epoch [29/50], train_loss 0.0096 (0.0091), val_loss 0.0093 (0.0096)
2024-10-21 00:10:25,049 DEBUG epoch [30/50], train_loss 0.0090 (0.0090), val_loss 0.0103 (0.0098)
2024-10-21 00:10:25,913 DEBUG epoch [31/50], train_loss 0.0112 (0.0091), val_loss 0.0099 (0.0095)
2024-10-21 00:10:26,828 DEBUG epoch [32/50], train_loss 0.0098 (0.0090), val_loss 0.0094 (0.0095)
2024-10-21 00:10:27,666 DEBUG epoch [33/50], train_loss 0.0089 (0.0089), val_loss 0.0099 (0.0095)
2024-10-21 00:10:28,494 DEBUG epoch [34/50], train_loss 0.0091 (0.0088), val_loss 0.0097 (0.0095)
2024-10-21 00:10:29,338 DEBUG epoch [35/50], train_loss 0.0090 (0.0088), val_loss 0.0091 (0.0093)
2024-10-21 00:10:30,198 DEBUG epoch [36/50], train_loss 0.0086 (0.0087), val_loss 0.0092 (0.0093)
2024-10-21 00:10:31,077 DEBUG epoch [37/50], train_loss 0.0083 (0.0086), val_loss 0.0095 (0.0093)
2024-10-21 00:10:31,926 DEBUG epoch [38/50], train_loss 0.0093 (0.0085), val_loss 0.0097 (0.0092)
2024-10-21 00:10:32,793 DEBUG epoch [39/50], train_loss 0.0099 (0.0085), val_loss 0.0089 (0.0093)
2024-10-21 00:10:33,727 DEBUG epoch [40/50], train_loss 0.0090 (0.0084), val_loss 0.0095 (0.0094)
2024-10-21 00:10:34,678 DEBUG epoch [41/50], train_loss 0.0081 (0.0084), val_loss 0.0089 (0.0090)
2024-10-21 00:10:35,563 DEBUG epoch [42/50], train_loss 0.0088 (0.0083), val_loss 0.0093 (0.0091)
2024-10-21 00:10:36,436 DEBUG epoch [43/50], train_loss 0.0101 (0.0082), val_loss 0.0095 (0.0093)
2024-10-21 00:10:37,328 DEBUG epoch [44/50], train_loss 0.0086 (0.0081), val_loss 0.0089 (0.0090)
2024-10-21 00:10:38,209 DEBUG epoch [45/50], train_loss 0.0069 (0.0081), val_loss 0.0092 (0.0090)
2024-10-21 00:10:39,108 DEBUG epoch [46/50], train_loss 0.0089 (0.0081), val_loss 0.0090 (0.0093)
2024-10-21 00:10:39,962 DEBUG epoch [47/50], train_loss 0.0084 (0.0080), val_loss 0.0091 (0.0090)
2024-10-21 00:10:40,790 DEBUG epoch [48/50], train_loss 0.0087 (0.0080), val_loss 0.0087 (0.0090)
2024-10-21 00:10:41,614 DEBUG epoch [49/50], train_loss 0.0075 (0.0079), val_loss 0.0093 (0.0090)
2024-10-21 00:10:42,472 DEBUG epoch [50/50], train_loss 0.0102 (0.0080), val_loss 0.0090 (0.0091)
2024-10-21 00:10:42,473 DEBUG Best Validation Loss is 0.008516903966665268
2024-10-21 00:10:42,725 DEBUG MSE Loss on ALL Image is 0.0088 (Real Attack Results on the Target Client)
2024-10-21 00:10:42,725 DEBUG SSIM Loss on ALL Image is 0.7634 (Real Attack Results on the Target Client)
2024-10-21 00:10:42,725 DEBUG PSNR Loss on ALL Image is 20.5341 (Real Attack Results on the Target Client)
