2024-10-21 15:19:29,056 DEBUG Generating IR ...... (may take a while)
2024-10-21 15:19:30,796 DEBUG run the attack for training time
2024-10-21 15:19:34,351 DEBUG epoch [1/50], train_loss 0.0239 (0.0296), val_loss 0.0257 (0.0228)
2024-10-21 15:19:37,850 DEBUG epoch [2/50], train_loss 0.0227 (0.0223), val_loss 0.0259 (0.0223)
2024-10-21 15:19:41,006 DEBUG epoch [3/50], train_loss 0.0222 (0.0216), val_loss 0.0208 (0.0214)
2024-10-21 15:19:44,305 DEBUG epoch [4/50], train_loss 0.0231 (0.0212), val_loss 0.0225 (0.0215)
2024-10-21 15:19:47,624 DEBUG epoch [5/50], train_loss 0.0218 (0.0211), val_loss 0.0200 (0.0210)
2024-10-21 15:19:50,936 DEBUG epoch [6/50], train_loss 0.0216 (0.0210), val_loss 0.0204 (0.0210)
2024-10-21 15:19:54,145 DEBUG epoch [7/50], train_loss 0.0214 (0.0208), val_loss 0.0235 (0.0209)
2024-10-21 15:19:57,489 DEBUG epoch [8/50], train_loss 0.0218 (0.0206), val_loss 0.0271 (0.0208)
2024-10-21 15:20:00,925 DEBUG epoch [9/50], train_loss 0.0204 (0.0207), val_loss 0.0192 (0.0205)
2024-10-21 15:20:04,723 DEBUG epoch [10/50], train_loss 0.0224 (0.0205), val_loss 0.0258 (0.0208)
2024-10-21 15:20:07,954 DEBUG epoch [11/50], train_loss 0.0221 (0.0204), val_loss 0.0215 (0.0206)
2024-10-21 15:20:11,350 DEBUG epoch [12/50], train_loss 0.0198 (0.0203), val_loss 0.0233 (0.0203)
2024-10-21 15:20:14,871 DEBUG epoch [13/50], train_loss 0.0219 (0.0203), val_loss 0.0231 (0.0202)
2024-10-21 15:20:18,299 DEBUG epoch [14/50], train_loss 0.0217 (0.0202), val_loss 0.0161 (0.0203)
2024-10-21 15:20:21,498 DEBUG epoch [15/50], train_loss 0.0197 (0.0200), val_loss 0.0218 (0.0199)
2024-10-21 15:20:24,850 DEBUG epoch [16/50], train_loss 0.0215 (0.0200), val_loss 0.0177 (0.0200)
2024-10-21 15:20:28,193 DEBUG epoch [17/50], train_loss 0.0209 (0.0199), val_loss 0.0223 (0.0198)
2024-10-21 15:20:31,568 DEBUG epoch [18/50], train_loss 0.0202 (0.0198), val_loss 0.0236 (0.0200)
2024-10-21 15:20:35,066 DEBUG epoch [19/50], train_loss 0.0209 (0.0197), val_loss 0.0201 (0.0198)
2024-10-21 15:20:38,420 DEBUG epoch [20/50], train_loss 0.0210 (0.0197), val_loss 0.0188 (0.0200)
2024-10-21 15:20:41,775 DEBUG epoch [21/50], train_loss 0.0196 (0.0196), val_loss 0.0179 (0.0197)
2024-10-21 15:20:45,560 DEBUG epoch [22/50], train_loss 0.0211 (0.0195), val_loss 0.0191 (0.0200)
2024-10-21 15:20:48,969 DEBUG epoch [23/50], train_loss 0.0198 (0.0195), val_loss 0.0200 (0.0197)
2024-10-21 15:20:52,329 DEBUG epoch [24/50], train_loss 0.0232 (0.0195), val_loss 0.0229 (0.0194)
2024-10-21 15:20:55,753 DEBUG epoch [25/50], train_loss 0.0201 (0.0194), val_loss 0.0197 (0.0194)
2024-10-21 15:20:58,869 DEBUG epoch [26/50], train_loss 0.0179 (0.0193), val_loss 0.0207 (0.0193)
2024-10-21 15:21:02,229 DEBUG epoch [27/50], train_loss 0.0202 (0.0191), val_loss 0.0201 (0.0194)
2024-10-21 15:21:05,502 DEBUG epoch [28/50], train_loss 0.0184 (0.0191), val_loss 0.0218 (0.0195)
2024-10-21 15:21:08,850 DEBUG epoch [29/50], train_loss 0.0192 (0.0192), val_loss 0.0207 (0.0193)
2024-10-21 15:21:12,220 DEBUG epoch [30/50], train_loss 0.0192 (0.0189), val_loss 0.0181 (0.0189)
2024-10-21 15:21:15,592 DEBUG epoch [31/50], train_loss 0.0198 (0.0188), val_loss 0.0192 (0.0189)
2024-10-21 15:21:18,943 DEBUG epoch [32/50], train_loss 0.0171 (0.0188), val_loss 0.0197 (0.0188)
2024-10-21 15:21:22,273 DEBUG epoch [33/50], train_loss 0.0186 (0.0187), val_loss 0.0244 (0.0187)
2024-10-21 15:21:25,637 DEBUG epoch [34/50], train_loss 0.0180 (0.0186), val_loss 0.0219 (0.0187)
2024-10-21 15:21:29,198 DEBUG epoch [35/50], train_loss 0.0196 (0.0185), val_loss 0.0240 (0.0187)
2024-10-21 15:21:32,555 DEBUG epoch [36/50], train_loss 0.0170 (0.0184), val_loss 0.0197 (0.0185)
2024-10-21 15:21:36,216 DEBUG epoch [37/50], train_loss 0.0177 (0.0183), val_loss 0.0175 (0.0185)
2024-10-21 15:21:39,782 DEBUG epoch [38/50], train_loss 0.0187 (0.0182), val_loss 0.0219 (0.0185)
2024-10-21 15:21:43,373 DEBUG epoch [39/50], train_loss 0.0190 (0.0181), val_loss 0.0212 (0.0184)
2024-10-21 15:21:46,725 DEBUG epoch [40/50], train_loss 0.0200 (0.0181), val_loss 0.0160 (0.0182)
2024-10-21 15:21:50,029 DEBUG epoch [41/50], train_loss 0.0197 (0.0179), val_loss 0.0191 (0.0181)
2024-10-21 15:21:53,391 DEBUG epoch [42/50], train_loss 0.0205 (0.0179), val_loss 0.0192 (0.0181)
2024-10-21 15:21:56,802 DEBUG epoch [43/50], train_loss 0.0176 (0.0178), val_loss 0.0202 (0.0180)
2024-10-21 15:22:00,172 DEBUG epoch [44/50], train_loss 0.0171 (0.0178), val_loss 0.0231 (0.0180)
2024-10-21 15:22:03,450 DEBUG epoch [45/50], train_loss 0.0195 (0.0177), val_loss 0.0167 (0.0180)
2024-10-21 15:22:06,811 DEBUG epoch [46/50], train_loss 0.0190 (0.0176), val_loss 0.0224 (0.0179)
2024-10-21 15:22:10,435 DEBUG epoch [47/50], train_loss 0.0201 (0.0175), val_loss 0.0161 (0.0179)
2024-10-21 15:22:13,874 DEBUG epoch [48/50], train_loss 0.0180 (0.0175), val_loss 0.0217 (0.0178)
2024-10-21 15:22:17,224 DEBUG epoch [49/50], train_loss 0.0192 (0.0175), val_loss 0.0223 (0.0178)
2024-10-21 15:22:20,780 DEBUG epoch [50/50], train_loss 0.0178 (0.0174), val_loss 0.0212 (0.0178)
2024-10-21 15:22:20,781 DEBUG Best Validation Loss is 0.015968840569257736
2024-10-21 15:22:21,258 DEBUG MSE Loss on ALL Image is 0.0177 (Real Attack Results on the Target Client)
2024-10-21 15:22:21,258 DEBUG SSIM Loss on ALL Image is 0.6438 (Real Attack Results on the Target Client)
2024-10-21 15:22:21,258 DEBUG PSNR Loss on ALL Image is 17.5312 (Real Attack Results on the Target Client)
2024-10-21 15:22:21,259 DEBUG run the attack for inference time
2024-10-21 15:22:22,271 DEBUG epoch [1/50], train_loss 0.0360 (0.0514), val_loss 0.0344 (0.0335)
2024-10-21 15:22:23,270 DEBUG epoch [2/50], train_loss 0.0283 (0.0303), val_loss 0.0270 (0.0270)
2024-10-21 15:22:24,289 DEBUG epoch [3/50], train_loss 0.0230 (0.0260), val_loss 0.0249 (0.0257)
2024-10-21 15:22:25,296 DEBUG epoch [4/50], train_loss 0.0233 (0.0247), val_loss 0.0236 (0.0247)
2024-10-21 15:22:26,288 DEBUG epoch [5/50], train_loss 0.0237 (0.0235), val_loss 0.0245 (0.0236)
2024-10-21 15:22:27,272 DEBUG epoch [6/50], train_loss 0.0220 (0.0231), val_loss 0.0242 (0.0232)
2024-10-21 15:22:28,304 DEBUG epoch [7/50], train_loss 0.0235 (0.0226), val_loss 0.0236 (0.0228)
2024-10-21 15:22:29,269 DEBUG epoch [8/50], train_loss 0.0222 (0.0222), val_loss 0.0243 (0.0231)
2024-10-21 15:22:30,267 DEBUG epoch [9/50], train_loss 0.0209 (0.0223), val_loss 0.0226 (0.0226)
2024-10-21 15:22:31,312 DEBUG epoch [10/50], train_loss 0.0221 (0.0220), val_loss 0.0227 (0.0217)
2024-10-21 15:22:32,289 DEBUG epoch [11/50], train_loss 0.0221 (0.0217), val_loss 0.0219 (0.0227)
2024-10-21 15:22:33,285 DEBUG epoch [12/50], train_loss 0.0235 (0.0215), val_loss 0.0225 (0.0220)
2024-10-21 15:22:34,227 DEBUG epoch [13/50], train_loss 0.0222 (0.0213), val_loss 0.0226 (0.0224)
2024-10-21 15:22:35,220 DEBUG epoch [14/50], train_loss 0.0220 (0.0215), val_loss 0.0221 (0.0222)
2024-10-21 15:22:36,248 DEBUG epoch [15/50], train_loss 0.0223 (0.0210), val_loss 0.0212 (0.0218)
2024-10-21 15:22:37,198 DEBUG epoch [16/50], train_loss 0.0214 (0.0212), val_loss 0.0209 (0.0216)
2024-10-21 15:22:38,148 DEBUG epoch [17/50], train_loss 0.0239 (0.0208), val_loss 0.0215 (0.0219)
2024-10-21 15:22:39,207 DEBUG epoch [18/50], train_loss 0.0214 (0.0209), val_loss 0.0227 (0.0215)
2024-10-21 15:22:40,180 DEBUG epoch [19/50], train_loss 0.0194 (0.0208), val_loss 0.0228 (0.0215)
2024-10-21 15:22:41,197 DEBUG epoch [20/50], train_loss 0.0243 (0.0208), val_loss 0.0209 (0.0215)
2024-10-21 15:22:42,240 DEBUG epoch [21/50], train_loss 0.0224 (0.0207), val_loss 0.0214 (0.0208)
2024-10-21 15:22:43,265 DEBUG epoch [22/50], train_loss 0.0262 (0.0203), val_loss 0.0216 (0.0215)
2024-10-21 15:22:44,224 DEBUG epoch [23/50], train_loss 0.0240 (0.0209), val_loss 0.0209 (0.0213)
2024-10-21 15:22:45,237 DEBUG epoch [24/50], train_loss 0.0205 (0.0204), val_loss 0.0201 (0.0208)
2024-10-21 15:22:46,245 DEBUG epoch [25/50], train_loss 0.0200 (0.0201), val_loss 0.0203 (0.0207)
2024-10-21 15:22:47,412 DEBUG epoch [26/50], train_loss 0.0196 (0.0200), val_loss 0.0213 (0.0206)
2024-10-21 15:22:48,548 DEBUG epoch [27/50], train_loss 0.0222 (0.0200), val_loss 0.0203 (0.0208)
2024-10-21 15:22:49,490 DEBUG epoch [28/50], train_loss 0.0172 (0.0197), val_loss 0.0205 (0.0204)
2024-10-21 15:22:50,488 DEBUG epoch [29/50], train_loss 0.0193 (0.0196), val_loss 0.0199 (0.0202)
2024-10-21 15:22:51,610 DEBUG epoch [30/50], train_loss 0.0181 (0.0194), val_loss 0.0207 (0.0205)
2024-10-21 15:22:52,821 DEBUG epoch [31/50], train_loss 0.0224 (0.0194), val_loss 0.0202 (0.0201)
2024-10-21 15:22:53,964 DEBUG epoch [32/50], train_loss 0.0192 (0.0194), val_loss 0.0193 (0.0201)
2024-10-21 15:22:54,980 DEBUG epoch [33/50], train_loss 0.0189 (0.0193), val_loss 0.0200 (0.0202)
2024-10-21 15:22:55,954 DEBUG epoch [34/50], train_loss 0.0200 (0.0191), val_loss 0.0205 (0.0201)
2024-10-21 15:22:56,936 DEBUG epoch [35/50], train_loss 0.0204 (0.0191), val_loss 0.0191 (0.0194)
2024-10-21 15:22:57,964 DEBUG epoch [36/50], train_loss 0.0191 (0.0190), val_loss 0.0192 (0.0199)
2024-10-21 15:22:58,891 DEBUG epoch [37/50], train_loss 0.0173 (0.0188), val_loss 0.0201 (0.0200)
2024-10-21 15:22:59,852 DEBUG epoch [38/50], train_loss 0.0215 (0.0187), val_loss 0.0203 (0.0197)
2024-10-21 15:23:00,905 DEBUG epoch [39/50], train_loss 0.0217 (0.0186), val_loss 0.0185 (0.0193)
2024-10-21 15:23:01,925 DEBUG epoch [40/50], train_loss 0.0186 (0.0185), val_loss 0.0192 (0.0197)
2024-10-21 15:23:02,895 DEBUG epoch [41/50], train_loss 0.0170 (0.0185), val_loss 0.0195 (0.0193)
2024-10-21 15:23:03,871 DEBUG epoch [42/50], train_loss 0.0204 (0.0183), val_loss 0.0196 (0.0194)
2024-10-21 15:23:04,872 DEBUG epoch [43/50], train_loss 0.0207 (0.0182), val_loss 0.0207 (0.0195)
2024-10-21 15:23:05,845 DEBUG epoch [44/50], train_loss 0.0194 (0.0183), val_loss 0.0190 (0.0194)
2024-10-21 15:23:06,898 DEBUG epoch [45/50], train_loss 0.0161 (0.0182), val_loss 0.0200 (0.0192)
2024-10-21 15:23:07,876 DEBUG epoch [46/50], train_loss 0.0197 (0.0181), val_loss 0.0185 (0.0193)
2024-10-21 15:23:08,889 DEBUG epoch [47/50], train_loss 0.0194 (0.0180), val_loss 0.0193 (0.0192)
2024-10-21 15:23:09,900 DEBUG epoch [48/50], train_loss 0.0197 (0.0179), val_loss 0.0187 (0.0192)
2024-10-21 15:23:10,908 DEBUG epoch [49/50], train_loss 0.0165 (0.0178), val_loss 0.0191 (0.0188)
2024-10-21 15:23:11,930 DEBUG epoch [50/50], train_loss 0.0217 (0.0179), val_loss 0.0191 (0.0191)
2024-10-21 15:23:11,930 DEBUG Best Validation Loss is 0.01822398230433464
2024-10-21 15:23:12,172 DEBUG MSE Loss on ALL Image is 0.0190 (Real Attack Results on the Target Client)
2024-10-21 15:23:12,173 DEBUG SSIM Loss on ALL Image is 0.6302 (Real Attack Results on the Target Client)
2024-10-21 15:23:12,173 DEBUG PSNR Loss on ALL Image is 17.2229 (Real Attack Results on the Target Client)
2024-10-21 22:56:31,667 DEBUG Generating IR ...... (may take a while)
2024-10-21 22:56:33,531 DEBUG run the attack for training time
2024-10-21 22:56:36,737 DEBUG epoch [1/50], train_loss 0.0235 (0.0282), val_loss 0.0241 (0.0221)
2024-10-21 22:56:39,784 DEBUG epoch [2/50], train_loss 0.0211 (0.0217), val_loss 0.0276 (0.0216)
2024-10-21 22:56:42,775 DEBUG epoch [3/50], train_loss 0.0214 (0.0209), val_loss 0.0206 (0.0208)
2024-10-21 22:56:45,696 DEBUG epoch [4/50], train_loss 0.0222 (0.0207), val_loss 0.0230 (0.0205)
2024-10-21 22:56:48,706 DEBUG epoch [5/50], train_loss 0.0217 (0.0204), val_loss 0.0197 (0.0201)
2024-10-21 22:56:51,637 DEBUG epoch [6/50], train_loss 0.0225 (0.0203), val_loss 0.0227 (0.0207)
2024-10-21 22:56:54,635 DEBUG epoch [7/50], train_loss 0.0213 (0.0202), val_loss 0.0200 (0.0202)
2024-10-21 22:56:57,523 DEBUG epoch [8/50], train_loss 0.0216 (0.0201), val_loss 0.0227 (0.0202)
2024-10-21 22:57:00,455 DEBUG epoch [9/50], train_loss 0.0201 (0.0201), val_loss 0.0203 (0.0200)
2024-10-21 22:57:03,460 DEBUG epoch [10/50], train_loss 0.0226 (0.0199), val_loss 0.0232 (0.0201)
2024-10-21 22:57:06,424 DEBUG epoch [11/50], train_loss 0.0218 (0.0199), val_loss 0.0217 (0.0199)
2024-10-21 22:57:09,331 DEBUG epoch [12/50], train_loss 0.0189 (0.0197), val_loss 0.0206 (0.0198)
2024-10-21 22:57:12,311 DEBUG epoch [13/50], train_loss 0.0210 (0.0197), val_loss 0.0222 (0.0197)
2024-10-21 22:57:15,270 DEBUG epoch [14/50], train_loss 0.0209 (0.0196), val_loss 0.0179 (0.0198)
2024-10-21 22:57:18,284 DEBUG epoch [15/50], train_loss 0.0190 (0.0195), val_loss 0.0215 (0.0194)
2024-10-21 22:57:21,251 DEBUG epoch [16/50], train_loss 0.0210 (0.0194), val_loss 0.0168 (0.0194)
2024-10-21 22:57:24,188 DEBUG epoch [17/50], train_loss 0.0194 (0.0193), val_loss 0.0210 (0.0192)
2024-10-21 22:57:27,102 DEBUG epoch [18/50], train_loss 0.0199 (0.0193), val_loss 0.0254 (0.0195)
2024-10-21 22:57:30,111 DEBUG epoch [19/50], train_loss 0.0204 (0.0192), val_loss 0.0205 (0.0193)
2024-10-21 22:57:33,110 DEBUG epoch [20/50], train_loss 0.0203 (0.0192), val_loss 0.0179 (0.0192)
2024-10-21 22:57:36,114 DEBUG epoch [21/50], train_loss 0.0181 (0.0190), val_loss 0.0170 (0.0194)
2024-10-21 22:57:39,072 DEBUG epoch [22/50], train_loss 0.0215 (0.0191), val_loss 0.0177 (0.0192)
2024-10-21 22:57:42,002 DEBUG epoch [23/50], train_loss 0.0183 (0.0189), val_loss 0.0195 (0.0190)
2024-10-21 22:57:44,917 DEBUG epoch [24/50], train_loss 0.0227 (0.0189), val_loss 0.0221 (0.0190)
2024-10-21 22:57:47,919 DEBUG epoch [25/50], train_loss 0.0191 (0.0188), val_loss 0.0205 (0.0189)
2024-10-21 22:57:50,929 DEBUG epoch [26/50], train_loss 0.0176 (0.0188), val_loss 0.0188 (0.0188)
2024-10-21 22:57:53,922 DEBUG epoch [27/50], train_loss 0.0190 (0.0186), val_loss 0.0197 (0.0186)
2024-10-21 22:57:56,911 DEBUG epoch [28/50], train_loss 0.0175 (0.0186), val_loss 0.0226 (0.0187)
2024-10-21 22:57:59,873 DEBUG epoch [29/50], train_loss 0.0184 (0.0185), val_loss 0.0184 (0.0186)
2024-10-21 22:58:02,963 DEBUG epoch [30/50], train_loss 0.0193 (0.0184), val_loss 0.0188 (0.0186)
2024-10-21 22:58:06,023 DEBUG epoch [31/50], train_loss 0.0197 (0.0184), val_loss 0.0180 (0.0184)
2024-10-21 22:58:08,997 DEBUG epoch [32/50], train_loss 0.0173 (0.0183), val_loss 0.0188 (0.0184)
2024-10-21 22:58:11,957 DEBUG epoch [33/50], train_loss 0.0179 (0.0182), val_loss 0.0241 (0.0183)
2024-10-21 22:58:14,922 DEBUG epoch [34/50], train_loss 0.0183 (0.0181), val_loss 0.0192 (0.0182)
2024-10-21 22:58:17,933 DEBUG epoch [35/50], train_loss 0.0184 (0.0180), val_loss 0.0236 (0.0182)
2024-10-21 22:58:20,876 DEBUG epoch [36/50], train_loss 0.0176 (0.0179), val_loss 0.0192 (0.0180)
2024-10-21 22:58:23,903 DEBUG epoch [37/50], train_loss 0.0177 (0.0178), val_loss 0.0195 (0.0179)
2024-10-21 22:58:26,866 DEBUG epoch [38/50], train_loss 0.0177 (0.0177), val_loss 0.0205 (0.0180)
2024-10-21 22:58:29,792 DEBUG epoch [39/50], train_loss 0.0180 (0.0177), val_loss 0.0185 (0.0178)
2024-10-21 22:58:32,818 DEBUG epoch [40/50], train_loss 0.0197 (0.0177), val_loss 0.0152 (0.0177)
2024-10-21 22:58:35,817 DEBUG epoch [41/50], train_loss 0.0190 (0.0175), val_loss 0.0175 (0.0176)
2024-10-21 22:58:38,784 DEBUG epoch [42/50], train_loss 0.0191 (0.0174), val_loss 0.0194 (0.0176)
2024-10-21 22:58:41,628 DEBUG epoch [43/50], train_loss 0.0171 (0.0174), val_loss 0.0175 (0.0176)
2024-10-21 22:58:44,526 DEBUG epoch [44/50], train_loss 0.0159 (0.0173), val_loss 0.0223 (0.0175)
2024-10-21 22:58:47,448 DEBUG epoch [45/50], train_loss 0.0196 (0.0172), val_loss 0.0156 (0.0174)
2024-10-21 22:58:50,359 DEBUG epoch [46/50], train_loss 0.0184 (0.0171), val_loss 0.0198 (0.0174)
2024-10-21 22:58:53,309 DEBUG epoch [47/50], train_loss 0.0187 (0.0170), val_loss 0.0154 (0.0173)
2024-10-21 22:58:56,193 DEBUG epoch [48/50], train_loss 0.0172 (0.0171), val_loss 0.0209 (0.0174)
2024-10-21 22:58:59,147 DEBUG epoch [49/50], train_loss 0.0183 (0.0170), val_loss 0.0217 (0.0173)
2024-10-21 22:59:02,213 DEBUG epoch [50/50], train_loss 0.0168 (0.0170), val_loss 0.0217 (0.0173)
2024-10-21 22:59:02,213 DEBUG Best Validation Loss is 0.015200491063296795
2024-10-21 22:59:02,667 DEBUG MSE Loss on ALL Image is 0.0172 (Real Attack Results on the Target Client)
2024-10-21 22:59:02,667 DEBUG SSIM Loss on ALL Image is 0.6486 (Real Attack Results on the Target Client)
2024-10-21 22:59:02,668 DEBUG PSNR Loss on ALL Image is 17.6541 (Real Attack Results on the Target Client)
2024-10-21 22:59:02,668 DEBUG run the attack for inference time
2024-10-21 22:59:03,765 DEBUG epoch [1/50], train_loss 0.0341 (0.0475), val_loss 0.0316 (0.0311)
2024-10-21 22:59:04,735 DEBUG epoch [2/50], train_loss 0.0265 (0.0282), val_loss 0.0261 (0.0260)
2024-10-21 22:59:05,744 DEBUG epoch [3/50], train_loss 0.0237 (0.0247), val_loss 0.0242 (0.0240)
2024-10-21 22:59:06,738 DEBUG epoch [4/50], train_loss 0.0238 (0.0234), val_loss 0.0225 (0.0233)
2024-10-21 22:59:07,663 DEBUG epoch [5/50], train_loss 0.0243 (0.0225), val_loss 0.0244 (0.0235)
2024-10-21 22:59:08,726 DEBUG epoch [6/50], train_loss 0.0208 (0.0223), val_loss 0.0244 (0.0231)
2024-10-21 22:59:09,676 DEBUG epoch [7/50], train_loss 0.0216 (0.0218), val_loss 0.0218 (0.0218)
2024-10-21 22:59:10,659 DEBUG epoch [8/50], train_loss 0.0204 (0.0215), val_loss 0.0227 (0.0217)
2024-10-21 22:59:11,560 DEBUG epoch [9/50], train_loss 0.0199 (0.0212), val_loss 0.0225 (0.0223)
2024-10-21 22:59:12,538 DEBUG epoch [10/50], train_loss 0.0222 (0.0211), val_loss 0.0222 (0.0209)
2024-10-21 22:59:13,463 DEBUG epoch [11/50], train_loss 0.0217 (0.0209), val_loss 0.0211 (0.0218)
2024-10-21 22:59:14,448 DEBUG epoch [12/50], train_loss 0.0227 (0.0208), val_loss 0.0213 (0.0207)
2024-10-21 22:59:15,401 DEBUG epoch [13/50], train_loss 0.0214 (0.0206), val_loss 0.0219 (0.0218)
2024-10-21 22:59:16,292 DEBUG epoch [14/50], train_loss 0.0223 (0.0207), val_loss 0.0221 (0.0218)
2024-10-21 22:59:17,285 DEBUG epoch [15/50], train_loss 0.0201 (0.0206), val_loss 0.0210 (0.0211)
2024-10-21 22:59:18,188 DEBUG epoch [16/50], train_loss 0.0199 (0.0203), val_loss 0.0205 (0.0208)
2024-10-21 22:59:19,167 DEBUG epoch [17/50], train_loss 0.0238 (0.0202), val_loss 0.0210 (0.0214)
2024-10-21 22:59:20,143 DEBUG epoch [18/50], train_loss 0.0206 (0.0202), val_loss 0.0219 (0.0208)
2024-10-21 22:59:21,046 DEBUG epoch [19/50], train_loss 0.0181 (0.0200), val_loss 0.0219 (0.0209)
2024-10-21 22:59:21,998 DEBUG epoch [20/50], train_loss 0.0245 (0.0201), val_loss 0.0209 (0.0210)
2024-10-21 22:59:22,977 DEBUG epoch [21/50], train_loss 0.0228 (0.0200), val_loss 0.0205 (0.0202)
2024-10-21 22:59:23,914 DEBUG epoch [22/50], train_loss 0.0241 (0.0197), val_loss 0.0201 (0.0203)
2024-10-21 22:59:24,844 DEBUG epoch [23/50], train_loss 0.0226 (0.0197), val_loss 0.0202 (0.0202)
2024-10-21 22:59:25,753 DEBUG epoch [24/50], train_loss 0.0205 (0.0195), val_loss 0.0204 (0.0204)
2024-10-21 22:59:26,711 DEBUG epoch [25/50], train_loss 0.0197 (0.0195), val_loss 0.0201 (0.0201)
2024-10-21 22:59:27,678 DEBUG epoch [26/50], train_loss 0.0182 (0.0193), val_loss 0.0206 (0.0198)
2024-10-21 22:59:28,636 DEBUG epoch [27/50], train_loss 0.0210 (0.0192), val_loss 0.0198 (0.0200)
2024-10-21 22:59:29,769 DEBUG epoch [28/50], train_loss 0.0167 (0.0192), val_loss 0.0197 (0.0196)
2024-10-21 22:59:30,778 DEBUG epoch [29/50], train_loss 0.0188 (0.0191), val_loss 0.0194 (0.0197)
2024-10-21 22:59:31,752 DEBUG epoch [30/50], train_loss 0.0181 (0.0189), val_loss 0.0201 (0.0198)
2024-10-21 22:59:32,674 DEBUG epoch [31/50], train_loss 0.0211 (0.0189), val_loss 0.0195 (0.0193)
2024-10-21 22:59:33,650 DEBUG epoch [32/50], train_loss 0.0189 (0.0187), val_loss 0.0188 (0.0194)
2024-10-21 22:59:34,570 DEBUG epoch [33/50], train_loss 0.0172 (0.0188), val_loss 0.0197 (0.0193)
2024-10-21 22:59:35,457 DEBUG epoch [34/50], train_loss 0.0190 (0.0186), val_loss 0.0196 (0.0192)
2024-10-21 22:59:36,359 DEBUG epoch [35/50], train_loss 0.0185 (0.0185), val_loss 0.0191 (0.0191)
2024-10-21 22:59:37,250 DEBUG epoch [36/50], train_loss 0.0185 (0.0183), val_loss 0.0186 (0.0191)
2024-10-21 22:59:38,176 DEBUG epoch [37/50], train_loss 0.0173 (0.0181), val_loss 0.0190 (0.0194)
2024-10-21 22:59:39,089 DEBUG epoch [38/50], train_loss 0.0191 (0.0181), val_loss 0.0196 (0.0188)
2024-10-21 22:59:40,037 DEBUG epoch [39/50], train_loss 0.0212 (0.0180), val_loss 0.0182 (0.0189)
2024-10-21 22:59:40,974 DEBUG epoch [40/50], train_loss 0.0179 (0.0178), val_loss 0.0184 (0.0189)
2024-10-21 22:59:41,905 DEBUG epoch [41/50], train_loss 0.0162 (0.0178), val_loss 0.0187 (0.0187)
2024-10-21 22:59:42,774 DEBUG epoch [42/50], train_loss 0.0192 (0.0178), val_loss 0.0189 (0.0190)
2024-10-21 22:59:43,663 DEBUG epoch [43/50], train_loss 0.0201 (0.0176), val_loss 0.0192 (0.0188)
2024-10-21 22:59:44,571 DEBUG epoch [44/50], train_loss 0.0179 (0.0176), val_loss 0.0179 (0.0183)
2024-10-21 22:59:45,504 DEBUG epoch [45/50], train_loss 0.0155 (0.0176), val_loss 0.0191 (0.0186)
2024-10-21 22:59:46,432 DEBUG epoch [46/50], train_loss 0.0195 (0.0174), val_loss 0.0185 (0.0189)
2024-10-21 22:59:47,316 DEBUG epoch [47/50], train_loss 0.0199 (0.0175), val_loss 0.0189 (0.0184)
2024-10-21 22:59:48,183 DEBUG epoch [48/50], train_loss 0.0192 (0.0173), val_loss 0.0179 (0.0184)
2024-10-21 22:59:49,113 DEBUG epoch [49/50], train_loss 0.0160 (0.0172), val_loss 0.0186 (0.0182)
2024-10-21 22:59:50,053 DEBUG epoch [50/50], train_loss 0.0198 (0.0173), val_loss 0.0181 (0.0183)
2024-10-21 22:59:50,054 DEBUG Best Validation Loss is 0.01780567690730095
2024-10-21 22:59:50,302 DEBUG MSE Loss on ALL Image is 0.0182 (Real Attack Results on the Target Client)
2024-10-21 22:59:50,302 DEBUG SSIM Loss on ALL Image is 0.6373 (Real Attack Results on the Target Client)
2024-10-21 22:59:50,302 DEBUG PSNR Loss on ALL Image is 17.3958 (Real Attack Results on the Target Client)
