2024-10-15 13:50:45,944 DEBUG Generating IR ...... (may take a while)
2024-10-15 13:50:47,626 DEBUG run the attack for training time
2024-10-15 13:50:50,660 DEBUG epoch [1/50], train_loss 0.0109 (0.0149), val_loss 0.0114 (0.0105)
2024-10-15 13:50:53,506 DEBUG epoch [2/50], train_loss 0.0098 (0.0100), val_loss 0.0125 (0.0099)
2024-10-15 13:50:56,351 DEBUG epoch [3/50], train_loss 0.0097 (0.0096), val_loss 0.0104 (0.0097)
2024-10-15 13:50:59,165 DEBUG epoch [4/50], train_loss 0.0105 (0.0094), val_loss 0.0114 (0.0094)
2024-10-15 13:51:01,976 DEBUG epoch [5/50], train_loss 0.0098 (0.0093), val_loss 0.0104 (0.0093)
2024-10-15 13:51:04,787 DEBUG epoch [6/50], train_loss 0.0098 (0.0092), val_loss 0.0103 (0.0092)
2024-10-15 13:51:07,577 DEBUG epoch [7/50], train_loss 0.0098 (0.0091), val_loss 0.0113 (0.0093)
2024-10-15 13:51:10,375 DEBUG epoch [8/50], train_loss 0.0100 (0.0090), val_loss 0.0123 (0.0092)
2024-10-15 13:51:13,186 DEBUG epoch [9/50], train_loss 0.0086 (0.0090), val_loss 0.0104 (0.0090)
2024-10-15 13:51:16,031 DEBUG epoch [10/50], train_loss 0.0093 (0.0089), val_loss 0.0123 (0.0093)
2024-10-15 13:51:18,822 DEBUG epoch [11/50], train_loss 0.0094 (0.0088), val_loss 0.0109 (0.0091)
2024-10-15 13:51:21,643 DEBUG epoch [12/50], train_loss 0.0087 (0.0088), val_loss 0.0094 (0.0088)
2024-10-15 13:51:24,451 DEBUG epoch [13/50], train_loss 0.0097 (0.0088), val_loss 0.0090 (0.0090)
2024-10-15 13:51:27,237 DEBUG epoch [14/50], train_loss 0.0092 (0.0088), val_loss 0.0081 (0.0090)
2024-10-15 13:51:30,034 DEBUG epoch [15/50], train_loss 0.0092 (0.0087), val_loss 0.0104 (0.0088)
2024-10-15 13:51:32,832 DEBUG epoch [16/50], train_loss 0.0095 (0.0087), val_loss 0.0078 (0.0087)
2024-10-15 13:51:35,637 DEBUG epoch [17/50], train_loss 0.0087 (0.0087), val_loss 0.0091 (0.0086)
2024-10-15 13:51:38,452 DEBUG epoch [18/50], train_loss 0.0087 (0.0086), val_loss 0.0133 (0.0087)
2024-10-15 13:51:41,299 DEBUG epoch [19/50], train_loss 0.0096 (0.0086), val_loss 0.0099 (0.0088)
2024-10-15 13:51:44,148 DEBUG epoch [20/50], train_loss 0.0096 (0.0086), val_loss 0.0079 (0.0087)
2024-10-15 13:51:47,103 DEBUG epoch [21/50], train_loss 0.0086 (0.0085), val_loss 0.0089 (0.0087)
2024-10-15 13:51:49,947 DEBUG epoch [22/50], train_loss 0.0087 (0.0085), val_loss 0.0088 (0.0086)
2024-10-15 13:51:52,799 DEBUG epoch [23/50], train_loss 0.0082 (0.0085), val_loss 0.0079 (0.0085)
2024-10-15 13:51:55,606 DEBUG epoch [24/50], train_loss 0.0102 (0.0085), val_loss 0.0102 (0.0087)
2024-10-15 13:51:58,459 DEBUG epoch [25/50], train_loss 0.0091 (0.0084), val_loss 0.0101 (0.0085)
2024-10-15 13:52:01,292 DEBUG epoch [26/50], train_loss 0.0076 (0.0084), val_loss 0.0095 (0.0085)
2024-10-15 13:52:04,096 DEBUG epoch [27/50], train_loss 0.0084 (0.0083), val_loss 0.0102 (0.0084)
2024-10-15 13:52:06,903 DEBUG epoch [28/50], train_loss 0.0077 (0.0083), val_loss 0.0103 (0.0084)
2024-10-15 13:52:09,880 DEBUG epoch [29/50], train_loss 0.0089 (0.0083), val_loss 0.0089 (0.0083)
2024-10-15 13:52:12,736 DEBUG epoch [30/50], train_loss 0.0087 (0.0082), val_loss 0.0090 (0.0083)
2024-10-15 13:52:15,613 DEBUG epoch [31/50], train_loss 0.0086 (0.0082), val_loss 0.0086 (0.0083)
2024-10-15 13:52:18,488 DEBUG epoch [32/50], train_loss 0.0078 (0.0081), val_loss 0.0080 (0.0082)
2024-10-15 13:52:21,283 DEBUG epoch [33/50], train_loss 0.0078 (0.0081), val_loss 0.0132 (0.0081)
2024-10-15 13:52:24,078 DEBUG epoch [34/50], train_loss 0.0079 (0.0081), val_loss 0.0101 (0.0082)
2024-10-15 13:52:26,889 DEBUG epoch [35/50], train_loss 0.0089 (0.0080), val_loss 0.0110 (0.0081)
2024-10-15 13:52:29,713 DEBUG epoch [36/50], train_loss 0.0079 (0.0079), val_loss 0.0090 (0.0081)
2024-10-15 13:52:32,500 DEBUG epoch [37/50], train_loss 0.0079 (0.0079), val_loss 0.0081 (0.0080)
2024-10-15 13:52:35,362 DEBUG epoch [38/50], train_loss 0.0079 (0.0079), val_loss 0.0098 (0.0080)
2024-10-15 13:52:38,174 DEBUG epoch [39/50], train_loss 0.0082 (0.0078), val_loss 0.0080 (0.0079)
2024-10-15 13:52:41,030 DEBUG epoch [40/50], train_loss 0.0090 (0.0078), val_loss 0.0072 (0.0079)
2024-10-15 13:52:43,863 DEBUG epoch [41/50], train_loss 0.0092 (0.0077), val_loss 0.0082 (0.0078)
2024-10-15 13:52:46,641 DEBUG epoch [42/50], train_loss 0.0089 (0.0077), val_loss 0.0079 (0.0078)
2024-10-15 13:52:49,547 DEBUG epoch [43/50], train_loss 0.0072 (0.0076), val_loss 0.0081 (0.0078)
2024-10-15 13:52:52,387 DEBUG epoch [44/50], train_loss 0.0075 (0.0076), val_loss 0.0084 (0.0077)
2024-10-15 13:52:55,247 DEBUG epoch [45/50], train_loss 0.0084 (0.0076), val_loss 0.0083 (0.0077)
2024-10-15 13:52:58,061 DEBUG epoch [46/50], train_loss 0.0084 (0.0075), val_loss 0.0082 (0.0077)
2024-10-15 13:53:00,886 DEBUG epoch [47/50], train_loss 0.0075 (0.0075), val_loss 0.0072 (0.0077)
2024-10-15 13:53:03,789 DEBUG epoch [48/50], train_loss 0.0075 (0.0075), val_loss 0.0099 (0.0077)
2024-10-15 13:53:06,607 DEBUG epoch [49/50], train_loss 0.0077 (0.0074), val_loss 0.0125 (0.0077)
2024-10-15 13:53:09,488 DEBUG epoch [50/50], train_loss 0.0076 (0.0074), val_loss 0.0093 (0.0076)
2024-10-15 13:53:09,488 DEBUG Best Validation Loss is 0.006956008728593588
2024-10-15 13:53:09,893 DEBUG MSE Loss on ALL Image is 0.0075 (Real Attack Results on the Target Client)
2024-10-15 13:53:09,894 DEBUG SSIM Loss on ALL Image is 0.7835 (Real Attack Results on the Target Client)
2024-10-15 13:53:09,894 DEBUG PSNR Loss on ALL Image is 21.2297 (Real Attack Results on the Target Client)
2024-10-15 13:53:09,894 DEBUG run the attack for inference time
2024-10-15 13:53:10,832 DEBUG epoch [1/50], train_loss 0.0200 (0.0344), val_loss 0.0188 (0.0183)
2024-10-15 13:53:11,692 DEBUG epoch [2/50], train_loss 0.0132 (0.0153), val_loss 0.0137 (0.0134)
2024-10-15 13:53:12,565 DEBUG epoch [3/50], train_loss 0.0111 (0.0125), val_loss 0.0119 (0.0117)
2024-10-15 13:53:13,422 DEBUG epoch [4/50], train_loss 0.0119 (0.0114), val_loss 0.0106 (0.0108)
2024-10-15 13:53:14,302 DEBUG epoch [5/50], train_loss 0.0102 (0.0108), val_loss 0.0110 (0.0110)
2024-10-15 13:53:15,151 DEBUG epoch [6/50], train_loss 0.0105 (0.0105), val_loss 0.0109 (0.0104)
2024-10-15 13:53:15,972 DEBUG epoch [7/50], train_loss 0.0104 (0.0101), val_loss 0.0106 (0.0106)
2024-10-15 13:53:16,807 DEBUG epoch [8/50], train_loss 0.0095 (0.0100), val_loss 0.0106 (0.0101)
2024-10-15 13:53:17,674 DEBUG epoch [9/50], train_loss 0.0097 (0.0098), val_loss 0.0102 (0.0100)
2024-10-15 13:53:18,601 DEBUG epoch [10/50], train_loss 0.0098 (0.0097), val_loss 0.0103 (0.0097)
2024-10-15 13:53:19,471 DEBUG epoch [11/50], train_loss 0.0100 (0.0096), val_loss 0.0094 (0.0098)
2024-10-15 13:53:20,283 DEBUG epoch [12/50], train_loss 0.0106 (0.0095), val_loss 0.0100 (0.0099)
2024-10-15 13:53:21,099 DEBUG epoch [13/50], train_loss 0.0105 (0.0094), val_loss 0.0096 (0.0098)
2024-10-15 13:53:21,923 DEBUG epoch [14/50], train_loss 0.0109 (0.0094), val_loss 0.0096 (0.0100)
2024-10-15 13:53:22,748 DEBUG epoch [15/50], train_loss 0.0101 (0.0093), val_loss 0.0099 (0.0099)
2024-10-15 13:53:23,661 DEBUG epoch [16/50], train_loss 0.0114 (0.0094), val_loss 0.0092 (0.0097)
2024-10-15 13:53:24,510 DEBUG epoch [17/50], train_loss 0.0117 (0.0092), val_loss 0.0091 (0.0096)
2024-10-15 13:53:25,323 DEBUG epoch [18/50], train_loss 0.0098 (0.0091), val_loss 0.0094 (0.0093)
2024-10-15 13:53:26,229 DEBUG epoch [19/50], train_loss 0.0087 (0.0090), val_loss 0.0095 (0.0093)
2024-10-15 13:53:27,113 DEBUG epoch [20/50], train_loss 0.0094 (0.0090), val_loss 0.0095 (0.0094)
2024-10-15 13:53:28,009 DEBUG epoch [21/50], train_loss 0.0098 (0.0089), val_loss 0.0098 (0.0093)
2024-10-15 13:53:28,901 DEBUG epoch [22/50], train_loss 0.0110 (0.0089), val_loss 0.0090 (0.0093)
2024-10-15 13:53:29,771 DEBUG epoch [23/50], train_loss 0.0108 (0.0089), val_loss 0.0090 (0.0092)
2024-10-15 13:53:30,634 DEBUG epoch [24/50], train_loss 0.0091 (0.0088), val_loss 0.0087 (0.0090)
2024-10-15 13:53:31,497 DEBUG epoch [25/50], train_loss 0.0087 (0.0088), val_loss 0.0090 (0.0090)
2024-10-15 13:53:32,371 DEBUG epoch [26/50], train_loss 0.0087 (0.0087), val_loss 0.0093 (0.0089)
2024-10-15 13:53:33,301 DEBUG epoch [27/50], train_loss 0.0094 (0.0086), val_loss 0.0090 (0.0089)
2024-10-15 13:53:34,145 DEBUG epoch [28/50], train_loss 0.0078 (0.0086), val_loss 0.0092 (0.0091)
2024-10-15 13:53:35,021 DEBUG epoch [29/50], train_loss 0.0092 (0.0085), val_loss 0.0087 (0.0089)
2024-10-15 13:53:35,911 DEBUG epoch [30/50], train_loss 0.0083 (0.0084), val_loss 0.0094 (0.0089)
2024-10-15 13:53:36,786 DEBUG epoch [31/50], train_loss 0.0102 (0.0084), val_loss 0.0089 (0.0088)
2024-10-15 13:53:37,625 DEBUG epoch [32/50], train_loss 0.0093 (0.0084), val_loss 0.0087 (0.0088)
2024-10-15 13:53:38,488 DEBUG epoch [33/50], train_loss 0.0083 (0.0083), val_loss 0.0089 (0.0087)
2024-10-15 13:53:39,338 DEBUG epoch [34/50], train_loss 0.0087 (0.0082), val_loss 0.0088 (0.0087)
2024-10-15 13:53:40,217 DEBUG epoch [35/50], train_loss 0.0082 (0.0082), val_loss 0.0085 (0.0086)
2024-10-15 13:53:41,103 DEBUG epoch [36/50], train_loss 0.0083 (0.0081), val_loss 0.0085 (0.0086)
2024-10-15 13:53:41,977 DEBUG epoch [37/50], train_loss 0.0082 (0.0081), val_loss 0.0086 (0.0086)
2024-10-15 13:53:42,854 DEBUG epoch [38/50], train_loss 0.0083 (0.0080), val_loss 0.0089 (0.0085)
2024-10-15 13:53:43,743 DEBUG epoch [39/50], train_loss 0.0095 (0.0080), val_loss 0.0081 (0.0085)
2024-10-15 13:53:44,602 DEBUG epoch [40/50], train_loss 0.0082 (0.0079), val_loss 0.0086 (0.0086)
2024-10-15 13:53:45,431 DEBUG epoch [41/50], train_loss 0.0073 (0.0079), val_loss 0.0083 (0.0084)
2024-10-15 13:53:46,316 DEBUG epoch [42/50], train_loss 0.0085 (0.0078), val_loss 0.0086 (0.0084)
2024-10-15 13:53:47,182 DEBUG epoch [43/50], train_loss 0.0098 (0.0077), val_loss 0.0088 (0.0086)
2024-10-15 13:53:48,047 DEBUG epoch [44/50], train_loss 0.0079 (0.0077), val_loss 0.0082 (0.0083)
2024-10-15 13:53:48,922 DEBUG epoch [45/50], train_loss 0.0065 (0.0076), val_loss 0.0086 (0.0084)
2024-10-15 13:53:49,744 DEBUG epoch [46/50], train_loss 0.0086 (0.0076), val_loss 0.0081 (0.0084)
2024-10-15 13:53:50,609 DEBUG epoch [47/50], train_loss 0.0081 (0.0075), val_loss 0.0083 (0.0083)
2024-10-15 13:53:51,460 DEBUG epoch [48/50], train_loss 0.0079 (0.0075), val_loss 0.0081 (0.0083)
2024-10-15 13:53:52,301 DEBUG epoch [49/50], train_loss 0.0072 (0.0075), val_loss 0.0087 (0.0083)
2024-10-15 13:53:53,217 DEBUG epoch [50/50], train_loss 0.0097 (0.0075), val_loss 0.0082 (0.0083)
2024-10-15 13:53:53,217 DEBUG Best Validation Loss is 0.007797123398631811
2024-10-15 13:53:53,441 DEBUG MSE Loss on ALL Image is 0.0082 (Real Attack Results on the Target Client)
2024-10-15 13:53:53,441 DEBUG SSIM Loss on ALL Image is 0.7696 (Real Attack Results on the Target Client)
2024-10-15 13:53:53,441 DEBUG PSNR Loss on ALL Image is 20.8448 (Real Attack Results on the Target Client)
