2024-07-25 16:21:48,356 DEBUG Generating IR ...... (may take a while)
2024-07-25 16:22:01,828 DEBUG epoch [1/30], train_loss 0.0246 (0.0487), val_loss 0.0253 (0.0249)
2024-07-25 16:22:02,755 DEBUG epoch [2/30], train_loss 0.0177 (0.0210), val_loss 0.0185 (0.0181)
2024-07-25 16:22:03,652 DEBUG epoch [3/30], train_loss 0.0144 (0.0165), val_loss 0.0151 (0.0148)
2024-07-25 16:22:04,629 DEBUG epoch [4/30], train_loss 0.0128 (0.0141), val_loss 0.0135 (0.0133)
2024-07-25 16:22:05,490 DEBUG epoch [5/30], train_loss 0.0120 (0.0129), val_loss 0.0126 (0.0124)
2024-07-25 16:22:06,360 DEBUG epoch [6/30], train_loss 0.0114 (0.0121), val_loss 0.0119 (0.0118)
2024-07-25 16:22:07,209 DEBUG epoch [7/30], train_loss 0.0111 (0.0116), val_loss 0.0115 (0.0113)
2024-07-25 16:22:08,085 DEBUG epoch [8/30], train_loss 0.0106 (0.0112), val_loss 0.0112 (0.0110)
2024-07-25 16:22:08,944 DEBUG epoch [9/30], train_loss 0.0102 (0.0108), val_loss 0.0109 (0.0107)
2024-07-25 16:22:09,898 DEBUG epoch [10/30], train_loss 0.0100 (0.0106), val_loss 0.0106 (0.0105)
2024-07-25 16:22:10,728 DEBUG epoch [11/30], train_loss 0.0098 (0.0103), val_loss 0.0104 (0.0102)
2024-07-25 16:22:11,613 DEBUG epoch [12/30], train_loss 0.0096 (0.0101), val_loss 0.0103 (0.0101)
2024-07-25 16:22:12,475 DEBUG epoch [13/30], train_loss 0.0094 (0.0099), val_loss 0.0101 (0.0099)
2024-07-25 16:22:13,315 DEBUG epoch [14/30], train_loss 0.0092 (0.0098), val_loss 0.0100 (0.0098)
2024-07-25 16:22:14,176 DEBUG epoch [15/30], train_loss 0.0091 (0.0096), val_loss 0.0098 (0.0097)
2024-07-25 16:22:15,065 DEBUG epoch [16/30], train_loss 0.0090 (0.0095), val_loss 0.0098 (0.0096)
2024-07-25 16:22:15,915 DEBUG epoch [17/30], train_loss 0.0089 (0.0094), val_loss 0.0097 (0.0096)
2024-07-25 16:22:16,801 DEBUG epoch [18/30], train_loss 0.0088 (0.0093), val_loss 0.0096 (0.0095)
2024-07-25 16:22:17,627 DEBUG epoch [19/30], train_loss 0.0088 (0.0093), val_loss 0.0096 (0.0094)
2024-07-25 16:22:18,604 DEBUG epoch [20/30], train_loss 0.0087 (0.0092), val_loss 0.0095 (0.0094)
2024-07-25 16:22:19,455 DEBUG epoch [21/30], train_loss 0.0087 (0.0092), val_loss 0.0095 (0.0093)
2024-07-25 16:22:20,329 DEBUG epoch [22/30], train_loss 0.0086 (0.0091), val_loss 0.0095 (0.0093)
2024-07-25 16:22:21,187 DEBUG epoch [23/30], train_loss 0.0086 (0.0091), val_loss 0.0095 (0.0093)
2024-07-25 16:22:22,045 DEBUG epoch [24/30], train_loss 0.0086 (0.0091), val_loss 0.0095 (0.0093)
2024-07-25 16:22:22,905 DEBUG epoch [25/30], train_loss 0.0086 (0.0090), val_loss 0.0094 (0.0092)
2024-07-25 16:22:23,737 DEBUG epoch [26/30], train_loss 0.0085 (0.0090), val_loss 0.0093 (0.0092)
2024-07-25 16:22:24,566 DEBUG epoch [27/30], train_loss 0.0085 (0.0090), val_loss 0.0094 (0.0092)
2024-07-25 16:22:25,418 DEBUG epoch [28/30], train_loss 0.0085 (0.0090), val_loss 0.0093 (0.0092)
2024-07-25 16:22:26,302 DEBUG epoch [29/30], train_loss 0.0085 (0.0090), val_loss 0.0094 (0.0092)
2024-07-25 16:22:27,272 DEBUG epoch [30/30], train_loss 0.0085 (0.0090), val_loss 0.0094 (0.0092)
2024-07-25 16:22:27,273 DEBUG Best Validation Loss is 0.009099137037992477
2024-07-25 16:22:27,493 DEBUG MSE Loss on ALL Image is 0.0092 (Real Attack Results on the Target Client)
2024-07-25 16:22:27,494 DEBUG SSIM Loss on ALL Image is 0.7250 (Real Attack Results on the Target Client)
2024-07-25 16:22:27,494 DEBUG PSNR Loss on ALL Image is 20.3835 (Real Attack Results on the Target Client)
2024-07-25 16:55:23,559 DEBUG Generating IR ...... (may take a while)
2024-07-25 16:55:25,356 DEBUG run the attack for training time
2024-07-25 16:55:28,576 DEBUG epoch [1/50], train_loss 0.0366 (0.0470), val_loss 0.0372 (0.0383)
2024-07-25 16:55:31,526 DEBUG epoch [2/50], train_loss 0.0343 (0.0357), val_loss 0.0442 (0.0345)
2024-07-25 16:55:34,600 DEBUG epoch [3/50], train_loss 0.0327 (0.0324), val_loss 0.0265 (0.0329)
2024-07-25 16:55:37,678 DEBUG epoch [4/50], train_loss 0.0321 (0.0304), val_loss 0.0252 (0.0311)
2024-07-25 16:55:40,667 DEBUG epoch [5/50], train_loss 0.0279 (0.0293), val_loss 0.0427 (0.0304)
2024-07-25 16:55:43,528 DEBUG epoch [6/50], train_loss 0.0264 (0.0285), val_loss 0.0558 (0.0297)
2024-07-25 16:55:46,293 DEBUG epoch [7/50], train_loss 0.0283 (0.0277), val_loss 0.0351 (0.0290)
2024-07-25 16:55:49,127 DEBUG epoch [8/50], train_loss 0.0275 (0.0271), val_loss 0.0255 (0.0289)
2024-07-25 16:55:51,896 DEBUG epoch [9/50], train_loss 0.0309 (0.0264), val_loss 0.0274 (0.0286)
2024-07-25 16:55:54,816 DEBUG epoch [10/50], train_loss 0.0288 (0.0261), val_loss 0.0368 (0.0281)
2024-07-25 16:55:57,690 DEBUG epoch [11/50], train_loss 0.0232 (0.0258), val_loss 0.0329 (0.0280)
2024-07-25 16:56:00,670 DEBUG epoch [12/50], train_loss 0.0257 (0.0255), val_loss 0.0280 (0.0278)
2024-07-25 16:56:03,494 DEBUG epoch [13/50], train_loss 0.0262 (0.0252), val_loss 0.0321 (0.0276)
2024-07-25 16:56:06,344 DEBUG epoch [14/50], train_loss 0.0258 (0.0246), val_loss 0.0315 (0.0281)
2024-07-25 16:56:09,192 DEBUG epoch [15/50], train_loss 0.0264 (0.0246), val_loss 0.0497 (0.0275)
2024-07-25 16:56:12,087 DEBUG epoch [16/50], train_loss 0.0256 (0.0239), val_loss 0.0353 (0.0269)
2024-07-25 16:56:15,004 DEBUG epoch [17/50], train_loss 0.0260 (0.0239), val_loss 0.0299 (0.0268)
2024-07-25 16:56:17,869 DEBUG epoch [18/50], train_loss 0.0256 (0.0234), val_loss 0.0448 (0.0272)
2024-07-25 16:56:20,791 DEBUG epoch [19/50], train_loss 0.0235 (0.0231), val_loss 0.0283 (0.0266)
2024-07-25 16:56:23,632 DEBUG epoch [20/50], train_loss 0.0281 (0.0227), val_loss 0.0294 (0.0267)
2024-07-25 16:56:26,508 DEBUG epoch [21/50], train_loss 0.0239 (0.0226), val_loss 0.0324 (0.0270)
2024-07-25 16:56:29,357 DEBUG epoch [22/50], train_loss 0.0241 (0.0224), val_loss 0.0293 (0.0259)
2024-07-25 16:56:32,313 DEBUG epoch [23/50], train_loss 0.0240 (0.0219), val_loss 0.0299 (0.0261)
2024-07-25 16:56:35,224 DEBUG epoch [24/50], train_loss 0.0224 (0.0214), val_loss 0.0405 (0.0257)
2024-07-25 16:56:38,097 DEBUG epoch [25/50], train_loss 0.0216 (0.0218), val_loss 0.0249 (0.0259)
2024-07-25 16:56:40,938 DEBUG epoch [26/50], train_loss 0.0196 (0.0209), val_loss 0.0286 (0.0251)
2024-07-25 16:56:43,872 DEBUG epoch [27/50], train_loss 0.0202 (0.0206), val_loss 0.0267 (0.0251)
2024-07-25 16:56:46,854 DEBUG epoch [28/50], train_loss 0.0237 (0.0202), val_loss 0.0249 (0.0252)
2024-07-25 16:56:49,684 DEBUG epoch [29/50], train_loss 0.0212 (0.0198), val_loss 0.0362 (0.0249)
2024-07-25 16:56:52,683 DEBUG epoch [30/50], train_loss 0.0226 (0.0194), val_loss 0.0206 (0.0247)
2024-07-25 16:56:55,547 DEBUG epoch [31/50], train_loss 0.0204 (0.0191), val_loss 0.0368 (0.0254)
2024-07-25 16:56:58,324 DEBUG epoch [32/50], train_loss 0.0175 (0.0188), val_loss 0.0231 (0.0244)
2024-07-25 16:57:01,179 DEBUG epoch [33/50], train_loss 0.0181 (0.0185), val_loss 0.0405 (0.0245)
2024-07-25 16:57:04,105 DEBUG epoch [34/50], train_loss 0.0185 (0.0180), val_loss 0.0356 (0.0246)
2024-07-25 16:57:07,001 DEBUG epoch [35/50], train_loss 0.0182 (0.0178), val_loss 0.0231 (0.0246)
2024-07-25 16:57:09,811 DEBUG epoch [36/50], train_loss 0.0178 (0.0174), val_loss 0.0272 (0.0239)
2024-07-25 16:57:12,649 DEBUG epoch [37/50], train_loss 0.0168 (0.0170), val_loss 0.0258 (0.0242)
2024-07-25 16:57:15,520 DEBUG epoch [38/50], train_loss 0.0183 (0.0168), val_loss 0.0243 (0.0241)
2024-07-25 16:57:18,332 DEBUG epoch [39/50], train_loss 0.0177 (0.0165), val_loss 0.0186 (0.0238)
2024-07-25 16:57:21,263 DEBUG epoch [40/50], train_loss 0.0171 (0.0161), val_loss 0.0320 (0.0241)
2024-07-25 16:57:24,144 DEBUG epoch [41/50], train_loss 0.0162 (0.0159), val_loss 0.0273 (0.0241)
2024-07-25 16:57:26,971 DEBUG epoch [42/50], train_loss 0.0158 (0.0157), val_loss 0.0288 (0.0240)
2024-07-25 16:57:29,883 DEBUG epoch [43/50], train_loss 0.0171 (0.0154), val_loss 0.0300 (0.0239)
2024-07-25 16:57:32,740 DEBUG epoch [44/50], train_loss 0.0157 (0.0152), val_loss 0.0321 (0.0241)
2024-07-25 16:57:35,592 DEBUG epoch [45/50], train_loss 0.0147 (0.0151), val_loss 0.0252 (0.0240)
2024-07-25 16:57:38,551 DEBUG epoch [46/50], train_loss 0.0148 (0.0149), val_loss 0.0265 (0.0240)
2024-07-25 16:57:41,404 DEBUG epoch [47/50], train_loss 0.0168 (0.0148), val_loss 0.0291 (0.0239)
2024-07-25 16:57:44,197 DEBUG epoch [48/50], train_loss 0.0150 (0.0147), val_loss 0.0245 (0.0241)
2024-07-25 16:57:47,034 DEBUG epoch [49/50], train_loss 0.0149 (0.0146), val_loss 0.0268 (0.0240)
2024-07-25 16:57:50,009 DEBUG epoch [50/50], train_loss 0.0169 (0.0146), val_loss 0.0271 (0.0240)
2024-07-25 16:57:50,009 DEBUG Best Validation Loss is 0.018573923036456108
2024-07-25 16:57:50,430 DEBUG MSE Loss on ALL Image is 0.0238 (Real Attack Results on the Target Client)
2024-07-25 16:57:50,430 DEBUG SSIM Loss on ALL Image is 0.5952 (Real Attack Results on the Target Client)
2024-07-25 16:57:50,430 DEBUG PSNR Loss on ALL Image is 16.2356 (Real Attack Results on the Target Client)
2024-07-25 16:57:50,431 DEBUG run the attack for inference time
2024-07-25 16:57:51,396 DEBUG epoch [1/50], train_loss 0.0554 (0.0597), val_loss 0.0526 (0.0530)
2024-07-25 16:57:52,243 DEBUG epoch [2/50], train_loss 0.0648 (0.0499), val_loss 0.0498 (0.0498)
2024-07-25 16:57:53,119 DEBUG epoch [3/50], train_loss 0.0509 (0.0458), val_loss 0.0441 (0.0454)
2024-07-25 16:57:54,005 DEBUG epoch [4/50], train_loss 0.0397 (0.0418), val_loss 0.0450 (0.0429)
2024-07-25 16:57:54,884 DEBUG epoch [5/50], train_loss 0.0341 (0.0387), val_loss 0.0392 (0.0405)
2024-07-25 16:57:55,701 DEBUG epoch [6/50], train_loss 0.0383 (0.0366), val_loss 0.0399 (0.0397)
2024-07-25 16:57:56,550 DEBUG epoch [7/50], train_loss 0.0344 (0.0346), val_loss 0.0388 (0.0397)
2024-07-25 16:57:57,410 DEBUG epoch [8/50], train_loss 0.0291 (0.0333), val_loss 0.0399 (0.0393)
2024-07-25 16:57:58,300 DEBUG epoch [9/50], train_loss 0.0323 (0.0308), val_loss 0.0375 (0.0369)
2024-07-25 16:57:59,178 DEBUG epoch [10/50], train_loss 0.0294 (0.0292), val_loss 0.0354 (0.0365)
2024-07-25 16:58:00,072 DEBUG epoch [11/50], train_loss 0.0281 (0.0285), val_loss 0.0364 (0.0373)
2024-07-25 16:58:00,891 DEBUG epoch [12/50], train_loss 0.0310 (0.0273), val_loss 0.0378 (0.0373)
2024-07-25 16:58:01,734 DEBUG epoch [13/50], train_loss 0.0282 (0.0257), val_loss 0.0387 (0.0372)
2024-07-25 16:58:02,578 DEBUG epoch [14/50], train_loss 0.0248 (0.0257), val_loss 0.0374 (0.0385)
2024-07-25 16:58:03,396 DEBUG epoch [15/50], train_loss 0.0297 (0.0242), val_loss 0.0358 (0.0365)
2024-07-25 16:58:04,244 DEBUG epoch [16/50], train_loss 0.0297 (0.0237), val_loss 0.0376 (0.0372)
2024-07-25 16:58:05,064 DEBUG epoch [17/50], train_loss 0.0258 (0.0237), val_loss 0.0383 (0.0357)
2024-07-25 16:58:05,964 DEBUG epoch [18/50], train_loss 0.0261 (0.0221), val_loss 0.0365 (0.0357)
2024-07-25 16:58:06,814 DEBUG epoch [19/50], train_loss 0.0226 (0.0215), val_loss 0.0353 (0.0356)
2024-07-25 16:58:07,662 DEBUG epoch [20/50], train_loss 0.0209 (0.0204), val_loss 0.0334 (0.0355)
2024-07-25 16:58:08,584 DEBUG epoch [21/50], train_loss 0.0215 (0.0196), val_loss 0.0344 (0.0356)
2024-07-25 16:58:09,425 DEBUG epoch [22/50], train_loss 0.0189 (0.0190), val_loss 0.0342 (0.0346)
2024-07-25 16:58:10,252 DEBUG epoch [23/50], train_loss 0.0166 (0.0183), val_loss 0.0327 (0.0352)
2024-07-25 16:58:11,103 DEBUG epoch [24/50], train_loss 0.0175 (0.0176), val_loss 0.0359 (0.0353)
2024-07-25 16:58:11,975 DEBUG epoch [25/50], train_loss 0.0188 (0.0173), val_loss 0.0346 (0.0351)
2024-07-25 16:58:12,804 DEBUG epoch [26/50], train_loss 0.0153 (0.0167), val_loss 0.0340 (0.0360)
2024-07-25 16:58:13,632 DEBUG epoch [27/50], train_loss 0.0195 (0.0160), val_loss 0.0353 (0.0358)
2024-07-25 16:58:14,529 DEBUG epoch [28/50], train_loss 0.0164 (0.0160), val_loss 0.0359 (0.0353)
2024-07-25 16:58:15,418 DEBUG epoch [29/50], train_loss 0.0143 (0.0157), val_loss 0.0355 (0.0353)
2024-07-25 16:58:16,261 DEBUG epoch [30/50], train_loss 0.0149 (0.0148), val_loss 0.0349 (0.0360)
2024-07-25 16:58:17,152 DEBUG epoch [31/50], train_loss 0.0155 (0.0143), val_loss 0.0343 (0.0348)
2024-07-25 16:58:18,072 DEBUG epoch [32/50], train_loss 0.0135 (0.0140), val_loss 0.0335 (0.0361)
2024-07-25 16:58:18,931 DEBUG epoch [33/50], train_loss 0.0136 (0.0136), val_loss 0.0360 (0.0360)
2024-07-25 16:58:19,779 DEBUG epoch [34/50], train_loss 0.0155 (0.0132), val_loss 0.0388 (0.0364)
2024-07-25 16:58:20,608 DEBUG epoch [35/50], train_loss 0.0137 (0.0129), val_loss 0.0362 (0.0367)
2024-07-25 16:58:21,460 DEBUG epoch [36/50], train_loss 0.0159 (0.0126), val_loss 0.0374 (0.0370)
2024-07-25 16:58:22,312 DEBUG epoch [37/50], train_loss 0.0137 (0.0122), val_loss 0.0358 (0.0363)
2024-07-25 16:58:23,158 DEBUG epoch [38/50], train_loss 0.0128 (0.0118), val_loss 0.0384 (0.0363)
2024-07-25 16:58:24,003 DEBUG epoch [39/50], train_loss 0.0125 (0.0115), val_loss 0.0341 (0.0364)
2024-07-25 16:58:24,876 DEBUG epoch [40/50], train_loss 0.0113 (0.0112), val_loss 0.0366 (0.0367)
2024-07-25 16:58:25,738 DEBUG epoch [41/50], train_loss 0.0125 (0.0110), val_loss 0.0394 (0.0370)
2024-07-25 16:58:26,559 DEBUG epoch [42/50], train_loss 0.0119 (0.0108), val_loss 0.0360 (0.0366)
2024-07-25 16:58:27,414 DEBUG epoch [43/50], train_loss 0.0124 (0.0106), val_loss 0.0380 (0.0372)
2024-07-25 16:58:28,272 DEBUG epoch [44/50], train_loss 0.0128 (0.0104), val_loss 0.0373 (0.0372)
2024-07-25 16:58:29,093 DEBUG epoch [45/50], train_loss 0.0116 (0.0103), val_loss 0.0364 (0.0367)
2024-07-25 16:58:29,945 DEBUG epoch [46/50], train_loss 0.0107 (0.0101), val_loss 0.0384 (0.0373)
2024-07-25 16:58:30,784 DEBUG epoch [47/50], train_loss 0.0101 (0.0101), val_loss 0.0390 (0.0375)
2024-07-25 16:58:31,665 DEBUG epoch [48/50], train_loss 0.0128 (0.0100), val_loss 0.0360 (0.0374)
2024-07-25 16:58:32,529 DEBUG epoch [49/50], train_loss 0.0099 (0.0100), val_loss 0.0360 (0.0369)
2024-07-25 16:58:33,401 DEBUG epoch [50/50], train_loss 0.0114 (0.0099), val_loss 0.0359 (0.0368)
2024-07-25 16:58:33,401 DEBUG Best Validation Loss is 0.032552510499954224
2024-07-25 16:58:33,627 DEBUG MSE Loss on ALL Image is 0.0351 (Real Attack Results on the Target Client)
2024-07-25 16:58:33,628 DEBUG SSIM Loss on ALL Image is 0.5212 (Real Attack Results on the Target Client)
2024-07-25 16:58:33,628 DEBUG PSNR Loss on ALL Image is 14.5474 (Real Attack Results on the Target Client)
